1 125
1 130
2 132
3 133
4 134
5 134
6 135
7 137
8 137
9 137
10 138
11 139
12 141
13 142
14 143
15 144
16 144
17 145
18 145
19 145
20 146
21 146
22 147
23 148
24 148
25 148
26 148
27 148
28 149
29 150
30 150
31 151
32 151
33 152
34 152
35 153
36 152
37 153
38 154
39 154
40 156
41 156
42 156
43 157
44 157
45 158
46 157
47 158
48 159
49 159
50 160
51 160
52 160
53 161
54 162
55 163
56 162
57 162
58 163
59 163
60 164
61 164
62 165
63 165
64 166
65 166
66 167
67 167
68 168
69 168
70 168
71 169
72 169
73 170
74 169
75 170
76 170
77 171
78 172
79 172
80 173
81 173
82 174
83 173
84 173
85 174
86 175
87 175
88 176
89 176
90 177
91 177
92 178
93 179
94 180
95 180
96 179
97 181
98 181
99 182
100 317
101 318
102 319
103 321
104 322
105 323
106 323
107 324
108 325
109 326
110 327
111 328
112 329
113 330
114 330
115 331
116 332
117 331
118 331
119 331
120 333
121 333
122 333
123 334
124 335
125 336
126 335
127 335
128 336
129 336
130 337
131 337
132 337
133 338
134 339
135 339
136 340
137 340
138 341
139 340
140 340
141 341
142 341
143 342
144 343
145 343
146 343
147 346
148 346
149 346
150 346
151 347
152 347
153 348
154 348
155 348
156 349
157 349
158 350
159 350
160 351
161 352
162 352
163 353
164 353
165 352
166 353
167 354
168 354
169 355
170 355
171 357
172 357
173 357
174 358
175 359
176 360
177 360
178 360
179 360
180 361
181 362
182 362
183 362
184 363
185 364
186 364
187 365
188 366
189 367
190 367
191 367
192 368
193 368
194 369
195 369
196 369
197 370
198 371
199 372
200 372
201 372
202 373
203 374
204 375
205 374
206 374
207 376
208 376
209 377
210 377
211 377
212 378
213 379
214 379
215 380
216 380
217 381
218 380
219 381
220 381
221 382
222 382
223 382
224 384
225 384
226 385
227 386
228 386
229 387
230 388
231 389
232 388
233 388
234 389
235 390
236 390
237 390
238 390
239 390
240 389
241 395
242 394
243 394
244 397
245 397
246 398
247 398
248 399
249 403
250 403
251 403
252 405
253 405
254 405
255 405
256 406
257 407
258 407
259 408
260 408
261 409
262 410
263 410
264 411
265 412
266 412
267 412
268 412
269 414
270 414
271 414
272 416
273 416
274 416
275 417
276 418
277 419
278 419
279 420
280 419
281 420
282 421
283 421
284 422
285 423
286 423
287 424
288 424
289 426
290 425
291 426
292 426
293 426
294 428
295 428
296 429
297 429
298 430
299 431
300 431
301 432
302 432
303 432
304 433
305 434
306 434
307 435
308 435
309 436
310 437
311 437
312 438
313 439
314 439
315 442
316 442
317 443
318 443
319 444
320 444
321 445
322 446
323 446
324 447
325 448
326 448
327 449
328 449
329 449
330 450
331 451
332 451
333 452
334 452
335 453
336 454
337 454
338 455
339 455
340 456
341 457
342 456
343 457
344 458
345 458
346 459
347 460
348 460
349 461
350 462
351 462
352 463
353 464
354 465
355 464
356 464
357 466
358 466
359 467
360 466
361 467
362 468
363 468
364 469
365 471
366 472
367 472
368 473
369 474
370 474
371 475
372 475
373 476
374 477
375 477
376 478
377 478
378 478
379 479
380 479
381 480
382 480
383 481
384 482
385 482
386 483
387 484
388 485
389 485
390 485
391 485
392 486
393 487
394 487
395 488
396 488
397 489
398 490
399 491
400 491
401 492
402 493
403 493
404 493
405 493
406 493
407 494
408 495
409 495
410 496
411 497
412 497
413 498
414 498
415 500
416 500
417 501
418 502
419 501
420 501
421 502
422 502
423 504
424 505
425 505
426 506
427 507
428 508
429 508
430 510
431 509
432 509
433 510
434 511
435 511
436 512
437 512
438 513
439 514
440 515
441 515
442 516
443 515
444 516
445 517
446 517
447 518
448 518
449 520
450 520
451 520
452 521
453 521
454 522
455 522
456 522
457 523
458 523
459 524
460 525
461 526
462 526
463 527
464 527
465 528
466 529
467 528
468 529
469 530
470 530
471 531
472 531
473 532
474 533
475 534
476 534
477 535
478 536
479 537
480 535
481 536
482 536
483 537
484 538
485 538
486 539
487 540
488 540
489 541
490 541
491 541
492 542
493 542
494 543
495 543
496 544
497 545
498 545
499 546
500 546
501 547
502 548
503 547
504 548
505 548
506 549
507 550
508 550
509 551
510 551
511 553
512 553
513 554
514 554
515 554
516 555
517 555
518 556
519 556
520 557
521 558
522 558
523 559
524 559
525 561
526 561
527 560
528 561
529 561
530 563
531 558
532 558
533 559
534 560
535 561
536 561
537 561
538 561
539 562
540 563
541 563
542 564
543 565
544 565
545 566
546 566
547 567
548 568
549 568
550 569
551 570
552 570
553 570
554 571
555 572
556 572
557 573
558 574
559 574
560 574
561 576
562 576
563 577
564 577
565 578
566 578
567 579
568 580
569 580
570 581
571 581
572 582
573 582
574 582
575 582
576 583
577 584
578 585
579 585
580 586
581 586
582 588
583 588
584 588
585 589
586 589
587 590
588 591
589 591
590 591
591 592
592 593
593 593
594 594
595 595
596 595
597 596
598 597
599 598
600 598
601 599
602 600
603 599
604 600
605 600
606 600
607 601
608 601
609 602
610 603
611 603
612 604
613 604
614 605
615 606
616 606
617 606
618 607
619 607
620 608
621 608
622 609
623 610
624 610
625 611
626 612
627 612
628 613
629 614
630 614
631 615
632 615
633 617
634 617
635 616
636 617
637 617
638 618
639 619
640 619
641 620
642 620
643 621
644 622
645 622
646 623
647 624
648 624
649 625
650 624
651 625
652 626
653 627
654 627
655 626
656 626
657 627
658 628
659 628
660 629
661 630
662 630
663 631
664 631
665 634
666 634
667 634
668 635
669 635
670 636
671 635
672 635
673 636
674 636
675 631
676 632
677 632
678 636
679 640
680 641
681 642
682 642
683 647
684 648
685 648
686 645
687 646
688 647
689 647
690 647
691 648
692 649
693 649
694 650
695 650
696 651
697 651
698 652
699 652
700 653
701 653
702 654
703 655
704 656
705 656
706 656
707 659
708 660
709 661
710 661
711 662
712 662
713 663
714 664
715 663
716 664
717 665
718 665
719 666
720 667
721 667
722 668
723 669
724 669
725 670
726 678
727 679
728 679
729 680
730 681
731 682
732 682
733 683
734 683
735 685
736 685
737 686
738 686
739 686
740 686
741 687
742 687
743 687
744 687
745 687
746 688
747 689
748 689
749 690
750 690
751 691
752 692
753 691
754 692
755 693
756 693
757 694
758 694
759 695
760 696
761 696
762 697
763 698
764 698
765 699
766 699
767 700
768 700
769 700
770 701
771 701
772 702
773 702
774 703
775 704
776 705
777 705
778 705
779 706
780 707
781 707
782 708
783 708
784 708
785 709
786 709
787 710
788 711
789 711
790 712
791 712
792 713
793 714
794 714
795 715
796 716
797 716
798 716
799 717
800 718
801 718
802 718
803 719
804 720
805 720
806 721
807 722
808 722
809 723
810 723
811 725
812 725
813 725
814 726
815 726
816 729
817 729
818 730
819 731
820 731
821 732
822 732
823 732
824 733
825 734
826 735
827 735
828 736
829 737
830 737
831 738
832 738
833 739
834 740
835 739
836 740
837 740
838 741
839 742
840 742
841 743
842 744
843 744
844 745
845 746
846 746
847 747
848 748
849 748
850 749
851 749
852 749
853 750
854 751
855 751
856 751
857 752
858 753
859 754
860 754
861 755
862 755
863 753
864 755
865 755
866 756
867 756
868 757
869 758
870 752
871 753
872 753
873 754
874 755
875 754
876 755
877 755
878 756
879 757
880 757
881 758
882 758
883 758
884 759
885 759
886 760
887 761
888 761
889 762
890 763
891 763
892 764
893 764
894 765
895 766
896 766
897 767
898 767
899 768
900 769
901 769
902 769
903 770
904 770
905 771
906 771
907 772
908 773
909 773
910 774
911 774
912 775
913 776
914 776
915 777
916 778
917 778
918 697
919 696
920 697
921 697
922 698
923 699
924 699
925 700
926 701
927 701
928 701
929 702
930 702
931 703
932 704
933 704
934 705
935 705
936 706
937 707
938 707
939 708
940 708
941 709
942 710
943 709
944 710
945 711
946 712
947 712
948 713
949 713
950 714
951 715
952 715
953 716
954 717
955 717
956 718
957 718
958 719
959 719
960 720
961 720
962 720
963 721
964 722
965 723
966 723
967 723
968 724
969 725
970 725
971 726
972 727
973 727
974 728
975 729
976 729
977 729
978 730
979 730
980 730
981 731
982 732
983 733
984 734
985 734
986 735
987 735
988 736
989 736
990 737
991 738
992 739
993 738
994 739
995 740
996 740
997 741
998 742
999 742
