1001 177
1002 177
1003 177
1004 177
1005 177
1006 177
1007 176
1008 176
1009 177
1010 177
1011 177
1012 177
1013 177
1014 177
1015 176
1016 176
1017 177
1018 177
1019 177
1020 177
1021 177
1022 177
1023 177
1024 176
1025 176
1026 177
1027 177
1028 177
1029 177
1030 177
1031 176
1032 176
1033 175
1034 175
1035 176
1036 176
1037 176
1038 176
1039 176
1040 176
1041 176
1042 175
1043 175
1044 176
1045 176
1046 176
1047 176
1048 176
1049 176
1050 175
1051 175
1052 175
1053 176
1054 176
1055 176
1056 176
1057 176
1058 176
1059 175
1060 175
1061 175
1062 176
1063 176
1064 176
1065 176
1066 176
1067 176
1068 175
1069 175
1070 176
1071 176
1072 176
1073 176
1074 176
1075 176
1076 176
1077 175
1078 175
1079 176
1080 176
1081 176
1082 176
1083 176
1084 176
1085 176
1086 175
1087 175
1088 176
1089 176
1090 176
1091 176
1092 176
1093 176
1094 176
1095 175
1096 175
1097 176
1098 176
1099 176
1100 176
1101 413
1102 413
1103 413
1104 413
1105 413
1106 412
1107 412
1108 412
1109 413
1110 413
1111 413
1112 413
1113 413
1114 413
1115 412
1116 412
1117 413
1118 413
1119 413
1120 413
1121 413
1122 413
1123 413
1124 412
1125 412
1126 413
1127 413
1128 413
1129 413
1130 413
1131 413
1132 413
1133 412
1134 412
1135 412
1136 413
1137 413
1138 413
1139 413
1140 413
1141 413
1142 412
1143 412
1144 412
1145 413
1146 413
1147 413
1148 413
1149 413
1150 413
1151 412
1152 412
1153 412
1154 412
1155 413
1156 413
1157 413
1158 413
1159 413
1160 412
1161 412
1162 412
1163 412
1164 413
1165 413
1166 413
1167 413
1168 412
1169 412
1170 412
1171 412
1172 412
1173 412
1174 413
1175 413
1176 413
1177 412
1178 412
1179 412
1180 412
1181 412
1182 412
1183 413
1184 413
1185 413
1186 412
1187 412
1188 412
1189 412
1190 412
1191 412
1192 413
1193 413
1194 413
1195 412
1196 412
1197 412
1198 412
1199 412
1200 412
1201 412
1202 413
1203 413
1204 412
1205 412
1206 412
1207 412
1208 412
1209 412
1210 412
1211 413
1212 413
1213 412
1214 412
1215 412
1216 412
1217 412
1218 412
1219 412
1220 412
1221 412
1222 412
1223 412
1224 412
1225 412
1226 412
1227 412
1228 412
1229 412
1230 412
1231 412
1232 412
1233 412
1234 412
1235 412
1236 412
1237 412
1238 412
1239 412
1240 412
1241 412
1242 412
1243 412
1244 412
1245 412
1246 412
1247 412
1248 411
1249 412
1250 412
1251 412
1252 412
1253 412
1254 412
1255 412
1256 412
1257 411
1258 412
1259 412
1260 412
1261 412
1262 412
1263 412
1264 412
1265 412
1266 411
1267 411
1268 412
1269 412
1270 412
1271 412
1272 412
1273 412
1274 412
1275 411
1276 411
1277 412
1278 412
1279 412
1280 412
1281 412
1282 412
1283 412
1284 411
1285 412
1286 412
1287 412
1288 412
1289 412
1290 412
1291 412
1292 412
1293 411
1294 411
1295 412
1296 412
1297 412
1298 412
1299 412
1300 412
1301 412
1302 411
1303 411
1304 412
1305 412
1306 412
1307 412
1308 412
1309 412
1310 412
1311 411
1312 411
1313 411
1314 412
1315 412
1316 412
1317 412
1318 412
1319 412
1320 411
1321 411
1322 411
1323 412
1324 412
1325 412
1326 412
1327 412
1328 411
1329 411
1330 411
1331 411
1332 411
1333 412
1334 412
1335 412
1336 412
1337 411
1338 411
1339 411
1340 411
1341 412
1342 412
1343 412
1344 412
1345 412
1346 411
1347 411
1348 411
1349 411
1350 411
1351 412
1352 412
1353 412
1354 412
1355 411
1356 411
1357 411
1358 411
1359 411
1360 412
1361 410
1362 410
1363 411
1364 411
1365 412
1366 412
1367 412
1368 412
1369 412
1370 412
1371 411
1372 411
1373 411
1374 412
1375 411
1376 411
1377 411
1378 410
1379 410
1380 410
1381 409
1382 409
1383 410
1384 410
1385 410
1386 410
1387 410
1388 410
1389 410
1390 409
1391 409
1392 409
1393 410
1394 410
1395 410
1396 410
1397 410
1398 410
1399 409
1400 409
1401 409
1402 410
1403 410
1404 410
1405 410
1406 410
1407 410
1408 409
1409 409
1410 409
1411 409
1412 410
1413 410
1414 416
1415 416
1416 417
1417 416
1418 416
1419 416
1420 416
1421 416
1422 416
1423 416
1424 417
1425 417
1426 416
1427 416
1428 416
1429 416
1430 416
1431 420
1432 421
1433 421
1434 421
1435 420
1436 420
1437 420
1438 420
1439 420
1440 420
1441 420
1442 421
1443 421
1444 420
1445 416
1446 415
1447 415
1448 415
1449 415
1450 415
1451 415
1452 416
1453 416
1454 415
1455 415
1456 415
1457 415
1458 415
1459 415
1460 415
1461 415
1462 416
1463 415
1464 411
1465 409
1466 409
1467 409
1468 409
1469 408
1470 408
1471 408
1472 409
1473 409
1474 409
1475 409
1476 409
1477 409
1478 408
1479 408
1480 408
1481 408
1482 409
1483 409
1484 409
1485 409
1486 409
1487 409
1488 408
1489 408
1490 408
1491 408
1492 409
1493 409
1494 409
1495 409
1496 409
1497 408
1498 408
1499 408
1500 408
1501 408
1502 408
1503 409
1504 409
1505 409
1506 407
1507 407
1508 406
1509 406
1510 406
1511 406
1512 406
1513 407
1514 407
1515 407
1516 407
1517 406
1518 406
1519 406
1520 406
1521 406
1522 406
1523 407
1524 407
1525 407
1526 407
1527 406
1528 406
1529 406
1530 406
1531 406
1532 406
1533 407
1534 407
1535 407
1536 407
1537 406
1538 406
1539 406
1540 406
1541 406
1542 406
1543 407
1544 407
1545 407
1546 406
1547 406
1548 406
1549 406
1550 406
1551 406
1552 406
1553 407
1554 407
1555 406
1556 406
1557 406
1558 406
1559 406
1560 406
1561 406
1562 406
1563 407
1564 407
1565 406
1566 406
1567 406
1568 406
1569 406
1570 406
1571 406
1572 406
1573 407
1574 407
1575 406
1576 406
1577 406
1578 406
1579 406
1580 406
1581 406
1582 406
1583 407
1584 406
1585 406
1586 406
1587 406
1588 406
1589 406
1590 406
1591 406
1592 406
1593 407
1594 406
1595 406
1596 406
1597 406
1598 406
1599 406
1600 406
1601 406
1602 406
1603 406
1604 406
1605 406
1606 406
1607 406
1608 406
1609 406
1610 406
1611 406
1612 406
1613 405
1614 406
1615 406
1616 406
1617 406
1618 406
1619 405
1620 405
1621 405
1622 405
1623 405
1624 406
1625 405
1626 405
1627 405
1628 405
1629 405
1630 405
1631 405
1632 405
1633 405
1634 406
1635 405
1636 405
1637 405
1638 405
1639 405
1640 405
1641 405
1642 406
1643 406
1644 405
1645 405
1646 405
1647 405
1648 405
1649 405
1650 405
1651 405
1652 406
1653 406
1654 405
1655 405
1656 405
1657 405
1658 405
1659 405
1660 405
1661 405
1662 405
1663 406
1664 405
1665 405
1666 405
1667 405
1668 394
1669 393
1670 393
1671 393
1672 393
1673 394
1674 394
1675 394
1676 387
1677 386
1678 386
1679 386
1680 386
1681 386
1682 386
1683 387
1684 387
1685 387
1686 386
1687 386
1688 386
1689 386
1690 386
1691 386
1692 386
1693 386
1694 387
1695 387
1696 386
1697 386
1698 386
1699 386
1700 386
1701 386
1702 386
1703 386
1704 387
1705 387
1706 386
1707 386
1708 386
1709 386
1710 386
1711 386
1712 386
1713 386
1714 384
1715 384
1716 384
1717 383
1718 383
1719 383
1720 383
1721 383
1722 383
1723 383
1724 383
1725 384
1726 384
1727 383
1728 383
1729 383
1730 383
1731 383
1732 383
1733 383
1734 383
1735 384
1736 384
1737 384
1738 383
1739 383
1740 383
1741 383
1742 383
1743 383
1744 383
1745 384
1746 384
1747 384
1748 384
1749 383
1750 383
1751 383
1752 383
1753 383
1754 383
1755 384
1756 384
1757 384
1758 384
1759 384
1760 383
1761 383
1762 383
1763 383
1764 383
1765 383
1766 384
1767 384
1768 384
1769 384
1770 384
1771 383
1772 383
1773 383
1774 383
1775 383
1776 384
1777 384
1778 384
1779 384
1780 384
1781 384
1782 383
1783 383
1784 383
1785 383
1786 384
1787 384
1788 384
1789 384
1790 384
1791 384
1792 384
1793 383
1794 383
1795 383
1796 383
1797 384
1798 384
1799 384
1800 384
1801 384
1802 384
1803 384
1804 383
1805 383
1806 383
1807 384
1808 384
1809 384
1810 384
1811 384
1812 384
1813 384
1814 383
1815 383
1816 383
1817 384
1818 384
1819 384
1820 384
1821 384
1822 384
1823 384
1824 384
1825 383
1826 383
1827 383
1828 384
1829 384
1830 384
1831 384
1832 384
1833 384
1834 384
1835 384
1836 383
1837 383
1838 384
1839 384
1840 384
1841 384
1842 384
1843 384
1844 384
1845 384
1846 384
1847 383
1848 384
1849 384
1850 384
1851 384
1852 384
1853 384
1854 384
1855 384
1856 384
1857 383
1858 384
1859 384
1860 384
1861 384
1862 384
1863 384
1864 384
1865 384
1866 384
1867 384
1868 384
1869 384
1870 384
1871 384
1872 384
1873 384
1874 384
1875 384
1876 384
1877 384
1878 385
1879 384
1880 384
1881 384
1882 384
1883 384
1884 384
1885 388
1886 388
1887 388
1888 388
1889 388
1890 387
1891 383
1892 383
1893 383
1894 383
1895 383
1896 383
1897 383
1898 383
1899 383
1900 383
1901 383
1902 383
1903 383
1904 383
1905 383
1906 383
1907 383
1908 383
1909 383
1910 383
1911 383
1912 384
1913 383
1914 383
1915 383
1916 383
1917 383
1918 383
1919 358
1920 358
1921 358
1922 358
1923 358
1924 358
1925 358
1926 358
1927 358
1928 358
1929 358
1930 358
1931 358
1932 358
1933 358
1934 358
1935 358
1936 358
1937 358
1938 358
1939 358
1940 358
1941 358
1942 358
1943 359
1944 358
1945 358
1946 358
1947 358
1948 358
1949 358
1950 358
1951 358
1952 358
1953 359
1954 359
1955 359
1956 358
1957 358
1958 358
1959 358
1960 358
1961 358
1962 358
1963 358
1964 359
1965 359
1966 359
1967 358
1968 358
1969 358
1970 358
1971 358
1972 358
1973 357
1974 357
1975 357
1976 357
1977 357
1978 357
1979 357
1980 357
1981 357
1982 357
1983 357
1984 357
1985 357
1986 357
1987 357
1988 357
1989 357
1990 357
1991 357
1992 357
1993 357
1994 357
1995 357
1996 357
1997 357
1998 357
1999 357
2000 357
2001 150
2002 150
2003 150
2004 150
2005 151
2006 151
2007 151
2008 151
2009 151
2010 150
2011 150
2012 150
2013 150
2014 150
2015 151
2016 151
2017 151
2018 151
2019 151
2020 151
2021 151
2022 150
2023 150
2024 150
2025 151
2026 151
2027 151
2028 151
2029 151
2030 151
2031 151
2032 151
2033 150
2034 150
2035 151
2036 151
2037 151
2038 151
2039 151
2040 151
2041 151
2042 151
2043 151
2044 151
2045 151
2046 151
2047 151
2048 151
2049 151
2050 151
2051 151
2052 151
2053 151
2054 151
2055 152
2056 151
2057 151
2058 151
2059 151
2060 151
2061 151
2062 151
2063 151
2064 151
2065 152
2066 152
2067 152
2068 151
2069 151
2070 151
2071 151
2072 151
2073 151
2074 151
2075 151
2076 151
2077 151
2078 150
2079 150
2080 150
2081 150
2082 150
2083 150
2084 150
2085 150
2086 151
2087 151
2088 151
2089 151
2090 150
2091 150
2092 150
2093 150
2094 150
2095 150
2096 151
2097 151
2098 151
2099 151
2100 151
2101 317
2102 317
2103 317
2104 316
2105 317
2106 317
2107 317
2108 317
2109 317
2110 317
2111 317
2112 317
2113 317
2114 312
2115 312
2116 313
2117 313
2118 313
2119 313
2120 313
2121 313
2122 313
2123 312
2124 312
2125 312
2126 313
2127 313
2128 313
2129 313
2130 313
2131 313
2132 313
2133 313
2134 313
2135 312
2136 313
2137 313
2138 313
2139 313
2140 313
2141 309
2142 309
2143 309
2144 308
2145 308
2146 308
2147 309
2148 309
2149 309
2150 309
2151 309
2152 309
2153 309
2154 309
2155 290
2156 290
2157 291
2158 291
2159 291
2160 291
2161 291
2162 290
2163 290
2164 290
2165 290
2166 290
2167 291
2168 291
2169 291
2170 291
2171 291
2172 291
2173 291
2174 290
2175 290
2176 290
2177 290
2178 291
2179 291
2180 291
2181 291
2182 291
2183 291
2184 291
2185 291
2186 290
2187 290
2188 291
2189 291
2190 291
2191 291
2192 291
2193 291
2194 291
2195 291
2196 291
2197 291
2198 290
2199 291
2200 291
2201 291
2202 291
2203 291
2204 291
2205 291
2206 291
2207 291
2208 291
2209 292
2210 292
2211 291
2212 291
2213 291
2214 291
2215 291
2216 291
2217 291
2218 291
2219 291
2220 292
2221 292
2222 292
2223 291
2224 291
2225 291
2226 291
2227 291
2228 291
2229 291
2230 292
2231 292
2232 292
2233 292
2234 292
2235 292
2236 291
2237 291
2238 291
2239 291
2240 291
2241 292
2242 292
2243 292
2244 292
2245 292
2246 292
2247 292
2248 291
2249 291
2250 291
2251 292
2252 292
2253 292
2254 292
2255 292
2256 292
2257 292
2258 292
2259 287
2260 287
2261 288
2262 288
2263 288
2264 288
2265 288
2266 288
2267 288
2268 288
2269 288
2270 287
2271 288
2272 288
2273 288
2274 288
2275 288
2276 288
2277 288
2278 288
2279 288
2280 288
2281 288
2282 289
2283 288
2284 288
2285 288
2286 288
2287 288
2288 288
2289 288
2290 288
2291 288
2292 289
2293 289
2294 289
2295 288
2296 288
2297 288
2298 288
2299 288
2300 288
2301 288
2302 289
2303 289
2304 289
2305 289
2306 289
2307 289
2308 288
2309 288
2310 288
2311 288
2312 288
2313 289
2314 289
2315 289
2316 289
2317 289
2318 289
2319 289
2320 289
2321 289
2322 288
2323 288
2324 289
2325 289
2326 289
2327 289
2328 289
2329 289
2330 289
2331 289
2332 289
2333 289
2334 290
2335 289
2336 289
2337 289
2338 289
2339 289
2340 292
2341 292
2342 292
2343 292
2344 292
2345 292
2346 292
2347 291
2348 292
2349 292
2350 292
2351 292
2352 292
2353 292
2354 292
2355 292
2356 292
2357 292
2358 293
2359 293
2360 292
2361 292
2362 292
2363 292
2364 292
2365 292
2366 292
2367 292
2368 292
2369 293
2370 293
2371 293
2372 293
2373 292
2374 292
2375 292
2376 292
2377 292
2378 292
2379 292
2380 293
2381 293
2382 293
2383 293
2384 293
2385 293
2386 292
2387 292
2388 292
2389 292
2390 293
2391 293
2392 293
2393 293
2394 293
2395 293
2396 293
2397 293
2398 292
2399 292
2400 292
2401 293
2402 293
2403 293
2404 293
2405 293
2406 293
2407 293
2408 293
2409 293
2410 293
2411 293
2412 293
2413 293
2414 293
2415 293
2416 293
2417 293
2418 293
2419 293
2420 293
2421 293
2422 294
2423 294
2424 293
2425 288
2426 288
2427 287
2428 287
2429 287
2430 287
2431 287
2432 288
2433 288
2434 288
2435 288
2436 288
2437 288
2438 288
2439 287
2440 287
2441 287
2442 288
2443 288
2444 288
2445 288
2446 288
2447 283
2448 283
2449 283
2450 283
2451 283
2452 283
2453 284
2454 284
2455 284
2456 284
2457 284
2458 283
2459 283
2460 283
2461 283
2462 283
2463 284
2464 284
2465 284
2466 284
2467 284
2468 283
2469 283
2470 283
2471 283
2472 283
2473 284
2474 284
2475 284
2476 283
2477 283
2478 283
2479 283
2480 283
2481 283
2482 283
2483 284
2484 284
2485 284
2486 284
2487 284
2488 284
2489 283
2490 283
2491 283
2492 283
2493 283
2494 284
2495 284
2496 284
2497 289
2498 290
2499 290
2500 290
2501 290
2502 289
2503 289
2504 289
2505 289
2506 291
2507 291
2508 292
2509 292
2510 292
2511 292
2512 292
2513 292
2514 292
2515 286
2516 286
2517 286
2518 287
2519 287
2520 287
2521 287
2522 287
2523 287
2524 287
2525 286
2526 287
2527 287
2528 287
2529 287
2530 287
2531 287
2532 287
2533 287
2534 287
2535 287
2536 288
2537 288
2538 288
2539 287
2540 287
2541 287
2542 287
2543 287
2544 287
2545 287
2546 287
2547 288
2548 288
2549 288
2550 288
2551 288
2552 287
2553 287
2554 287
2555 287
2556 287
2557 287
2558 288
2559 288
2560 288
2561 283
2562 283
2563 283
2564 283
2565 283
2566 283
2567 282
2568 282
2569 283
2570 283
2571 283
2572 283
2573 283
2574 283
2575 283
2576 283
2577 283
2578 283
2579 283
2580 284
2581 283
2582 283
2583 283
2584 283
2585 283
2586 283
2587 283
2588 283
2589 283
2590 283
2591 283
2592 284
2593 284
2594 283
2595 283
2596 283
2597 283
2598 283
2599 283
2600 283
2601 283
2602 284
2603 284
2604 284
2605 284
2606 284
2607 284
2608 283
2609 283
2610 283
2611 283
2612 283
2613 283
2614 284
2615 284
2616 284
2617 284
2618 284
2619 284
2620 284
2621 283
2622 283
2623 283
2624 283
2625 284
2626 284
2627 284
2628 284
2629 284
2630 284
2631 284
2632 284
2633 284
2634 284
2635 284
2636 284
2637 284
2638 284
2639 284
2640 284
2641 284
2642 284
2643 284
2644 283
2645 283
2646 283
2647 284
2648 284
2649 284
2650 195
2651 194
2652 194
2653 195
2654 195
2655 196
2656 196
2657 196
2658 196
2659 196
2660 196
2661 196
2662 196
2663 196
2664 195
2665 195
2666 196
2667 196
2668 196
2669 196
2670 196
2671 196
2672 196
2673 196
2674 196
2675 196
2676 196
2677 196
2678 196
2679 196
2680 196
2681 196
2682 196
2683 196
2684 196
2685 196
2686 196
2687 196
2688 197
2689 197
2690 197
2691 196
2692 196
2693 196
2694 196
2695 196
2696 196
2697 196
2698 196
2699 197
2700 197
2701 197
2702 197
2703 197
2704 197
2705 196
2706 196
2707 196
2708 196
2709 196
2710 197
2711 197
2712 197
2713 197
2714 197
2715 197
2716 197
2717 197
2718 197
2719 196
2720 196
2721 197
2722 197
2723 197
2724 197
2725 197
2726 197
2727 197
2728 197
2729 197
2730 197
2731 197
2732 197
2733 197
2734 197
2735 197
2736 197
2737 197
2738 197
2739 197
2740 197
2741 197
2742 197
2743 198
2744 198
2745 198
2746 197
2747 197
2748 197
2749 197
2750 197
2751 197
2752 197
2753 197
2754 198
2755 198
2756 198
2757 198
2758 198
2759 198
2760 197
2761 197
2762 197
2763 197
2764 197
2765 198
2766 198
2767 198
2768 198
2769 198
2770 198
2771 198
2772 198
2773 198
2774 197
2775 197
2776 198
2777 198
2778 198
2779 198
2780 198
2781 198
2782 198
2783 198
2784 197
2785 196
2786 196
2787 197
2788 197
2789 197
2790 197
2791 197
2792 197
2793 197
2794 197
2795 197
2796 197
2797 197
2798 197
2799 197
2800 197
2801 197
2802 197
2803 197
2804 197
2805 197
2806 197
2807 197
2808 197
2809 198
2810 198
2811 198
2812 197
2813 197
2814 197
2815 197
2816 197
2817 197
2818 197
2819 197
2820 198
2821 198
2822 198
2823 198
2824 198
2825 197
2826 197
2827 197
2828 197
2829 197
2830 197
2831 198
2832 198
2833 198
2834 198
2835 198
2836 198
2837 198
2838 198
2839 197
2840 197
2841 197
2842 198
2843 198
2844 198
2845 198
2846 198
2847 198
2848 198
2849 198
2850 198
2851 198
2852 198
2853 199
2854 198
2855 198
2856 198
2857 198
2858 198
2859 198
2860 195
2861 195
2862 195
2863 195
2864 196
2865 196
2866 196
2867 195
2868 195
2869 195
2870 195
2871 195
2872 195
2873 195
2874 195
2875 196
2876 196
2877 196
2878 196
2879 196
2880 196
2881 195
2882 195
2883 195
2884 195
2885 195
2886 196
2887 196
2888 198
2889 198
2890 198
2891 198
2892 198
2893 198
2894 198
2895 197
2896 197
2897 197
2898 197
2899 198
2900 198
2901 198
2902 198
2903 198
2904 198
2905 198
2906 198
2907 198
2908 198
2909 201
2910 201
2911 201
2912 201
2913 201
2914 202
2915 202
2916 202
2917 202
2918 202
2919 202
2920 202
2921 202
2922 202
2923 201
2924 202
2925 202
2926 202
2927 202
2928 202
2929 202
2930 202
2931 202
2932 202
2933 202
2934 202
2935 202
2936 203
2937 202
2938 202
2939 202
2940 202
2941 202
2942 202
2943 202
2944 202
2945 202
2946 202
2947 203
2948 203
2949 203
2950 202
2951 202
2952 202
2953 202
2954 202
2955 202
2956 202
2957 202
2958 203
2959 203
2960 203
2961 203
2962 203
2963 203
2964 203
2965 202
2966 202
2967 202
2968 202
2969 203
2970 203
2971 203
2972 203
2973 203
2974 203
2975 203
2976 203
2977 203
2978 203
2979 202
2980 203
2981 203
2982 203
2983 203
2984 203
2985 203
2986 203
2987 203
2988 203
2989 203
2990 203
2991 203
2992 204
2993 203
2994 203
2995 203
2996 203
2997 203
2998 203
2999 203
3000 203
3001 203
3002 203
3003 204
3004 204
3005 204
3006 204
3007 203
3008 203
3009 203
3010 203
3011 203
3012 203
3013 203
3014 204
3015 204
3016 204
3017 204
3018 204
3019 204
3020 203
3021 203
3022 203
3023 203
3024 203
3025 204
3026 204
3027 204
3028 204
3029 204
3030 204
3031 204
3032 204
3033 204
3034 203
3035 203
3036 203
3037 204
3038 204
3039 209
3040 209
3041 210
3042 210
3043 213
3044 213
3045 214
3046 214
3047 213
3048 213
3049 213
3050 213
3051 213
3052 213
3053 213
3054 213
3055 213
3056 214
3057 214
3058 214
3059 214
3060 213
3061 213
3062 213
3063 213
3064 213
3065 213
3066 213
3067 214
3068 214
3069 214
3070 214
3071 214
3072 212
3073 211
3074 211
3075 211
3076 211
3077 211
3078 211
3079 212
3080 212
3081 212
3082 212
3083 210
3084 210
3085 210
3086 210
3087 210
3088 209
3089 209
3090 210
3091 210
3092 210
3093 210
3094 210
3095 210
3096 210
3097 210
3098 210
3099 210
3100 210
3101 264
3105 264
3106 264
3107 264
3108 264
3109 264
3110 265
3111 265
3112 265
3113 265
3114 265
3115 265
3116 265
3117 264
3118 264
3119 264
3120 264
3121 265
3122 265
3123 265
3124 265
3125 265
3126 265
3127 265
3128 265
3129 265
3130 265
3131 265
3132 265
3133 265
3134 265
3135 265
3136 265
3137 265
3138 265
3139 265
3140 265
3141 266
3142 266
3143 266
3144 266
3145 265
3146 265
3147 265
3148 265
3149 265
3150 265
3151 266
3152 266
3153 266
3154 266
3155 266
3156 266
3157 266
3158 266
3159 265
3160 265
3161 265
3162 266
3163 266
3164 266
3165 266
3166 266
3167 266
3168 266
3169 266
3170 266
3171 266
3172 267
3173 266
3174 266
3175 266
3176 266
3177 266
3178 266
3179 266
3180 266
3181 266
3182 267
3183 267
3184 267
3185 267
3186 266
3187 266
3188 266
3189 266
3190 266
3191 267
3192 267
3193 267
3194 267
3195 267
3196 267
3197 266
3198 266
3199 266
3200 266
3201 267
3202 267
3203 267
3204 267
3205 267
3206 267
3207 267
3208 265
3209 265
3210 265
3211 264
3212 265
3213 265
3214 265
3215 265
3216 265
3217 265
3218 265
3219 265
3220 265
3221 265
3222 266
3223 265
3224 265
3225 265
3226 265
3227 265
3228 265
3229 265
3230 265
3231 264
3232 265
3233 265
3234 265
3235 265
3236 265
3237 265
3238 265
3239 266
3240 266
3241 266
3242 266
3243 266
3244 266
3245 266
3246 266
3247 266
3248 266
3249 266
3250 266
3251 266
3252 266
3253 266
3254 267
3255 267
3256 267
3257 267
3258 266
3259 266
3260 266
3261 266
3262 266
3263 266
3264 267
3265 267
3266 267
3267 267
3268 267
3269 267
3270 267
3271 267
3272 267
3273 266
3274 266
3275 267
3276 267
3277 267
3278 267
3279 267
3280 267
3281 267
3282 267
3283 267
3284 268
3285 268
3286 267
3287 267
3288 267
3289 267
3290 267
3291 267
3292 267
3293 267
3294 268
3295 268
3296 268
3297 268
3298 268
3299 268
3300 267
3301 267
3302 267
3303 267
3304 268
3305 268
3306 268
3307 268
3308 268
3309 268
3310 268
3311 268
3312 268
3313 268
3102 265
3103 264
3104 264
3314 268
3315 268
3316 268
3317 268
3318 268
3319 268
3320 268
3321 268
3322 268
3323 268
3324 268
3325 269
3326 269
3327 269
3328 268
3329 268
3330 268
3331 268
3332 268
3333 268
3334 268
3335 269
3336 269
3337 269
3338 269
3339 269
3340 269
3341 269
3342 268
3343 268
3344 268
3345 269
3346 269
3347 269
3348 269
3349 269
3350 269
3351 269
3352 269
3353 269
3354 269
3355 269
3356 270
3357 269
3358 269
3359 269
3360 269
3361 269
3362 269
3363 269
3364 269
3365 269
3366 270
3367 270
3368 270
3369 270
3370 270
3371 270
3372 269
3373 269
3374 269
3375 269
3376 269
3377 270
3378 270
3379 270
3380 270
3381 270
3382 270
3383 270
3384 270
3385 270
3386 269
3387 270
3388 270
3389 270
3390 270
3391 270
3392 270
3393 270
3394 270
3395 270
3396 270
3397 270
3398 271
3399 271
3400 271
3401 270
3402 270
3403 270
3404 270
3405 270
3406 270
3407 270
3408 271
3409 271
3410 271
3411 271
3412 271
3413 271
3414 271
3415 270
3416 270
3417 270
3418 271
3419 271
3420 271
3421 271
3422 271
3423 271
3424 271
3425 271
3426 271
3427 271
3428 271
3429 272
3430 271
3431 271
3432 271
3433 271
3434 271
3435 271
3436 271
3437 271
3438 271
3439 272
3440 272
3441 272
3442 272
3443 272
3444 272
3445 271
3446 271
3447 271
3448 271
3449 272
3450 272
3451 272
3452 272
3453 272
3454 272
3455 272
3456 272
3457 272
3458 272
3459 271
3460 272
3461 272
3462 272
3463 272
3464 272
3465 272
3466 272
3467 272
3468 272
3469 272
3470 273
3471 273
3472 273
3473 273
3474 262
3475 262
3476 262
3477 262
3478 262
3479 262
3480 262
3481 262
3482 262
3483 262
3484 262
3485 262
3486 262
3487 262
3488 262
3489 262
3490 262
3491 263
3492 263
3493 263
3494 262
3495 262
3496 262
3497 262
3498 262
3499 262
3500 262
3501 263
3502 265
3503 266
3504 266
3505 266
3506 266
3507 266
3508 266
3509 265
3510 265
3511 265
3512 265
3513 266
3514 266
3515 266
3516 266
3517 266
3518 266
3519 266
3520 266
3521 266
3522 265
3523 266
3524 266
3525 266
3526 266
3527 266
3528 266
3529 266
3530 266
3531 266
3532 266
3533 266
3534 267
3535 267
3536 267
3537 266
3538 266
3539 266
3540 266
3541 266
3542 266
3543 266
3544 267
3545 267
3546 267
3547 267
3548 267
3549 267
3550 267
3551 268
3552 267
3553 267
3554 267
3555 267
3556 267
3557 267
3558 267
3559 267
3560 267
3561 268
3562 268
3563 268
3564 268
3565 268
3566 268
3567 267
3568 267
3569 267
3570 267
3571 268
3572 268
3573 268
3574 268
3575 268
3576 268
3577 268
3578 268
3579 268
3580 268
3581 269
3582 268
3583 268
3584 268
3585 268
3586 268
3587 268
3588 268
3589 268
3590 268
3591 268
3592 269
3593 269
3594 269
3595 269
3596 268
3597 268
3598 268
3599 268
3600 268
3601 268
3602 268
3603 268
3604 268
3605 268
3606 268
3607 268
3608 268
3609 268
3610 268
3611 269
3612 269
3613 269
3614 263
3615 263
3616 262
3617 262
3618 262
3619 262
3620 262
3621 263
3622 263
3623 263
3624 263
3625 263
3626 261
3627 261
3628 261
3629 261
3630 261
3631 256
3632 256
3633 256
3634 256
3635 256
3636 256
3637 256
3638 255
3639 255
3640 255
3641 256
3642 256
3643 256
3644 256
3645 256
3646 182
3647 182
3648 182
3649 182
3650 181
3651 181
3652 182
3653 182
3654 182
3655 182
3656 182
3657 182
3658 182
3659 182
3660 182
3661 182
3662 178
3663 178
3664 178
3665 178
3666 178
3667 177
3668 177
3669 177
3670 177
3671 178
3672 178
3673 178
3674 178
3675 178
3676 178
3677 178
3678 178
3679 178
3680 178
3681 179
3682 178
3683 178
3684 178
3685 178
3686 178
3687 178
3688 178
3689 178
3690 178
3691 178
3692 181
3693 181
3694 181
3695 181
3696 181
3697 181
3698 180
3699 180
3700 180
3701 181
3702 181
3703 181
3704 181
3705 181
3706 181
3707 181
3708 181
3709 181
3710 181
3711 182
3712 182
3713 182
3714 181
3715 181
3716 181
3717 181
3718 180
3719 180
3720 180
3721 181
3722 181
3723 181
3724 181
3725 181
3726 181
3727 181
3728 181
3729 181
3730 181
3731 182
3732 182
3733 181
3734 181
3735 181
3736 181
3737 181
3738 181
3739 181
3740 181
3741 182
3742 182
3743 182
3744 182
3745 182
3746 182
3747 182
3748 181
3749 181
3750 181
3751 181
3752 182
3753 182
3754 182
3755 182
3756 182
3757 182
3758 182
3759 182
3760 182
3761 182
3762 183
3763 183
3764 190
3765 191
3766 191
3767 191
3768 191
3769 191
3770 191
3771 191
3772 191
3773 191
3774 192
3775 192
3776 192
3777 192
3778 192
3779 192
3780 191
3781 191
3782 191
3783 191
3784 192
3785 192
3786 192
3787 192
3788 192
3789 192
3790 192
3791 192
3792 192
3793 192
3794 192
3795 192
3796 192
3797 192
3798 192
3799 192
3800 192
3801 192
3802 192
3803 192
3804 192
3805 193
3806 193
3807 193
3808 193
3809 194
3810 173
3811 173
3812 173
3813 173
3814 173
3815 173
3816 173
3817 173
3818 173
3819 173
3820 173
3821 173
3822 173
3823 173
3824 173
3825 173
3826 174
3827 174
3828 174
3829 174
3830 173
3831 173
3832 173
3833 173
3834 173
3835 174
3836 174
3837 174
3838 174
3839 174
3840 174
3841 174
3842 174
3843 174
3844 174
3845 174
3846 174
3847 174
3848 174
3849 174
3850 174
3851 174
3852 174
3853 174
3854 174
3855 174
3856 174
3857 175
3858 175
3859 175
3860 175
3861 172
3862 172
3863 172
3864 172
3865 172
3866 172
3867 171
3868 171
3869 172
3870 172
3871 172
3872 172
3873 172
3874 172
3875 172
3876 172
3877 172
3878 172
3879 173
3880 173
3881 173
3882 172
3883 172
3884 172
3885 172
3886 172
3887 172
3888 172
3889 172
3890 172
3891 173
3892 173
3893 173
3894 173
3895 173
3896 173
3897 173
3898 172
3899 172
3900 172
3901 172
3902 173
3903 173
3904 173
3905 173
3906 173
3907 173
3908 173
3909 173
3910 173
3911 173
3912 173
3913 174
3914 173
3915 173
3916 173
3917 173
3918 173
3919 173
3920 173
3921 173
3922 173
3923 173
3924 174
3925 174
3926 174
3927 174
3928 174
3929 174
3930 173
3931 173
3932 173
3933 173
3934 173
3935 174
3936 174
3937 174
3938 174
3939 174
3940 174
3941 174
3942 174
3943 174
3944 174
3945 174
3946 173
3947 174
3948 174
3949 174
3950 174
3951 174
3952 174
3953 174
3954 174
3955 174
3956 174
3957 174
3958 175
3959 175
3960 175
3961 175
3962 174
3963 174
3964 174
3965 174
3966 174
3967 174
3968 174
3969 175
3970 175
3971 175
3972 175
3973 175
3974 175
3975 175
3976 175
3977 175
3978 174
3979 174
3980 175
3981 175
3982 175
3983 175
3984 175
3985 175
3986 175
3987 175
3988 175
3989 175
3990 175
3991 176
3992 176
3993 176
3994 175
3995 175
3996 175
3997 175
3998 175
3999 175
4000 175
4001 175
4002 175
4003 176
4004 176
4005 176
4006 176
4007 176
4008 176
4009 175
4010 175
4011 175
4012 175
4013 176
4014 176
4015 176
4016 176
4017 176
4018 176
4019 176
4020 176
4021 176
4022 176
4023 176
4024 176
4025 176
4026 176
4027 180
4028 180
4029 180
4030 180
4031 180
4032 180
4033 180
4034 181
4035 181
4036 181
4037 181
4038 181
4039 181
4040 181
4041 180
4042 180
4043 180
4044 180
4045 181
4046 181
4047 181
4048 181
4049 181
4050 181
4051 181
4052 181
4053 181
4054 181
4055 181
4056 182
4057 182
4058 181
4059 181
4060 181
4061 181
4062 181
4063 181
4064 181
4065 181
4066 181
4067 182
4068 182
4069 182
4070 182
4071 182
4072 182
4073 181
4074 181
4075 181
4076 181
4077 181
4078 182
4079 182
4080 182
4081 182
4082 182
4083 182
4084 182
4085 182
4086 182
4087 182
4088 182
4089 183
4090 182
4091 182
4092 182
4093 182
4094 182
4095 182
4096 182
4097 182
4098 182
4099 182
4100 183
4101 175
4102 176
4103 176
4104 176
4105 175
4106 175
4107 176
4108 176
4109 176
4110 176
4111 176
4112 176
4113 176
4114 176
4115 176
4116 176
4117 177
4118 176
4119 176
4120 175
4121 175
4122 175
4123 175
4124 175
4125 175
4126 175
4127 175
4128 176
4129 176
4130 176
4131 176
4132 176
4133 176
4134 176
4135 175
4136 175
4137 175
4138 176
4139 176
4140 176
4141 176
4142 176
4143 176
4144 176
4145 176
4146 176
4147 176
4148 177
4149 177
4150 176
4151 176
4152 176
4153 176
4154 176
4155 176
4156 176
4157 176
4158 176
4159 177
4160 177
4161 177
4162 177
4163 177
4164 177
4165 177
4166 176
4167 176
4168 176
4169 176
4170 177
4171 177
4172 177
4173 177
4174 175
4175 175
4176 175
4177 175
4178 175
4179 175
4180 175
4181 176
4182 176
4183 176
4184 176
4185 176
4186 175
4187 175
4188 175
4189 175
4190 175
4191 175
4192 176
4193 176
4194 176
4195 176
4196 176
4197 176
4198 176
4199 176
4200 176
4201 176
4202 175
4203 176
4204 176
4205 176
4206 176
4207 176
4208 176
4209 176
4210 176
4211 176
4212 176
4213 176
4214 177
4215 177
4216 177
4217 177
4218 176
4219 176
4220 175
4221 175
4222 175
4223 175
4224 175
4225 176
4226 176
4227 176
4228 176
4229 176
4230 176
4231 176
4232 176
4233 175
4234 175
4235 176
4236 176
4237 176
4238 176
4239 176
4240 176
4241 176
4242 176
4243 176
4244 176
4245 176
4246 177
4247 177
4248 176
4249 176
4250 176
4251 176
4252 176
4253 176
4254 176
4255 176
4256 177
4257 177
4258 177
4259 177
4260 177
4261 177
4262 177
4263 177
4264 176
4265 176
4266 176
4267 177
4268 177
4269 177
4270 177
4271 177
4272 177
4273 177
4274 177
4275 177
4276 177
4277 178
4278 178
4279 177
4280 177
4281 177
4282 177
4283 177
4284 177
4285 177
4286 177
4287 177
4288 178
4289 178
4290 178
4291 178
4292 178
4293 177
4294 177
4295 177
4296 177
4297 177
4298 178
4299 178
4300 178
4301 178
4302 178
4303 178
4304 178
4305 178
4306 178
4307 178
4308 177
4309 178
4310 178
4311 178
4312 178
4313 178
4314 178
4315 178
4316 178
4317 178
4318 178
4319 178
4320 179
4321 179
4322 179
4323 179
4324 178
4325 178
4326 178
4327 178
4328 178
4329 178
4330 179
4331 179
4332 179
4333 179
4334 179
4335 179
4336 179
4337 179
4338 179
4339 179
4340 178
4341 179
4342 179
4343 179
4344 179
4345 179
4346 179
4347 179
4348 179
4349 179
4350 179
4351 179
4352 179
4353 180
4354 180
4355 179
4356 179
4357 179
4358 179
4359 179
4360 179
4361 179
4362 179
4363 180
4364 180
4365 180
4366 180
4367 180
4368 180
4369 179
4370 179
4371 179
4372 179
4373 179
4374 180
4375 179
4376 179
4377 179
4378 179
4379 179
4380 179
4381 179
4382 179
4383 179
4384 179
4385 180
4386 180
4387 180
4388 180
4389 180
4390 180
4391 179
4392 179
4393 179
4394 179
4395 179
4396 180
4397 180
4398 180
4399 180
4400 180
4401 180
4402 180
4403 180
4404 180
4405 180
4406 180
4407 180
4408 180
4409 180
4410 180
4411 180
4412 180
4413 180
4414 180
4415 180
4416 180
4417 181
4418 181
4419 181
4420 181
4421 180
4422 180
4423 180
4424 180
4425 180
4426 180
4427 180
4428 180
4429 181
4430 181
4431 181
4432 181
4433 181
4434 181
4435 181
4436 181
4437 180
4438 180
4439 180
4440 181
4441 181
4442 181
4443 181
4444 181
4445 181
4446 181
4447 181
4448 181
4449 181
4450 182
4451 182
4452 181
4453 181
4454 181
4455 181
4456 181
4457 181
4458 181
4459 181
4460 181
4461 182
4462 182
4463 182
4464 182
4465 182
4466 182
4467 181
4468 181
4469 181
4470 181
4471 181
4472 182
4473 182
4474 182
4475 182
4476 182
4477 182
4478 182
4479 182
4480 182
4481 182
4482 181
4483 182
4484 182
4485 182
4486 182
4487 182
4488 190
4489 190
4490 191
4491 191
4492 191
4493 191
4494 191
4495 191
4496 191
4497 190
4498 190
4499 190
4500 191
4501 191
4502 191
4503 191
4504 191
4505 191
4506 191
4507 191
4508 191
4509 191
4510 191
4511 191
4512 191
4513 191
4514 191
4515 191
4516 191
4517 196
4518 196
4519 196
4520 196
4521 200
4522 200
4523 201
4524 201
4525 201
4526 200
4527 200
4528 200
4529 200
4530 201
4531 201
4532 201
4533 201
4534 201
4535 201
4536 201
4537 201
4538 201
4539 201
4540 201
4541 202
4542 201
4543 201
4544 201
4545 201
4546 201
4547 201
4548 201
4549 201
4550 201
4551 201
4552 202
4553 201
4554 201
4555 201
4556 201
4557 201
4558 201
4559 201
4560 201
4561 201
4562 202
4563 202
4564 202
4565 202
4566 202
4567 202
4568 202
4569 202
4570 202
4571 202
4572 203
4573 203
4574 203
4575 203
4576 203
4577 203
4578 202
4579 202
4580 202
4581 202
4582 202
4583 202
4584 203
4585 203
4586 203
4587 203
4588 203
4589 203
4590 203
4591 203
4592 203
4593 203
4594 203
4595 202
4596 203
4597 203
4598 203
4599 203
4600 203
4601 203
4602 203
4603 203
4604 203
4605 203
4606 203
4607 203
4608 203
4609 204
4610 204
4611 203
4612 203
4613 203
4614 203
4615 203
4616 203
4617 203
4618 203
4619 203
4620 203
4621 204
4622 204
4623 204
4624 204
4625 204
4626 204
4627 204
4628 203
4629 203
4630 203
4631 203
4632 206
4633 206
4634 206
4635 206
4636 206
4637 206
4638 207
4639 207
4640 207
4641 207
4642 207
4643 207
4644 206
4645 206
4646 206
4647 206
4648 206
4649 206
4650 207
4651 207
4652 207
4653 207
4654 207
4655 207
4656 207
4657 207
4658 207
4659 207
4660 206
4661 206
4662 207
4663 207
4664 207
4665 207
4666 207
4667 207
4668 207
4669 207
4670 207
4671 207
4672 207
4673 205
4674 205
4675 205
4676 205
4677 205
4678 205
4679 205
4680 205
4681 205
4682 204
4683 204
4684 204
4685 205
4686 205
4687 205
4688 205
4689 205
4690 205
4691 205
4692 205
4693 205
4694 205
4695 205
4696 205
4697 206
4698 206
4699 205
4700 205
4701 205
4702 205
4703 205
4704 205
4705 205
4706 205
4707 205
4708 205
4709 206
4710 206
4711 206
4712 206
4713 206
4714 206
4715 206
4716 205
4717 205
4718 205
4719 205
4720 205
4721 206
4722 206
4723 206
4724 206
4725 206
4726 206
4727 206
4728 206
4729 206
4730 206
4731 206
4732 205
4733 205
4734 206
4735 206
4736 206
4737 206
4738 206
4739 206
4740 206
4741 206
4742 206
4743 206
4744 206
4745 206
4746 206
4747 206
4748 206
4749 206
4750 206
4751 206
4752 206
4753 206
4754 206
4755 206
4756 206
4757 206
4758 207
4759 207
4760 207
4761 207
4762 207
4763 206
4764 206
4765 206
4766 206
4767 206
4768 206
4769 206
4770 207
4771 207
4772 207
4773 207
4774 207
4775 207
4776 207
4777 207
4778 206
4779 206
4780 206
4781 206
4782 207
4783 207
4784 207
4785 207
4786 207
4787 207
4788 207
4789 207
4790 207
4791 207
4792 207
4793 207
4794 206
4795 207
4796 207
4797 207
4798 207
4799 207
4800 207
4801 207
4802 207
4803 207
4804 207
4805 207
4806 207
4807 208
4808 208
4809 208
4810 295
4811 295
4812 295
4813 295
4814 296
4815 296
4816 295
4817 295
4818 295
4819 295
4820 295
4821 295
4822 295
4823 295
4824 295
4825 296
4826 296
4827 296
4828 296
4829 296
4830 296
4831 296
4832 295
4833 295
4834 295
4835 295
4836 296
4837 296
4838 296
4839 296
4840 296
4841 296
4842 296
4843 296
4844 296
4845 296
4846 296
4847 296
4848 296
4849 296
4850 296
4851 296
4852 296
4853 296
4854 296
4855 296
4856 296
4857 291
4858 292
4859 292
4860 292
4861 292
4862 292
4863 292
4864 292
4865 292
4866 292
4867 292
4868 292
4869 292
4870 293
4871 292
4872 292
4873 292
4874 292
4875 292
4876 292
4877 292
4878 292
4879 292
4880 292
4881 293
4882 293
4883 293
4884 291
4885 291
4886 291
4887 291
4888 291
4889 291
4890 291
4891 291
4892 292
4893 292
4894 292
4895 292
4896 292
4897 292
4898 291
4899 291
4900 291
4901 291
4902 291
4903 292
4904 292
4905 292
4906 292
4907 292
4908 292
4909 292
4910 292
4911 292
4912 292
4913 292
4914 291
4915 292
4916 292
4917 292
4918 292
4919 292
4920 292
4921 292
4922 292
4923 292
4924 292
4925 292
4926 293
4927 293
4928 293
4929 292
4930 292
4931 292
4932 292
4933 292
4934 292
4935 292
4936 292
4937 293
4938 293
4939 293
4940 293
4941 293
4942 293
4943 293
4944 292
4945 292
4946 292
4947 292
4948 293
4949 293
4950 291
4951 291
4952 291
4953 291
4954 291
4955 291
4956 291
4957 290
4958 290
4959 291
4960 291
4961 291
4962 291
4963 291
4964 291
4965 291
4966 291
4967 291
4968 291
4969 291
4970 291
4971 292
4972 292
4973 291
4974 291
4975 291
4976 291
4977 291
4978 291
4979 291
4980 291
4981 291
4982 292
4983 292
4984 292
4985 292
4986 292
4987 292
4988 292
4989 292
4990 291
4991 291
4992 291
4993 291
4994 292
4995 292
4996 292
4997 292
4998 292
4999 292
5000 292
5001 292
5002 291
5003 291
5004 291
5005 292
5006 291
5007 291
5008 291
5009 291
5010 291
5011 291
5012 291
5013 291
5014 291
5015 291
5016 292
5017 292
5018 292
5019 292
5020 292
5021 292
5022 291
5023 291
5024 291
5025 291
5026 291
5027 292
5028 292
5029 292
5030 292
5031 292
5032 292
5033 292
5034 292
5035 292
5036 292
5037 292
5038 292
5039 292
5040 292
5041 292
5042 292
5043 292
5044 292
5045 292
5046 292
5047 292
5048 293
5049 293
5050 293
5051 293
5052 293
5053 293
5054 293
5055 294
5056 293
5057 293
5058 293
5059 293
5060 293
5061 293
5062 293
5063 293
5064 293
5065 293
5066 294
5067 294
5068 294
5069 294
5070 294
5071 293
5072 293
5073 293
5074 293
5075 293
5076 293
5077 294
5078 294
5079 294
5080 294
5081 294
5082 294
5083 294
5084 294
5085 294
5086 294
5087 294
5088 294
5089 294
5090 294
5091 294
5092 294
5093 294
5094 294
5095 294
5096 294
5097 294
5098 294
5099 295
5100 295
5101 206
5102 206
5103 206
5104 206
5105 205
5106 205
5107 205
5108 205
5109 205
5110 206
5111 206
5112 206
5113 206
5114 206
5115 206
5116 206
5117 206
5118 206
5119 206
5120 205
5121 206
5122 206
5123 206
5124 206
5125 206
5126 206
5127 206
5128 206
5129 206
5130 206
5131 206
5132 207
5133 207
5134 207
5135 207
5136 206
5137 206
5138 206
5139 206
5140 206
5141 206
5142 206
5143 207
5144 207
5145 207
5146 207
5147 207
5148 207
5149 207
5150 207
5151 206
5152 206
5153 206
5154 206
5155 207
5156 207
5157 207
5158 207
5159 207
5160 207
5161 207
5162 207
5163 207
5164 207
5165 207
5166 208
5167 208
5168 207
5169 207
5170 207
5171 207
5172 207
5173 207
5174 207
5175 207
5176 207
5177 207
5178 208
5179 208
5180 208
5181 208
5182 208
5183 208
5184 207
5185 207
5186 207
5187 207
5188 207
5189 208
5190 208
5191 208
5192 208
5193 208
5194 208
5195 208
5196 207
5197 207
5198 207
5199 207
5200 208
5201 208
5202 208
5203 208
5204 208
5205 208
5206 208
5207 208
5208 208
5209 208
5210 208
5211 209
5212 208
5213 208
5214 208
5215 208
5216 208
5217 208
5218 208
5219 208
5220 208
5221 208
5222 208
5223 209
5224 209
5225 209
5226 209
5227 209
5228 208
5229 208
5230 208
5231 208
5232 208
5233 208
5234 209
5235 209
5236 209
5237 209
5238 209
5239 209
5240 209
5241 209
5242 209
5243 209
5244 208
5245 209
5246 209
5247 209
5248 209
5249 209
5250 209
5251 209
5252 209
5253 209
5254 209
5255 209
5256 209
5257 210
5258 210
5259 210
5260 210
5261 209
5262 209
5263 209
5264 209
5265 209
5266 209
5267 209
5268 210
5269 210
5270 210
5271 210
5272 210
5273 210
5274 210
5275 210
5276 210
5277 210
5278 209
5279 209
5280 210
5281 210
5282 210
5283 210
5284 210
5285 210
5286 210
5287 210
5288 210
5289 210
5290 210
5291 211
5292 211
5293 213
5294 213
5295 213
5296 213
5297 213
5298 213
5299 213
5300 213
5301 213
5302 213
5303 213
5304 213
5305 213
5306 213
5307 213
5308 213
5309 213
5310 213
5311 213
5312 213
5313 213
5314 213
5315 213
5316 213
5317 214
5318 214
5319 214
5320 214
5321 213
5322 213
5323 213
5324 213
5325 213
5326 213
5327 213
5328 214
5329 214
5330 214
5331 214
5332 214
5333 214
5334 214
5335 214
5336 214
5337 213
5338 214
5339 214
5340 214
5341 214
5342 215
5343 215
5344 215
5345 215
5346 215
5347 215
5348 215
5349 215
5350 215
5351 215
5352 215
5353 215
5354 215
5355 215
5356 215
5357 215
5358 215
5359 215
5360 215
5361 215
5362 215
5363 215
5364 216
5365 216
5366 216
5367 216
5368 216
5369 215
5370 215
5371 215
5372 215
5373 215
5374 215
5375 216
5376 216
5377 216
5378 216
5379 216
5380 216
5381 216
5382 216
5383 216
5384 215
5385 215
5386 215
5387 216
5388 216
5389 216
5390 216
5391 216
5392 216
5393 216
5394 216
5395 216
5396 216
5397 216
5398 217
5399 217
5400 217
5401 216
5402 216
5403 216
5404 216
5405 216
5406 216
5407 216
5408 216
5409 217
5410 217
5411 217
5412 217
5413 217
5414 217
5415 217
5416 217
5417 217
5418 216
5419 216
5420 213
5421 213
5422 213
5423 213
5424 213
5425 213
5426 213
5427 213
5428 213
5429 213
5430 213
5431 214
5432 214
5433 214
5434 214
5435 213
5436 213
5437 213
5438 213
5439 213
5440 213
5441 213
5442 214
5443 214
5444 214
5445 214
5446 214
5447 214
5448 214
5449 214
5450 214
5451 213
5452 213
5453 213
5454 214
5455 214
5456 214
5457 214
5458 214
5459 214
5460 214
5461 214
5462 214
5463 214
5464 214
5465 215
5466 215
5467 215
5468 214
5469 214
5470 214
5471 214
5472 214
5473 214
5474 214
5475 215
5476 215
5477 215
5478 215
5479 215
5480 215
5481 215
5482 215
5483 215
5484 215
5485 214
5486 215
5487 215
5488 215
5489 215
5490 215
5491 215
5492 215
5493 215
5494 215
5495 215
5496 215
5497 216
5498 216
5499 216
5500 216
5501 215
5502 215
5503 215
5504 215
5505 215
5506 215
5507 215
5508 216
5509 216
5510 216
5511 216
5512 216
5513 216
5514 216
5515 216
5516 216
5517 215
5518 215
5519 215
5520 216
5521 216
5522 216
5523 216
5524 216
5525 216
5526 216
5527 222
5528 223
5529 223
5530 223
5531 223
5532 223
5533 222
5534 222
5535 222
5536 222
5537 222
5538 222
5539 223
5540 223
5541 223
5542 223
5543 223
5544 223
5545 223
5546 223
5547 223
5548 223
5549 222
5550 223
5551 223
5552 223
5553 223
5554 223
5555 223
5556 223
5557 223
5558 223
5559 223
5560 223
5561 223
5562 224
5563 224
5564 223
5565 223
5566 223
5567 223
5568 223
5569 223
5570 223
5571 223
5572 223
5573 224
5574 224
5575 224
5576 224
5577 224
5578 224
5579 224
5580 223
5581 223
5582 223
5583 223
5584 223
5585 224
5586 224
5587 224
5588 224
5589 224
5590 224
5591 224
5592 224
5593 224
5594 224
5595 224
5596 225
5597 224
5598 224
5599 224
5600 224
5601 224
5602 224
5603 224
5604 224
5605 224
5606 225
5607 225
5608 225
5609 225
5610 225
5611 225
5612 225
5613 224
5614 224
5615 224
5616 224
5617 225
5618 225
5619 225
5620 225
5621 225
5622 225
5623 225
5624 225
5625 225
5626 225
5627 225
5628 225
5629 225
5630 225
5631 225
5632 225
5633 225
5634 223
5635 223
5636 223
5637 223
5638 223
5639 223
5640 224
5641 224
5642 224
5643 223
5644 223
5645 223
5646 223
5647 223
5648 223
5649 223
5650 223
5651 223
5652 224
5653 224
5654 224
5655 224
5656 224
5657 223
5658 223
5659 223
5660 223
5661 223
5662 223
5663 224
5664 224
5665 224
5666 224
5667 224
5668 224
5669 224
5670 224
5671 224
5672 224
5673 223
5674 223
5675 224
5676 224
5677 224
5678 224
5679 224
5680 224
5681 224
5682 224
5683 224
5684 224
5685 224
5686 225
5687 225
5688 225
5689 224
5690 224
5691 224
5692 224
5693 224
5694 224
5695 224
5696 224
5697 224
5698 225
5699 225
5700 225
5701 225
5702 225
5703 225
5704 225
5705 224
5706 224
5707 224
5708 224
5709 225
5710 225
5711 225
5712 225
5713 225
5714 225
5715 225
5716 225
5717 225
5718 225
5719 225
5720 225
5721 225
5722 225
5723 225
5724 225
5725 225
5726 225
5727 225
5728 225
5729 225
5730 225
5731 225
5732 225
5733 226
5734 226
5735 226
5736 225
5737 225
5738 225
5739 225
5740 225
5741 225
5742 225
5743 225
5744 226
5745 226
5746 226
5747 226
5748 226
5749 226
5750 226
5751 226
5752 226
5753 225
5754 225
5755 225
5756 226
5757 226
5758 226
5759 226
5760 226
5761 226
5762 226
5763 226
5764 226
5765 226
5766 226
5767 226
5768 227
5769 226
5770 226
5771 226
5772 226
5773 226
5774 226
5775 226
5776 226
5777 226
5778 226
5779 227
5780 227
5781 227
5782 227
5783 227
5784 227
5785 227
5786 226
5787 226
5788 226
5789 226
5790 226
5791 227
5792 227
5793 227
5794 227
5795 227
5796 227
5797 227
5798 227
5799 227
5800 227
5801 227
5802 226
5803 227
5804 227
5805 230
5806 230
5807 230
5808 230
5809 230
5810 253
5811 251
5812 251
5813 251
5814 251
5815 252
5816 252
5817 252
5818 251
5819 251
5820 251
5821 251
5822 251
5823 251
5824 251
5825 251
5826 252
5827 252
5828 252
5829 252
5830 252
5831 252
5832 252
5833 252
5834 251
5835 251
5836 251
5837 252
5838 252
5839 252
5840 252
5841 252
5842 252
5843 252
5844 252
5845 252
5846 252
5847 252
5848 253
5849 253
5850 253
5851 252
5852 252
5853 252
5854 252
5855 252
5856 252
5857 252
5858 252
5859 253
5860 253
5861 253
5862 253
5863 253
5864 253
5865 253
5866 253
5867 253
5868 252
5869 252
5870 253
5871 253
5872 253
5873 253
5874 253
5875 253
5876 253
5877 253
5878 253
5879 253
5880 253
5881 254
5882 254
5883 253
5884 253
5885 253
5886 253
5887 253
5888 253
5889 253
5890 253
5891 253
5892 254
5893 254
5894 254
5895 254
5896 254
5897 254
5898 254
5899 253
5900 253
5901 253
5902 253
5903 254
5904 254
5905 254
5906 254
5907 254
5908 254
5909 254
5910 254
5911 254
5912 254
5913 254
5914 255
5915 255
5916 254
5917 254
5918 254
5919 254
5920 254
5921 254
5922 254
5923 254
5924 254
5925 255
5926 255
5927 255
5928 255
5929 255
5930 255
5931 255
5932 254
5933 254
5934 254
5935 254
5936 255
5937 255
5938 255
5939 255
5940 255
5941 255
5942 255
5943 255
5944 255
5945 255
5946 254
5947 255
5948 255
5949 255
5950 255
5951 255
5952 255
5953 255
5954 255
5955 255
5956 255
5957 255
5958 254
5959 254
5960 254
5961 254
5962 253
5963 253
5964 253
5965 253
5966 253
5967 253
5968 253
5969 253
5970 254
5971 254
5972 254
5973 254
5974 254
5975 254
5976 254
5977 254
5978 253
5979 253
5980 253
5981 254
5982 254
5983 254
5984 254
5985 254
5986 254
5987 254
5988 254
5989 254
5990 254
5991 254
5992 255
5993 255
5994 255
5995 254
5996 254
5997 254
5998 254
5999 254
6000 254
6001 254
6002 254
6003 255
6004 255
6005 255
6006 255
6007 255
6008 255
6009 255
6010 255
6011 254
6012 254
6013 254
6014 255
6015 255
6016 255
6017 255
6018 255
6019 255
6020 255
6021 255
6022 255
6023 255
6024 255
6025 255
6026 256
6027 255
6028 255
6029 255
6030 255
6031 255
6032 255
6033 255
6034 255
6035 255
6036 256
6037 256
6038 256
6039 256
6040 256
6041 256
6042 255
6043 255
6044 255
6045 255
6046 255
6047 256
6048 256
6049 256
6050 256
6051 256
6052 256
6053 256
6054 256
6055 256
6056 256
6057 258
6058 258
6059 258
6060 258
6061 258
6062 258
6063 258
6064 258
6065 258
6066 258
6067 258
6068 258
6069 259
6070 259
6071 259
6072 259
6073 258
6074 258
6075 258
6076 258
6077 258
6078 258
6079 258
6080 259
6081 259
6082 259
6083 259
6084 259
6085 259
6086 259
6087 259
6088 259
6089 259
6090 258
6091 259
6092 259
6093 259
6094 259
6095 259
6096 259
6097 259
6098 259
6099 259
6100 259
6101 259
6102 260
6103 260
6104 260
6105 260
6106 260
6107 259
6108 259
6109 259
6110 259
6111 259
6112 259
6113 259
6114 260
6115 260
6116 260
6117 260
6118 260
6119 260
6120 260
6121 260
6122 260
6123 260
6124 259
6125 260
6126 260
6127 260
6128 260
6129 260
6130 260
6131 260
6132 260
6133 260
6134 260
6135 260
6136 261
6137 261
6138 261
6139 261
6140 266
6141 265
6142 266
6143 266
6144 266
6145 266
6146 266
6147 266
6148 266
6149 266
6150 266
6151 266
6152 267
6153 267
6154 267
6155 268
6156 268
6157 268
6158 267
6159 267
6160 267
6161 267
6162 267
6163 269
6164 269
6165 269
6166 269
6167 269
6168 269
6169 269
6170 269
6171 269
6172 269
6173 270
6174 270
6175 269
6176 269
6177 269
6178 269
6179 269
6180 269
6181 269
6182 269
6183 269
6184 269
6185 270
6186 270
6187 270
6188 270
6189 270
6190 270
6191 205
6192 205
6193 205
6194 205
6195 205
6196 206
6197 206
6198 206
6199 206
6200 206
6201 206
6202 206
6203 206
6204 206
6205 206
6206 206
6207 206
6208 207
6209 207
6210 207
6211 207
6212 207
6213 207
6214 207
6215 207
6216 207
6217 206
6218 206
6219 206
6220 207
6221 207
6222 207
6223 207
6224 207
6225 207
6226 207
6227 207
6228 207
6229 207
6230 207
6231 208
6232 208
6233 208
6234 208
6235 208
6236 208
6237 208
6238 208
6239 208
6240 208
6241 208
6242 208
6243 209
6244 209
6245 208
6246 208
6247 208
6248 208
6249 208
6250 208
6251 208
6252 208
6253 208
6254 209
6255 209
6256 209
6257 209
6258 209
6259 209
6260 209
6261 209
6262 209
6263 209
6264 209
6265 209
6266 210
6267 210
6268 210
6269 210
6270 210
6271 210
6272 210
6273 209
6274 209
6275 209
6276 209
6277 210
6278 210
6279 210
6280 210
6281 210
6282 210
6283 210
6284 210
6285 210
6286 210
6287 210
6288 210
6289 211
6290 211
6291 211
6292 211
6293 211
6294 211
6295 211
6296 211
6297 211
6298 211
6299 211
6300 212
6301 212
6302 211
6303 211
6304 211
6305 211
6306 211
6307 211
6308 211
6309 211
6310 211
6311 211
6312 212
6313 212
6314 212
6315 212
6316 212
6317 212
6318 212
6319 212
6320 212
6321 212
6322 212
6323 213
6324 213
6325 213
6326 213
6327 213
6328 213
6329 213
6330 213
6331 212
6332 212
6333 212
6334 213
6335 213
6336 213
6337 213
6338 213
6339 213
6340 213
6341 213
6342 209
6343 209
6344 209
6345 210
6346 210
6347 210
6348 210
6349 210
6350 210
6351 210
6352 210
6353 210
6354 210
6355 210
6356 211
6357 211
6358 211
6359 211
6360 211
6361 211
6362 211
6363 211
6364 211
6365 211
6366 211
6367 211
6368 212
6369 211
6370 211
6371 211
6372 211
6373 211
6374 211
6375 211
6376 211
6377 211
6378 211
6379 212
6380 212
6381 212
6382 212
6383 212
6384 212
6385 212
6386 213
6387 214
6388 214
6389 214
6390 214
6391 212
6392 212
6393 212
6394 212
6395 212
6396 211
6397 211
6398 211
6399 212
6400 212
6401 212
6402 212
6403 212
6404 212
6405 212
6406 212
6407 212
6408 212
6409 212
6410 213
6411 213
6412 213
6413 213
6414 213
6415 213
6416 213
6417 213
6418 213
6419 213
6420 213
6421 213
6422 214
6423 214
6424 214
6425 214
6426 214
6427 213
6428 213
6429 213
6430 213
6431 213
6432 213
6433 214
6434 214
6435 214
6436 214
6437 214
6438 214
6439 214
6440 214
6441 214
6442 214
6443 214
6444 214
6445 215
6446 215
6447 213
6448 213
6449 213
6450 213
6451 213
6452 213
6453 213
6454 213
6455 213
6456 213
6457 214
6458 214
6459 214
6460 214
6461 214
6462 214
6463 214
6464 214
6465 214
6466 214
6467 214
6468 215
6469 215
6470 215
6471 215
6472 215
6473 215
6474 215
6475 214
6476 214
6477 214
6478 214
6479 214
6480 215
6481 215
6482 215
6483 215
6484 215
6485 215
6486 215
6487 215
6488 215
6489 215
6490 215
6491 215
6492 216
6493 216
6494 216
6495 216
6496 216
6497 216
6498 216
6499 216
6500 216
6501 216
6502 216
6503 217
6504 217
6505 217
6506 217
6507 216
6508 216
6509 216
6510 216
6511 216
6512 216
6513 216
6514 216
6515 217
6516 217
6517 217
6518 217
6519 211
6520 211
6521 211
6522 211
6523 211
6524 211
6525 210
6526 211
6527 211
6528 211
6529 211
6530 211
6531 211
6532 211
6533 211
6534 211
6535 211
6536 211
6537 211
6538 212
6539 212
6540 212
6541 212
6542 213
6543 213
6544 213
6545 213
6546 213
6547 213
6548 213
6549 214
6550 214
6551 214
6552 214
6553 214
6554 214
6555 214
6556 213
6557 213
6558 213
6559 213
6560 213
6561 214
6562 214
6563 214
6564 214
6565 214
6566 214
6567 214
6568 214
6569 214
6570 214
6571 214
6572 214
6573 215
6574 215
6575 215
6576 215
6577 215
6578 215
6579 215
6580 215
6581 215
6582 215
6583 215
6584 215
6585 216
6586 216
6587 218
6588 218
6589 218
6590 218
6591 218
6592 218
6593 218
6594 219
6595 219
6596 219
6597 219
6598 219
6599 219
6600 219
6601 219
6602 219
6603 219
6604 219
6605 219
6606 220
6607 220
6608 220
6609 220
6610 220
6611 220
6612 220
6613 220
6614 220
6615 220
6616 220
6617 220
6618 220
6619 220
6620 220
6621 220
6622 220
6623 220
6624 220
6625 220
6626 220
6627 220
6628 220
6629 220
6630 221
6631 221
6632 221
6633 221
6634 221
6635 221
6636 221
6637 221
6638 221
6639 221
6640 221
6641 221
6642 222
6643 222
6644 222
6645 222
6646 222
6647 222
6648 222
6649 222
6650 221
6651 221
6652 221
6653 221
6654 222
6655 222
6656 222
6657 222
6658 222
6659 222
6660 222
6661 222
6662 222
6663 222
6664 222
6665 222
6666 223
6667 223
6668 223
6669 223
6670 223
6671 223
6672 223
6673 223
6674 223
6675 223
6676 223
6677 223
6678 224
6679 224
6680 224
6681 223
6682 223
6683 132
6684 132
6685 132
6686 132
6687 132
6688 132
6689 131
6690 131
6691 132
6692 132
6693 132
6694 132
6695 132
6696 132
6697 132
6698 132
6699 131
6700 131
6701 131
6702 132
6703 132
6704 132
6705 132
6706 132
6707 132
6708 132
6709 132
6710 132
6711 132
6712 131
6713 131
6714 132
6715 132
6716 124
6717 124
6718 124
6719 124
6720 124
6721 124
6722 124
6723 124
6724 123
6725 123
6726 123
6727 124
6728 124
6729 124
6730 124
6731 124
6732 124
6733 124
6734 124
6735 124
6736 124
6737 124
6738 123
6739 124
6740 124
6741 124
6742 124
6743 124
6744 124
6745 124
6746 124
6747 124
6748 124
6749 124
6750 124
6751 124
6752 124
6753 124
6754 124
6755 124
6756 124
6757 124
6758 124
6759 124
6760 124
6761 124
6762 124
6763 125
6764 125
6765 124
6766 124
6767 124
6768 124
6769 124
6770 124
6771 124
6772 124
6773 124
6774 124
6775 125
6776 125
6777 125
6778 125
6779 124
6780 124
6781 124
6782 124
6783 124
6784 124
6785 124
6786 124
6787 125
6788 125
6789 125
6790 125
6791 125
6792 124
6793 124
6794 124
6795 124
6796 124
6797 124
6798 124
6799 125
6800 125
6801 125
6802 125
6803 125
6804 125
6805 125
6806 124
6807 124
6808 124
6809 126
6810 143
6811 143
6812 143
6813 143
6814 143
6815 143
6816 142
6817 142
6818 142
6819 143
6820 143
6821 143
6822 143
6823 143
6824 143
6825 143
6826 143
6827 143
6828 143
6829 142
6830 142
6831 143
6832 143
6833 143
6834 143
6835 143
6836 143
6837 143
6838 143
6839 143
6840 143
6841 142
6842 143
6843 143
6844 143
6845 143
6846 143
6847 143
6848 143
6849 143
6850 143
6851 143
6852 143
6853 143
6854 143
6855 143
6856 143
6857 143
6858 143
6859 143
6860 143
6861 143
6862 143
6863 128
6864 128
6865 129
6866 129
6867 129
6868 129
6869 128
6870 128
6871 128
6872 128
6873 128
6874 128
6875 128
6876 128
6877 129
6878 129
6879 129
6880 129
6881 128
6882 128
6883 128
6884 128
6885 128
6886 128
6887 128
6888 129
6889 129
6890 129
6891 129
6892 129
6893 129
6894 128
6895 128
6896 128
6897 128
6898 128
6899 128
6900 129
6901 129
6902 129
6903 129
6904 129
6905 129
6906 129
6907 128
6908 128
6909 128
6910 128
6911 128
6912 129
6913 129
6914 129
6915 129
6916 129
6917 129
6918 129
6919 129
6920 128
6921 130
6922 130
6923 130
6924 130
6925 130
6926 130
6927 130
6928 130
6929 131
6930 131
6931 131
6932 131
6933 131
6934 130
6935 130
6936 130
6937 130
6938 130
6939 130
6940 131
6941 131
6942 131
6943 131
6944 131
6945 131
6946 131
6947 130
6948 130
6949 130
6950 130
6951 130
6952 131
6953 131
6954 131
6955 131
6956 131
6957 131
6958 131
6959 131
6960 130
6961 130
6962 130
6963 130
6964 131
6965 131
6966 131
6967 131
6968 131
6969 131
6970 131
6971 131
6972 131
6973 130
6974 130
6975 131
6976 131
6977 131
6978 131
6979 131
6980 131
6981 131
6982 131
6983 131
6984 131
6985 131
6986 130
6987 131
6988 131
6989 131
6990 131
6991 131
6992 131
6993 131
6994 131
6995 131
6996 131
6997 131
6998 132
6999 132
7000 131
7001 131
7002 131
7003 131
7004 131
7005 131
7006 131
7007 131
7008 131
7009 131
7010 132
7011 132
7012 131
7013 131
7014 131
7015 131
7016 131
7017 131
7018 131
7019 132
7020 132
7021 132
7022 132
7023 132
7024 132
7025 132
7026 131
7027 131
7028 131
7029 131
7030 131
7031 132
7032 132
7033 132
7034 132
7035 132
7036 132
7037 132
7038 131
7039 131
7040 131
7041 131
7042 131
7043 132
7044 132
7045 132
7046 132
7047 132
7048 132
7049 132
7050 132
7051 133
7052 133
7053 133
7054 133
7055 134
7056 134
7057 134
7058 134
7059 134
7060 134
7061 134
7062 134
7063 133
7064 133
7065 133
7066 133
7067 134
7068 134
7069 134
7070 134
7071 134
7072 134
7073 134
7074 134
7075 134
7076 133
7077 133
7078 134
7079 134
7080 134
7081 134
7082 134
7083 134
7084 134
7085 134
7086 134
7087 134
7088 134
7089 133
7090 134
7091 134
7092 134
7093 134
7094 134
7095 134
7096 134
7097 134
7098 134
7099 134
7100 134
7101 135
7102 134
7103 134
7104 134
7105 134
7106 134
7107 134
7108 134
7109 134
7110 134
7111 134
7112 134
7113 135
7114 135
7115 134
7116 134
7117 134
7118 134
7119 134
7120 134
7121 134
7122 134
7123 133
7124 133
7125 134
7126 134
7127 134
7128 134
7129 134
7130 134
7131 134
7132 134
7133 134
7134 134
7135 133
7136 134
7137 134
7138 134
7139 134
7140 134
7141 134
7142 134
7143 134
7144 134
7145 134
7146 134
7147 134
7148 134
7149 134
7150 134
7151 134
7152 134
7153 134
7154 134
7155 134
7156 134
7157 134
7158 134
7159 134
7160 135
7161 134
7162 134
7163 134
7164 134
7165 134
7166 134
7167 134
7168 134
7169 134
7170 134
7171 135
7172 135
7173 135
7174 134
7175 134
7176 134
7177 134
7178 134
7179 134
7180 134
7181 134
7182 134
7183 135
7184 135
7185 135
7186 135
7187 134
7188 134
7189 134
7190 134
7191 134
7192 134
7193 134
7194 135
7195 135
7196 135
7197 135
7198 135
7199 135
7200 134
7201 134
7202 134
7203 134
7204 134
7205 134
7206 135
7207 135
7208 135
7209 135
7210 135
7211 135
7212 135
7213 134
7214 134
7215 134
7216 134
7217 135
7218 135
7219 135
7220 135
7221 135
7222 135
7223 135
7224 135
7225 135
7226 134
7227 134
7228 135
7229 135
7230 135
7231 135
7232 135
7233 135
7234 135
7235 135
7236 135
7237 135
7238 135
7239 134
7240 135
7241 135
7242 135
7243 135
7244 135
7245 135
7246 135
7247 135
7248 135
7249 135
7250 135
7251 136
7252 135
7253 135
7254 135
7255 135
7256 135
7257 135
7258 135
7259 135
7260 135
7261 135
7262 135
7263 136
7264 135
7265 135
7266 135
7267 135
7268 135
7269 135
7270 135
7271 135
7272 135
7273 135
7274 136
7275 136
7276 136
7277 135
7278 135
7279 135
7280 135
7281 135
7282 135
7283 135
7284 135
7285 135
7286 136
7287 134
7288 134
7289 134
7290 134
7291 133
7292 137
7293 137
7294 138
7295 138
7296 138
7297 138
7298 138
7299 138
7300 138
7301 138
7302 138
7303 138
7304 137
7305 138
7306 138
7307 138
7308 138
7309 138
7310 138
7311 138
7312 138
7313 138
7314 138
7315 138
7316 138
7317 138
7318 138
7319 138
7320 138
7321 138
7322 396
7323 396
7324 396
7325 396
7326 397
7327 397
7328 397
7329 397
7330 396
7331 396
7332 396
7333 396
7334 396
7335 396
7336 396
7337 397
7338 397
7339 397
7340 397
7341 397
7342 397
7343 396
7344 396
7345 396
7346 396
7347 396
7348 397
7349 397
7350 397
7351 397
7352 397
7353 397
7354 397
7355 397
7356 396
7357 396
7358 396
7359 397
7360 397
7361 397
7362 397
7363 397
7364 397
7365 397
7366 397
7367 397
7368 397
7369 396
7370 396
7371 397
7372 397
7373 397
7374 397
7375 397
7376 397
7377 397
7378 397
7379 397
7380 397
7381 397
7382 397
7383 397
7384 397
7385 397
7386 397
7387 397
7388 397
7389 397
7390 397
7391 397
7392 396
7393 397
7394 397
7395 397
7396 397
7397 397
7398 397
7399 397
7400 397
7401 397
7402 397
7403 397
7404 396
7405 397
7406 397
7407 397
7408 397
7409 397
7410 397
7411 397
7412 397
7413 397
7414 397
7415 397
7416 398
7417 398
7418 397
7419 397
7420 397
7421 397
7422 397
7423 397
7424 397
7425 397
7426 398
7427 398
7428 398
7429 398
7430 398
7431 397
7432 397
7433 397
7434 397
7435 397
7436 397
7437 398
7438 398
7439 398
7440 398
7441 398
7442 398
7443 398
7444 397
7445 397
7446 397
7447 397
7448 397
7449 398
7450 398
7451 398
7452 398
7453 398
7454 398
7455 398
7456 398
7457 397
7458 397
7459 397
7460 397
7461 398
7462 398
7463 398
7464 398
7465 398
7466 398
7467 398
7468 398
7469 398
7470 397
7471 397
7472 398
7473 398
7474 398
7475 398
7476 398
7477 398
7478 398
7479 398
7480 398
7481 398
7482 398
7483 397
7484 398
7485 398
7486 398
7487 398
7488 398
7489 398
7490 398
7491 398
7492 398
7493 398
7494 398
7495 398
7496 398
7497 398
7498 398
7499 398
7500 398
7501 398
7502 398
7503 398
7504 398
7505 398
7506 398
7507 399
7508 399
7509 399
7510 398
7511 398
7512 398
7513 398
7514 208
7515 208
7516 208
7517 207
7518 207
7519 208
7520 208
7521 208
7522 210
7523 210
7524 210
7525 210
7526 210
7527 210
7528 211
7529 211
7530 210
7531 210
7532 210
7533 210
7534 210
7535 210
7536 210
7537 210
7538 211
7539 211
7540 211
7541 211
7542 211
7543 211
7544 210
7545 210
7546 210
7547 210
7548 210
7549 210
7550 211
7551 211
7552 211
7553 211
7554 211
7555 211
7556 211
7557 211
7558 211
7559 210
7560 210
7561 210
7562 211
7563 211
7564 211
7565 211
7566 211
7567 211
7568 211
7569 211
7570 211
7571 211
7572 210
7573 210
7574 211
7575 211
7576 211
7577 211
7578 211
7579 211
7580 211
7581 211
7582 211
7583 211
7584 211
7585 211
7586 211
7587 211
7588 211
7589 211
7590 211
7591 211
7592 211
7593 211
7594 211
7595 211
7596 211
7597 212
7598 212
7599 211
7600 211
7601 211
7602 211
7603 211
7604 211
7605 211
7606 211
7607 211
7608 212
7609 212
7610 212
7611 212
7612 211
7613 211
7614 211
7615 211
7616 211
7617 211
7618 211
7619 211
7620 212
7621 212
7622 212
7623 212
7624 212
7625 212
7626 211
7627 211
7628 211
7629 211
7630 211
7631 212
7632 212
7633 212
7634 212
7635 212
7636 212
7637 212
7638 212
7639 212
7640 211
7641 211
7642 211
7643 212
7644 212
7645 212
7646 212
7647 212
7648 212
7649 212
7650 212
7651 212
7652 212
7653 212
7654 211
7655 212
7656 212
7657 212
7658 212
7659 212
7660 212
7661 212
7662 212
7663 212
7664 212
7665 212
7666 213
7667 213
7668 213
7669 212
7670 212
7671 212
7672 212
7673 212
7674 212
7675 212
7676 212
7677 212
7678 213
7679 213
7680 213
7681 213
7682 212
7683 212
7684 212
7685 212
7686 212
7687 212
7688 212
7689 212
7690 212
7691 212
7692 212
7693 212
7694 212
7695 212
7696 212
7697 212
7698 212
7699 212
7700 212
7701 213
7702 213
7703 212
7704 212
7705 212
7706 212
7707 212
7708 212
7709 212
7710 212
7711 212
7712 212
7713 213
7714 213
7715 213
7716 213
7717 213
7718 212
7719 212
7720 212
7721 212
7722 212
7723 212
7724 213
7725 213
7726 213
7727 213
7728 213
7729 213
7730 213
7731 213
7732 212
7733 212
7734 212
7735 212
7736 213
7737 213
7738 213
7739 213
7740 213
7741 213
7742 213
7743 213
7744 213
7745 213
7746 212
7747 213
7748 213
7749 213
7750 213
7751 213
7752 213
7753 213
7754 213
7755 213
7756 213
7757 213
7758 213
7759 214
7760 214
7761 213
7762 213
7763 213
7764 213
7765 213
7766 213
7767 213
7768 213
7769 213
7770 214
7771 214
7772 214
7773 214
7774 214
7775 213
7776 213
7777 213
7778 213
7779 213
7780 213
7781 213
7782 214
7783 214
7784 214
7785 214
7786 214
7787 214
7788 214
7789 213
7790 213
7791 213
7792 213
7793 214
7794 214
7795 214
7796 214
7797 214
7798 214
7799 214
7800 214
7801 214
7802 214
7803 214
7804 213
7805 214
7806 214
7807 214
7808 214
7809 214
7810 163
7811 163
7812 163
7813 163
7814 163
7815 156
7816 157
7817 156
7818 156
7819 156
7820 156
7821 156
7822 156
7823 156
7824 156
7825 156
7826 156
7827 156
7828 157
7829 157
7830 156
7831 156
7832 156
7833 156
7834 156
7835 156
7836 156
7837 156
7838 156
7839 157
7840 157
7841 157
7842 157
7843 157
7844 156
7845 156
7846 156
7847 156
7848 156
7849 156
7850 156
7851 157
7852 157
7853 157
7854 157
7855 157
7856 157
7857 157
7858 157
7859 156
7860 156
7861 156
7862 156
7863 157
7864 157
7865 157
7866 157
7867 157
7868 157
7869 157
7870 157
7871 152
7872 152
7873 152
7874 153
7875 153
7876 153
7877 153
7878 153
7879 153
7880 153
7881 153
7882 153
7883 153
7884 152
7885 152
7886 153
7887 153
7888 153
7889 153
7890 153
7891 153
7892 153
7893 153
7894 153
7895 153
7896 153
7897 153
7898 154
7899 153
7900 153
7901 153
7902 153
7903 153
7904 153
7905 153
7906 153
7907 153
7908 153
7909 154
7910 154
7911 154
7912 154
7913 154
7914 154
7915 154
7916 153
7917 153
7918 153
7919 153
7920 153
7921 154
7922 154
7923 154
7924 154
7925 154
7926 154
7927 154
7928 154
7929 154
7930 154
7931 154
7932 154
7933 154
7934 154
7935 154
7936 154
7937 154
7938 154
7939 154
7940 154
7941 154
7942 154
7943 154
7944 155
7945 155
7946 155
7947 154
7948 154
7949 154
7950 154
7951 154
7952 154
7953 154
7954 154
7955 155
7956 155
7957 155
7958 155
7959 155
7960 155
7961 155
7962 155
7963 154
7964 154
7965 154
7966 154
7967 155
7968 155
7969 155
7970 155
7971 155
7972 155
7973 155
7974 155
7975 155
7976 155
7977 155
7978 155
7979 155
7980 155
7981 155
7982 155
7983 155
7984 155
7985 155
7986 155
7987 155
7988 155
7989 155
7990 156
7991 156
7992 156
7993 155
7994 151
7995 150
7996 150
7997 150
7998 150
7999 150
8000 150
8001 150
8002 150
8003 150
8004 150
8005 150
8006 150
8007 150
8008 150
8009 150
8010 150
8011 150
8012 150
8013 151
8014 151
8015 151
8016 151
8017 149
8018 149
8019 149
8020 149
8021 149
8022 149
8023 149
8024 149
8025 149
8026 149
8027 149
8028 149
8029 149
8030 149
8031 149
8032 149
8033 149
8034 149
8035 149
8036 150
8037 150
8038 150
8039 150
8040 149
8041 149
8042 149
8043 149
8044 149
8045 149
8046 149
8047 149
8048 150
8049 150
8050 150
8051 150
8052 150
8053 150
8054 150
8055 150
8056 150
8057 149
8058 149
8059 150
8060 150
8061 150
8062 150
8063 150
8064 150
8065 150
8066 150
8067 150
8068 150
8069 150
8070 150
8071 151
8072 151
8073 150
8074 150
8075 155
8076 156
8077 156
8078 156
8079 156
8080 156
8081 156
8082 156
8083 156
8084 156
8085 156
8086 156
8087 155
8088 155
8089 155
8090 159
8091 159
8092 159
8093 158
8094 158
8095 158
8096 158
8097 159
8098 159
8099 159
8100 159
8101 159
8102 159
8103 159
8104 159
8105 159
8106 159
8107 159
8108 159
8109 160
8110 159
8111 159
8112 159
8113 159
8114 159
8115 159
8116 159
8117 159
8118 159
8119 159
8120 159
8121 160
8122 160
8123 160
8124 160
8125 160
8126 159
8127 159
8128 159
8129 159
8130 159
8131 159
8132 159
8133 159
8134 160
8135 160
8136 160
8137 160
8138 160
8139 160
8140 160
8141 160
8142 159
8143 159
8144 159
8145 159
8146 160
8147 160
8148 160
8149 160
8150 160
8151 160
8152 160
8153 160
8154 160
8155 160
8156 160
8157 160
8158 160
8159 160
8160 160
8161 160
8162 160
8163 160
8164 160
8165 160
8166 160
8167 160
8168 160
8169 160
8170 160
8171 161
8172 161
8173 161
8174 161
8175 160
8176 160
8177 160
8178 160
8179 160
8180 160
8181 160
8182 160
8183 161
8184 161
8185 161
8186 161
8187 161
8188 161
8189 161
8190 161
8191 165
8192 166
8193 166
8194 166
8195 166
8196 166
8197 166
8198 166
8199 169
8200 170
8201 170
8202 170
8203 170
8204 170
8205 170
8206 170
8207 170
8208 170
8209 170
8210 170
8211 170
8212 170
8213 170
8214 170
8215 170
8216 170
8217 170
8218 170
8219 170
8220 170
8221 171
8222 171
8223 171
8224 170
8225 170
8226 170
8227 170
8228 170
8229 170
8230 170
8231 170
8232 170
8233 170
8234 171
8235 171
8236 171
8237 171
8238 171
8239 171
8240 171
8241 170
8242 170
8243 170
8244 170
8245 170
8246 170
8247 171
8248 171
8249 171
8250 171
8251 171
8252 171
8253 171
8254 171
8255 171
8256 171
8257 170
8258 170
8259 171
8260 171
8261 171
8262 171
8263 171
8264 171
8265 171
8266 171
8267 171
8268 171
8269 171
8270 171
8271 171
8272 172
8273 172
8274 171
8275 171
8276 171
8277 171
8278 171
8279 170
8280 170
8281 170
8282 170
8283 170
8284 170
8285 171
8286 171
8287 171
8288 171
8289 171
8290 171
8291 171
8292 171
8293 171
8294 171
8295 170
8296 170
8297 170
8298 171
8299 171
8300 171
8301 171
8302 171
8303 171
8304 171
8305 171
8306 171
8307 171
8308 171
8309 171
8310 171
8311 171
8312 171
8313 171
8314 171
8315 171
8316 171
8317 171
8318 171
8319 171
8320 171
8321 171
8322 228
8323 228
8324 228
8325 228
8326 228
8327 228
8328 227
8329 228
8330 228
8331 228
8332 228
8333 228
8334 228
8335 228
8336 228
8337 228
8338 228
8339 228
8340 228
8341 229
8342 228
8343 228
8344 228
8345 228
8346 228
8347 228
8348 228
8349 228
8350 228
8351 228
8352 228
8353 229
8354 229
8355 229
8356 228
8357 228
8358 228
8359 228
8360 228
8361 228
8362 228
8363 228
8364 228
8365 228
8366 229
8367 229
8368 229
8369 229
8370 229
8371 229
8372 228
8373 228
8374 228
8375 228
8376 228
8377 228
8378 229
8379 229
8380 229
8381 229
8382 229
8383 229
8384 229
8385 229
8386 229
8387 228
8388 228
8389 228
8390 229
8391 229
8392 229
8393 229
8394 229
8395 229
8396 229
8397 229
8398 229
8399 229
8400 229
8401 228
8402 228
8403 229
8404 229
8405 229
8406 229
8407 229
8408 229
8409 229
8410 229
8411 229
8412 229
8413 229
8414 229
8415 229
8416 229
8417 229
8418 229
8419 229
8420 229
8421 229
8422 229
8423 229
8424 229
8425 229
8426 229
8427 229
8428 230
8429 230
8430 230
8431 230
8432 229
8433 229
8434 229
8435 229
8436 229
8437 229
8438 229
8439 229
8440 230
8441 230
8442 230
8443 222
8444 221
8445 221
8446 221
8447 221
8448 221
8449 221
8450 221
8451 221
8452 222
8453 222
8454 222
8455 221
8456 221
8457 221
8458 221
8459 221
8460 221
8461 221
8462 221
8463 221
8464 221
8465 222
8466 222
8467 222
8468 222
8469 222
8470 222
8471 221
8472 221
8473 221
8474 221
8475 221
8476 221
8477 222
8478 222
8479 222
8480 222
8481 222
8482 222
8483 222
8484 222
8485 222
8486 221
8487 221
8488 221
8489 221
8490 222
8491 222
8492 222
8493 222
8494 222
8495 222
8496 222
8497 222
8498 222
8499 222
8500 222
8501 222
8502 223
8503 222
8504 222
8505 222
8506 222
8507 222
8508 222
8509 222
8510 222
8511 222
8512 222
8513 222
8514 222
8515 223
8516 223
8517 223
8518 222
8519 222
8520 222
8521 222
8522 222
8523 222
8524 222
8525 222
8526 222
8527 223
8528 223
8529 223
8530 223
8531 222
8532 222
8533 222
8534 222
8535 222
8536 222
8537 222
8538 222
8539 223
8540 223
8541 223
8542 223
8543 223
8544 223
8545 223
8546 223
8547 222
8548 222
8549 222
8550 222
8551 222
8552 223
8553 223
8554 223
8555 223
8556 223
8557 223
8558 223
8559 223
8560 223
8561 223
8562 223
8563 223
8564 222
8565 223
8566 223
8567 223
8568 223
8569 223
8570 223
8571 223
8572 223
8573 223
8574 223
8575 223
8576 223
8577 223
8578 224
8579 224
8580 223
8581 223
8582 223
8583 223
8584 223
8585 223
8586 223
8587 223
8588 223
8589 223
8590 223
8591 224
8592 224
8593 224
8594 223
8595 223
8596 223
8597 223
8598 223
8599 223
8600 223
8601 223
8602 224
8603 224
8604 224
8605 224
8606 224
8607 224
8608 224
8609 224
8610 223
8611 223
8612 223
8613 223
8614 223
8615 224
8616 224
8617 224
8618 224
8619 224
8620 224
8621 224
8622 224
8623 224
8624 224
8625 224
8626 223
8627 223
8628 224
8629 224
8630 224
8631 224
8632 224
8633 226
8634 226
8635 226
8636 226
8637 226
8638 226
8639 226
8640 226
8641 227
8642 226
8643 226
8644 226
8645 226
8646 226
8647 226
8648 226
8649 226
8650 226
8651 226
8652 226
8653 227
8654 227
8655 227
8656 227
8657 227
8658 226
8659 226
8660 226
8661 226
8662 226
8663 226
8664 226
8665 227
8666 227
8667 227
8668 227
8669 227
8670 227
8671 227
8672 226
8673 226
8674 226
8675 226
8676 226
8677 226
8678 227
8679 227
8680 227
8681 227
8682 227
8683 227
8684 227
8685 227
8686 227
8687 227
8688 226
8689 226
8690 227
8691 227
8692 227
8693 227
8694 227
8695 227
8696 227
8697 227
8698 227
8699 227
8700 227
8701 227
8702 227
8703 228
8704 227
8705 227
8706 227
8707 227
8708 227
8709 227
8710 227
8711 227
8712 227
8713 227
8714 227
8715 227
8716 228
8717 228
8718 228
8719 228
8720 228
8721 227
8722 227
8723 227
8724 227
8725 227
8726 227
8727 227
8728 228
8729 228
8730 228
8731 228
8732 228
8733 228
8734 228
8735 228
8736 228
8737 225
8738 225
8739 225
8740 225
8741 226
8742 226
8743 226
8744 226
8745 226
8746 226
8747 226
8748 225
8749 225
8750 225
8751 225
8752 225
8753 225
8754 226
8755 226
8756 226
8757 226
8758 226
8759 226
8760 226
8761 226
8762 226
8763 226
8764 225
8765 225
8766 226
8767 226
8768 226
8769 226
8770 226
8771 226
8772 226
8773 226
8774 226
8775 226
8776 226
8777 226
8778 226
8779 227
8780 227
8781 226
8782 226
8783 226
8784 226
8785 226
8786 226
8787 226
8788 226
8789 226
8790 226
8791 226
8792 227
8793 227
8794 227
8795 227
8796 226
8797 226
8798 226
8799 226
8800 226
8801 226
8802 226
8803 226
8804 226
8805 227
8806 227
8807 227
8808 227
8809 227
8810 227
8811 227
8812 226
8813 226
8814 226
8815 226
8816 226
8817 227
8818 227
8819 227
8820 227
8821 227
8822 227
8823 227
8824 227
8825 227
8826 227
8827 226
8828 226
8829 227
8830 227
8831 227
8832 227
8833 227
8834 227
8835 227
8836 227
8837 227
8838 227
8839 227
8840 227
8841 227
8842 228
8843 228
8844 227
8845 227
8846 227
8847 227
8848 227
8849 227
8850 227
8851 227
8852 227
8853 227
8854 228
8855 228
8856 228
8857 228
8858 228
8859 227
8860 227
8861 227
8862 227
8863 227
8864 227
8865 227
8866 227
8867 228
8868 228
8869 228
8870 228
8871 228
8872 228
8873 227
8874 227
8875 227
8876 227
8877 227
8878 227
8879 228
8880 228
8881 228
8882 228
8883 228
8884 228
8885 228
8886 228
8887 228
8888 228
8889 228
8890 227
8891 227
8892 228
8893 228
8894 228
8895 228
8896 228
8897 228
8898 228
8899 228
8900 228
8901 228
8902 228
8903 228
8904 228
8905 228
8906 228
8907 228
8908 228
8909 228
8910 228
8911 228
8912 228
8913 228
8914 228
8915 228
8916 228
8917 229
8918 229
8919 229
8920 228
8921 228
8922 228
8923 228
8924 228
8925 228
8926 228
8927 228
8928 228
8929 229
8930 229
8931 229
8932 229
8933 229
8934 229
8935 229
8936 228
8937 228
8938 228
8939 228
8940 228
8941 229
8942 229
8943 229
8944 229
8945 229
8946 229
8947 229
8948 229
8949 229
8950 229
8951 229
8952 229
8953 228
8954 229
8955 229
8956 229
8957 229
8958 229
8959 229
8960 229
8961 229
8962 229
8963 229
8964 229
8965 229
8966 230
8967 230
8968 230
8969 230
8970 229
8971 229
8972 229
8973 229
8974 229
8975 229
8976 229
8977 229
8978 229
8979 230
8980 230
8981 230
8982 230
8983 230
8984 230
8985 230
8986 229
8987 229
8988 229
8989 229
8990 229
8991 229
8992 230
8993 230
8994 230
8995 230
8996 230
8997 230
8998 230
8999 405
9000 406
9001 406
9002 405
9003 405
9004 405
9005 405
9006 405
9007 405
9008 405
9009 405
9010 405
9011 406
9012 406
9013 406
9014 406
9015 406
9016 406
9017 406
9018 405
9019 405
9020 405
9021 405
9022 405
9023 405
9024 406
9025 406
9026 406
9027 406
9028 406
9029 406
9030 406
9031 406
9032 406
9033 406
9034 405
9035 405
9036 406
9037 406
9038 406
9039 406
9040 406
9041 406
9042 406
9043 406
9044 406
9045 406
9046 406
9047 406
9048 407
9049 407
9050 406
9051 406
9052 406
9053 406
9054 406
9055 406
9056 406
9057 406
9058 406
9059 406
9060 406
9061 406
9062 407
9063 407
9064 407
9065 407
9066 406
9067 406
9068 406
9069 406
9070 406
9071 406
9072 406
9073 406
9074 407
9075 407
9076 407
9077 407
9078 407
9079 407
9080 407
9081 407
9082 407
9083 406
9084 406
9085 406
9086 406
9087 407
9088 407
9089 407
9090 407
9091 407
9092 407
9093 407
9094 407
9095 407
9096 407
9097 407
9098 407
9099 406
9100 407
9101 407
9102 407
9103 407
9104 407
9105 407
9106 407
9107 407
9108 407
9109 407
9110 407
9111 407
9112 407
9113 408
9114 408
9115 407
9116 407
9117 407
9118 407
9119 407
9120 407
9121 407
9122 407
9123 407
9124 407
9125 408
9126 408
9127 408
9128 406
9129 405
9130 405
9131 405
9132 405
9133 405
9134 405
9135 405
9136 405
9137 405
9138 406
9139 406
9140 406
9141 406
9142 405
9143 405
9144 405
9145 405
9146 405
9147 405
9148 405
9149 405
9150 405
9151 406
9152 406
9153 406
9154 406
9155 406
9156 406
9157 406
9158 406
9159 405
9160 405
9161 405
9162 405
9163 405
9164 406
9165 406
9166 406
9167 406
9168 406
9169 406
9170 406
9171 406
9172 406
9173 406
9174 406
9175 406
9176 406
9177 406
9178 406
9179 406
9180 406
9181 406
9182 406
9183 406
9184 406
9185 406
9186 406
9187 407
9188 407
9189 407
9190 407
9191 406
9192 406
9193 406
9194 406
9195 406
9196 406
9197 406
9198 406
9199 407
9200 407
9201 407
9202 407
9203 407
9204 407
9205 407
9206 407
9207 406
9208 399
9209 399
9210 398
9211 398
9212 399
9213 399
9214 399
9215 399
9216 399
9217 399
9218 399
9219 399
9220 399
9221 399
9222 399
9223 399
9224 400
9225 399
9226 399
9227 399
9228 399
9229 399
9230 399
9231 399
9232 399
9233 399
9234 392
9235 392
9236 391
9237 392
9238 392
9239 392
9240 392
9241 392
9242 392
9243 392
9244 392
9245 392
9246 392
9247 392
9248 392
9249 392
9250 393
9251 393
9252 393
9253 392
9254 392
9255 392
9256 392
9257 392
9258 392
9259 392
9260 392
9261 392
9262 392
9263 393
9264 393
9265 393
9266 393
9267 393
9268 393
9269 393
9270 392
9271 392
9272 392
9273 391
9274 391
9275 392
9276 392
9277 392
9278 392
9279 392
9280 392
9281 392
9282 392
9283 392
9284 392
9285 392
9286 392
9287 393
9288 393
9289 392
9290 392
9291 392
9292 392
9293 392
9294 392
9295 392
9296 392
9297 392
9298 392
9299 392
9300 393
9301 393
9302 393
9303 393
9304 393
9305 392
9306 392
9307 392
9308 392
9309 392
9310 392
9311 392
9312 392
9313 393
9314 393
9315 393
9316 393
9317 393
9318 393
9319 393
9320 393
9321 393
9322 128
9323 128
9324 128
9325 129
9326 129
9327 129
9328 129
9329 129
9330 129
9331 129
9332 129
9333 129
9334 128
9335 128
9336 128
9337 128
9338 129
9339 129
9340 129
9341 129
9342 129
9343 129
9344 129
9345 129
9346 129
9347 129
9348 129
9349 129
9350 128
9351 129
9352 129
9353 129
9354 129
9355 129
9356 129
9357 129
9358 129
9359 129
9360 129
9361 129
9362 129
9363 129
9364 130
9365 130
9366 130
9367 130
9368 129
9369 129
9370 129
9371 129
9372 129
9373 129
9374 129
9375 129
9376 130
9377 130
9378 130
9379 130
9380 130
9381 130
9382 130
9383 130
9384 129
9385 129
9386 129
9387 129
9388 130
9389 130
9390 130
9391 130
9392 130
9393 130
9394 130
9395 130
9396 130
9397 130
9398 130
9399 129
9400 129
9401 130
9402 130
9403 130
9404 130
9405 130
9406 130
9407 130
9408 130
9409 130
9410 130
9411 130
9412 130
9413 130
9414 130
9415 130
9416 130
9417 130
9418 130
9419 130
9420 130
9421 130
9422 130
9423 130
9424 130
9425 133
9426 133
9427 133
9428 133
9429 133
9430 132
9431 132
9432 132
9433 132
9434 132
9435 132
9436 133
9437 133
9438 133
9439 133
9440 133
9441 133
9442 133
9443 133
9444 133
9445 132
9446 132
9447 132
9448 132
9449 133
9450 133
9451 133
9452 133
9453 133
9454 133
9455 133
9456 133
9457 133
9458 133
9459 133
9460 133
9461 132
9462 133
9463 133
9464 133
9465 133
9466 133
9467 133
9468 133
9469 133
9470 133
9471 133
9472 133
9473 133
9474 133
9475 134
9476 134
9477 133
9478 133
9479 133
9480 133
9481 131
9482 131
9483 131
9484 130
9485 130
9486 130
9487 131
9488 131
9489 131
9490 131
9491 131
9492 131
9493 131
9494 131
9495 131
9496 131
9497 131
9498 131
9499 132
9500 132
9501 131
9502 131
9503 131
9504 131
9505 131
9506 131
9507 131
9508 131
9509 131
9510 131
9511 132
9512 132
9513 132
9514 132
9515 132
9516 132
9517 132
9518 131
9519 131
9520 131
9521 131
9522 131
9523 131
9524 132
9525 132
9526 132
9527 132
9528 132
9529 132
9530 132
9531 132
9532 132
9533 132
9534 131
9535 131
9536 131
9537 132
9538 132
9539 132
9540 132
9541 132
9542 132
9543 132
9544 132
9545 132
9546 132
9547 132
9548 132
9549 132
9550 132
9551 132
9552 132
9553 132
9554 132
9555 132
9556 132
9557 132
9558 132
9559 132
9560 132
9561 132
9562 132
9563 133
9564 133
9565 133
9566 132
9567 132
9568 132
9569 132
9570 132
9571 132
9572 132
9573 132
9574 132
9575 132
9576 133
9577 133
9578 133
9579 133
9580 133
9581 132
9582 132
9583 132
9584 132
9585 132
9586 132
9587 132
9588 132
9589 133
9590 133
9591 133
9592 133
9593 133
9594 133
9595 133
9596 132
9597 132
9598 132
9599 132
9600 132
9601 132
9602 133
9603 133
9604 133
9605 133
9606 133
9607 133
9608 133
9609 133
9610 133
9611 133
9612 132
9613 132
9614 132
9615 133
9616 133
9617 133
9618 133
9619 133
9620 133
9621 133
9622 133
9623 133
9624 133
9625 133
9626 133
9627 134
9628 134
9629 133
9630 133
9631 133
9632 133
9633 133
9634 133
9635 133
9636 133
9637 133
9638 133
9639 133
9640 134
9641 134
9642 134
9643 134
9644 134
9645 134
9646 135
9647 135
9648 135
9649 135
9650 135
9651 135
9652 135
9653 135
9654 135
9655 135
9656 135
9657 135
9658 136
9659 136
9660 136
9661 136
9662 135
9663 135
9664 135
9665 135
9666 135
9667 135
9668 135
9669 135
9670 136
9671 136
9672 136
9673 136
9674 136
9675 136
9676 136
9677 136
9678 135
9679 135
9680 135
9681 135
9682 135
9683 136
9684 136
9685 136
9686 136
9687 136
9688 136
9689 136
9690 136
9691 136
9692 136
9693 136
9694 136
9695 135
9696 136
9697 136
9698 136
9699 136
9700 136
9701 136
9702 136
9703 136
9704 136
9705 136
9706 136
9707 136
9708 136
9709 137
9710 137
9711 137
9712 136
9713 136
9714 136
9715 136
9716 136
9717 136
9718 136
9719 136
9720 136
9721 136
9722 137
9723 137
9724 137
9725 137
9726 137
9727 137
9728 137
9729 136
9730 136
9731 136
9732 136
9733 137
9734 137
9735 137
9736 137
9737 137
9738 137
9739 137
9740 137
9741 137
9742 137
9743 138
9744 137
9745 137
9746 137
9747 137
9748 137
9749 137
9750 137
9751 137
9752 137
9753 137
9754 137
9755 138
9756 138
9757 138
9758 138
9759 138
9760 138
9761 137
9762 137
9763 137
9764 137
9765 137
9766 137
9767 137
9768 138
9769 220
9770 220
9771 220
9772 220
9773 220
9774 221
9775 221
9776 221
9777 221
9778 220
9779 220
9780 220
9781 220
9782 220
9783 220
9784 221
9785 221
9786 221
9787 221
9788 221
9789 221
9790 221
9791 221
9792 221
9793 221
9794 221
9795 221
9796 221
9797 221
9798 221
9799 221
9800 221
9801 221
9802 221
9803 221
9804 221
9805 221
9806 221
9807 221
9808 222
9809 222
9810 222
9811 221
9812 221
9813 221
9814 221
9815 221
9816 221
9817 221
9818 221
9819 221
9820 221
9821 222
9822 222
9823 222
9824 222
9825 222
9826 222
9827 222
9828 221
9829 221
9830 221
9831 221
9832 221
9833 222
9834 222
9835 222
9836 222
9837 222
9838 222
9839 222
9840 222
9841 222
9842 222
9843 222
9844 221
9845 221
9846 222
9847 222
9848 222
9849 222
9850 222
9851 222
9852 222
9853 222
9854 222
9855 222
9856 222
9857 222
9858 222
9859 223
9860 223
9861 222
9862 222
9863 222
9864 222
9865 222
9866 222
9867 222
9868 222
9869 222
9870 222
9871 222
9872 223
9873 223
9874 223
9875 223
9876 222
9877 220
9878 220
9879 220
9880 220
9881 220
9882 220
9883 220
9884 220
9885 221
9886 220
9887 220
9888 220
9889 220
9890 220
9891 220
9892 220
9893 220
9894 220
9895 220
9896 220
9897 221
9898 221
9899 221
9900 221
9901 221
9902 221
9903 220
9904 220
9905 220
9906 220
9907 220
9908 220
9909 220
9910 221
9911 221
9912 221
9913 221
9914 221
9915 221
9916 221
9917 221
9918 221
9919 220
9920 220
9921 220
9922 220
9923 221
9924 221
9925 221
9926 221
9927 221
9928 221
9929 221
9930 221
9931 221
9932 221
9933 221
9934 221
9935 220
9936 221
9937 221
9938 221
9939 221
9940 221
9941 221
9942 221
9943 221
9944 221
9945 221
9946 221
9947 221
9948 222
9949 222
9950 222
9951 221
9952 221
9953 221
9954 221
9955 221
9956 221
9957 221
9958 222
9959 222
9960 222
9961 222
9962 222
9963 222
9964 222
9965 222
9966 221
9967 221
9968 221
9969 221
9970 221
9971 222
9972 222
9973 222
9974 222
9975 222
9976 222
9977 222
9978 222
9979 222
9980 222
9981 222
9982 222
9983 221
9984 222
9985 222
9986 222
9987 222
9988 222
9989 222
9990 222
9991 222
9992 222
9993 222
9994 222
9995 222
9996 223
9997 223
9998 223
9999 208
10000 209
10001 209
10002 209
10003 209
10004 209
10005 209
10006 208
10007 208
10008 208
10009 208
10010 208
10011 208
10012 209
10013 209
10014 209
10015 209
10016 209
10017 209
10018 209
10019 209
10020 209
10021 209
10022 208
10023 208
10024 209
10025 209
10026 209
10027 209
10028 209
10029 209
10030 209
10031 209
10032 209
10033 209
10034 209
10035 210
10036 210
10037 209
10038 209
10039 209
10040 209
10041 209
10042 209
10043 209
10044 209
10045 209
10046 209
10047 210
10048 210
10049 210
10050 210
10051 210
10052 210
10053 209
10054 209
10055 209
10056 209
10057 209
10058 209
10059 209
10060 210
10061 210
10062 210
10063 210
10064 210
10065 210
10066 210
10067 210
10068 210
10069 210
10070 210
10071 209
10072 209
10073 210
10074 210
10075 210
10076 210
10077 210
10078 210
10079 210
10080 210
10081 210
10082 210
10083 210
10084 211
10085 211
10086 210
10087 210
10088 210
10089 210
10090 210
10091 210
10092 210
10093 210
10094 210
10095 210
10096 210
10097 211
10098 211
10099 211
10100 211
10101 211
10102 210
10103 210
10104 210
10105 210
10106 210
10107 210
10108 210
10109 210
10110 211
10111 211
10112 211
10113 211
10114 211
10115 211
10116 211
10117 211
10118 211
10119 210
10120 210
10121 210
10122 211
10123 211
10124 211
10125 211
10126 211
10127 211
10128 211
10129 211
10130 211
10131 211
10132 211
10133 211
10134 211
10135 212
10136 211
10137 211
10138 211
10139 211
10140 211
10141 211
10142 211
10143 211
10144 211
10145 211
10146 212
10147 212
10148 212
10149 212
10150 212
10151 212
10152 212
10153 211
10154 211
10155 211
10156 211
10157 211
10158 212
10159 212
10160 212
10161 212
10162 212
10163 212
10164 212
10165 212
10166 212
10167 212
10168 211
10169 211
10170 212
10171 212
10172 212
10173 212
10174 212
10175 212
10176 212
10177 212
10178 212
10179 212
10180 212
10181 212
10182 213
10183 213
10184 213
10185 212
10186 212
10187 212
10188 212
10189 212
10190 212
10191 212
10192 212
10193 212
10194 212
10195 213
10196 213
10197 213
10198 213
10199 213
10200 213
10201 212
10202 212
10203 212
10204 212
10205 212
10206 213
10207 213
10208 213
10209 213
10210 213
10211 213
10212 213
10213 213
10214 212
10215 212
10216 212
10217 212
10218 213
10219 213
10220 213
10221 213
10222 213
10223 213
10224 213
10225 213
10226 213
10227 213
10228 212
10229 212
10230 212
10231 213
10232 213
10233 213
10234 213
10235 213
10236 213
10237 213
10238 213
10239 213
10240 213
10241 213
10242 213
10243 213
10244 213
10245 215
10246 216
10247 216
10248 216
10249 216
10250 216
10251 216
10252 216
10253 216
10254 216
10255 216
10256 216
10257 216
10258 217
10259 217
10260 216
10261 216
10262 216
10263 216
10264 216
10265 216
10266 216
10267 216
10268 216
10269 216
10270 216
10271 217
10272 217
10273 217
10274 217
10275 217
10276 216
10277 216
10278 216
10279 216
10280 216
10281 216
10282 216
10283 217
10284 217
10285 217
10286 217
10287 217
10288 217
10289 217
10290 217
10291 217
10292 216
10293 216
10294 216
10295 216
10296 217
10297 217
10298 217
10299 217
10300 217
10301 217
10302 217
10303 217
10304 217
10305 217
10306 217
10307 217
10308 217
10309 217
10310 217
10311 217
10312 217
10313 217
10314 217
10315 217
10316 217
10317 217
10318 217
10319 217
10320 217
10321 217
10322 218
10323 217
10324 217
10325 217
10326 217
10327 217
10328 217
10329 217
10330 217
10331 217
10332 217
10333 217
10334 218
10335 218
10336 218
10337 218
10338 218
10339 218
10340 218
10341 217
10342 217
10343 217
10344 217
10345 217
10346 217
10347 218
10348 218
10349 218
10350 218
10351 218
10352 218
10353 218
10354 218
10355 218
10356 218
10357 217
10358 217
10359 217
10360 218
10361 218
10362 218
10363 218
10364 218
10365 218
10366 218
10367 218
10368 218
10369 218
10370 218
10371 218
10372 218
10373 219
10374 218
10375 216
10376 216
10377 216
10378 216
10379 216
10380 216
10381 216
10382 216
10383 216
10384 216
10385 217
10386 217
10387 217
10388 217
10389 217
10390 216
10391 216
10392 216
10393 216
10394 216
10395 216
10396 216
10397 216
10398 217
10399 217
10400 217
10401 217
10402 217
10403 217
10404 217
10405 217
10406 217
10407 216
10408 216
10409 216
10410 216
10411 217
10412 217
10413 217
10414 217
10415 217
10416 217
10417 217
10418 217
10419 217
10420 217
10421 217
10422 217
10423 217
10424 217
10425 217
10426 217
10427 217
10428 217
10429 217
10430 217
10431 217
10432 217
10433 217
10434 217
10435 217
10436 218
10437 218
10438 218
10439 217
10440 217
10441 217
10442 217
10443 217
10444 217
10445 217
10446 217
10447 217
10448 217
10449 218
10450 218
10451 218
10452 218
10453 218
10454 218
10455 218
10456 217
10457 217
10458 217
10459 217
10460 217
10461 217
10462 218
10463 218
10464 218
10465 218
10466 218
10467 218
10468 218
10469 218
10470 218
10471 218
10472 218
10473 217
10474 217
10475 218
10476 218
10477 218
10478 218
10479 218
10480 218
10481 218
10482 218
10483 218
10484 218
10485 218
10486 218
10487 219
10488 218
10489 218
10490 218
10491 218
10492 218
10493 218
10494 218
10495 218
10496 218
10497 218
10498 218
10499 218
10500 219
10501 219
10502 219
10503 219
10504 218
10505 218
10506 218
10507 218
10508 218
10509 218
10510 218
10511 218
10512 219
10513 219
10514 219
10515 219
10516 219
10517 219
10518 219
10519 219
10520 218
10521 218
10522 218
10523 218
10524 218
10525 219
10526 219
10527 219
10528 219
10529 219
10530 219
10531 219
10532 219
10533 219
10534 219
10535 219
10536 219
10537 218
10538 219
10539 219
10540 219
10541 219
10542 219
10543 219
10544 219
10545 219
10546 219
10547 219
10548 219
10549 219
10550 220
10551 220
10552 220
10553 220
10554 219
10555 219
10556 219
10557 219
10558 219
10559 219
10560 219
10561 219
10562 220
10563 220
10564 220
10565 220
10566 220
10567 220
10568 220
10569 220
10570 219
10571 219
10572 219
10573 219
10574 219
10575 220
10576 220
10577 220
10578 220
10579 220
10580 220
10581 220
10582 220
10583 220
10584 220
10585 220
10586 219
10587 220
10588 220
10589 220
10590 220
10591 220
10592 220
10593 220
10594 220
10595 220
10596 220
10597 220
10598 220
10599 220
10600 221
10601 221
10602 221
10603 220
10604 220
10605 220
10606 220
10607 220
10608 220
10609 220
10610 220
10611 220
10612 221
10613 221
10614 221
10615 221
10616 221
10617 221
10618 221
10619 220
10620 220
10621 220
10622 220
10623 220
10624 220
10625 221
10626 221
10627 221
10628 221
10629 221
10630 221
10631 221
10632 221
10633 221
10634 221
10635 221
10636 220
10637 221
10638 221
10639 221
10640 221
10641 221
10642 221
10643 221
10644 221
10645 221
10646 221
10647 221
10648 221
10649 221
10650 222
10651 222
10652 222
10653 221
10654 221
10655 221
10656 221
10657 221
10658 221
10659 221
10660 221
10661 221
10662 222
10663 222
10664 222
10665 222
10666 222
10667 222
10668 222
10669 222
10670 221
10671 221
10672 221
10673 221
10674 221
10675 222
10676 222
10677 222
10678 222
10679 222
10680 222
10681 222
10682 222
10683 222
10684 222
10685 222
10686 222
10687 222
10688 222
10689 222
10690 222
10691 222
10692 222
10693 222
10694 222
10695 222
10696 222
10697 222
10698 222
10699 222
10700 223
10701 223
10702 223
10703 223
10704 222
10705 222
10706 222
10707 222
10708 222
10709 222
10710 222
10711 222
10712 223
10713 223
10714 222
10715 221
10716 221
10717 221
10718 221
10719 221
10720 221
10721 221
10722 221
10723 221
10724 221
10725 222
10726 222
10727 222
10728 222
10729 222
10730 222
10731 221
10732 221
10733 221
10734 221
10735 221
10736 221
10737 222
10738 222
10739 222
10740 222
10741 222
10742 222
10743 222
10744 222
10745 222
10746 222
10747 222
10748 221
10749 221
10750 222
10751 222
10752 222
10753 222
10754 222
10755 222
10756 222
10757 222
10758 222
10759 222
10760 222
10761 222
10762 223
10763 223
10764 223
10765 222
10766 222
10767 222
10768 222
10769 110
10770 110
10771 110
10772 110
10773 110
10774 110
10775 111
10776 111
10777 111
10778 111
10779 111
10780 111
10781 110
10782 110
10783 110
10784 110
10785 110
10786 110
10787 111
10788 111
10789 111
10790 111
10791 111
10792 111
10793 115
10794 115
10795 115
10796 115
10797 114
10798 114
10799 115
10800 115
10801 115
10802 115
10803 115
10804 115
10805 115
10806 115
10807 115
10808 115
10809 115
10810 115
10811 115
10812 116
10813 116
10814 115
10815 115
10816 115
10817 115
10818 115
10819 115
10820 115
10821 115
10822 115
10823 115
10824 115
10825 116
10826 116
10827 116
10828 116
10829 116
10830 115
10831 115
10832 115
10833 115
10834 115
10835 115
10836 115
10837 116
10838 116
10839 116
10840 116
10841 116
10842 116
10843 116
10844 116
10845 116
10846 116
10847 116
10848 115
10849 115
10850 116
10851 116
10852 116
10853 116
10854 116
10855 116
10856 116
10857 116
10858 116
10859 116
10860 116
10861 116
10862 116
10863 117
10864 117
10865 116
10866 116
10867 116
10868 116
10869 116
10870 116
10871 116
10872 116
10873 116
10874 116
10875 117
10876 117
10877 117
10878 117
10879 117
10880 117
10881 117
10882 117
10883 116
10884 116
10885 116
10886 116
10887 117
10888 117
10889 117
10890 117
10891 117
10892 117
10893 117
10894 117
10895 117
10896 117
10897 117
10898 117
10899 117
10900 117
10901 117
10902 117
10903 117
10904 117
10905 117
10906 97
10907 97
10908 97
10909 97
10910 97
10911 98
10912 98
10913 98
10914 97
10915 97
10916 97
10917 97
10918 97
10919 97
10920 98
10921 98
10922 98
10923 98
10924 98
10925 98
10926 98
10927 98
10928 98
10929 99
10930 99
10931 98
10932 98
10933 98
10934 98
10935 98
10936 98
10937 98
10938 98
10939 98
10940 98
10941 99
10942 99
10943 99
10944 99
10945 99
10946 99
10947 99
10948 98
10949 98
10950 98
10951 98
10952 98
10953 98
10954 99
10955 99
10956 99
10957 99
10958 99
10959 99
10960 99
10961 99
10962 99
10963 99
10964 98
10965 98
10966 98
10967 99
10968 99
10969 99
10970 99
10971 99
10972 99
10973 99
10974 99
10975 99
10976 99
10977 99
10978 100
10979 100
10980 100
10981 99
10982 99
10983 99
10984 99
10985 99
10986 99
10987 99
10988 99
10989 99
10990 100
10991 100
10992 100
10993 100
10994 100
10995 100
10996 100
10997 99
10998 99
10999 3
11000 2
