1 77
2 78
3 78
4 79
5 79
6 79
7 79
8 79
9 79
10 79
11 46
12 46
13 46
14 46
15 46
16 46
17 46
18 46
19 47
20 46
21 41
22 41
23 40
24 41
25 41
26 41
27 41
28 41
29 41
30 42
31 38
32 38
33 38
34 38
35 38
36 38
37 38
38 38
39 38
40 39
41 28
42 27
43 27
44 27
45 27
46 28
47 28
48 28
49 28
50 28
51 24
52 25
53 25
54 25
55 25
56 25
57 26
58 26
59 26
60 26
61 22
62 22
63 23
64 23
65 23
66 23
67 23
68 23
69 23
70 23
71 20
72 20
73 20
74 21
75 21
76 21
77 21
78 20
79 21
80 21
81 146
82 146
83 146
84 146
85 147
86 147
87 147
88 147
89 147
90 147
91 144
92 144
93 144
94 144
95 144
96 144
97 144
98 145
99 145
100 145
101 138
102 137
103 137
104 138
105 138
106 138
107 138
108 138
109 138
110 138
111 136
112 136
113 136
114 135
115 135
116 135
117 136
118 136
119 135
120 135
121 131
122 131
123 131
124 132
125 132
126 132
127 132
128 132
129 132
130 133
131 128
132 128
133 128
134 127
135 127
136 127
137 128
138 128
139 128
140 128
141 125
142 125
143 126
144 126
145 126
146 126
147 126
148 125
149 128
150 128
151 125
152 125
153 125
154 125
155 126
156 126
157 126
158 126
159 126
160 126
161 124
162 124
163 123
164 123
165 123
166 123
167 124
168 124
169 124
170 124
171 116
172 116
173 116
174 117
175 117
176 117
177 116
178 116
179 116
180 117
181 114
182 114
183 114
184 114
185 114
186 114
187 115
188 115
189 115
190 115
191 112
192 112
193 113
194 113
195 113
196 113
197 113
198 113
199 113
200 113
201 111
202 111
203 111
204 111
205 111
206 111
207 111
208 111
209 111
210 111
211 109
212 109
213 109
214 109
215 109
216 109
217 109
218 110
219 110
220 110
221 105
222 105
223 105
224 106
225 106
226 106
227 105
228 105
229 105
230 105
231 104
232 104
233 104
234 103
235 103
236 104
237 104
238 104
239 104
240 104
241 97
242 98
243 98
244 98
245 98
246 98
247 98
248 99
249 99
250 99
251 96
252 96
253 96
254 96
255 97
256 97
257 97
258 97
259 97
260 97
261 95
262 95
263 95
264 95
265 95
266 95
267 96
268 96
269 96
270 96
271 93
272 93
273 93
274 94
275 94
276 94
277 94
278 94
279 94
280 95
281 92
282 92
283 92
284 92
285 92
286 92
287 93
288 93
289 93
290 93
291 88
292 88
293 89
294 89
295 89
296 89
297 89
298 89
299 90
300 90
301 85
302 85
303 85
304 85
305 85
306 86
307 86
308 86
309 86
310 86
311 83
312 84
313 84
314 84
315 84
316 84
317 84
318 85
319 85
320 85
321 82
322 82
323 82
324 83
325 83
326 83
327 83
328 82
329 81
330 81
331 71
332 71
333 71
334 71
335 70
336 70
337 71
338 71
339 71
340 71
341 69
342 69
343 70
344 70
345 70
346 70
347 70
348 69
349 69
350 70
351 68
352 68
353 68
354 68
355 68
356 69
357 69
358 69
359 69
360 68
361 66
362 66
363 67
364 67
365 67
366 67
367 67
368 67
369 68
370 68
371 65
372 65
373 65
374 65
375 66
376 66
377 66
378 66
379 66
380 66
381 65
382 64
383 64
384 64
385 64
386 64
387 64
388 65
389 65
390 65
391 63
392 63
393 64
394 64
395 63
396 63
397 63
398 63
399 63
400 64
401 248
402 249
403 249
404 249
405 249
406 249
407 249
408 249
409 250
410 250
411 247
412 246
413 246
414 246
415 246
416 247
417 247
418 247
419 247
420 247
421 244
422 244
423 245
424 245
425 245
426 245
427 245
428 245
429 245
430 245
431 242
432 242
433 242
434 242
435 242
436 242
437 242
438 243
439 243
440 243
441 240
442 240
443 240
444 240
445 241
446 241
447 241
448 241
449 241
450 245
451 242
452 242
453 242
454 242
455 243
456 243
457 243
458 243
459 243
460 242
461 240
462 241
463 241
464 241
465 241
466 241
467 240
468 241
469 241
470 241
471 233
472 233
473 233
474 234
475 234
476 234
477 234
478 235
479 235
480 235
481 232
482 232
483 233
484 233
485 233
486 233
487 234
488 234
489 234
490 233
491 229
492 228
493 228
494 228
495 228
496 228
497 228
498 229
499 229
500 229
501 226
502 226
503 226
504 226
505 227
506 227
507 227
508 227
509 227
510 227
511 224
512 224
513 225
514 225
515 225
516 225
517 225
518 225
519 225
520 226
521 220
522 220
523 220
524 220
525 220
526 220
527 221
528 221
529 221
530 221
531 218
532 218
533 218
534 218
535 219
536 219
537 219
538 219
539 219
540 219
541 210
542 211
543 211
544 211
545 211
546 211
547 211
548 211
549 211
550 212
551 209
552 209
553 209
554 209
555 209
556 209
557 210
558 210
559 210
560 210
561 207
562 207
563 207
564 207
565 208
566 208
567 208
568 208
569 208
570 208
571 206
572 206
573 206
574 206
575 206
576 206
577 206
578 206
579 207
580 207
581 205
582 205
583 205
584 204
585 204
586 205
587 205
588 205
589 205
590 205
591 203
592 203
593 203
594 204
595 204
596 204
597 203
598 203
599 203
600 203
601 210
602 211
603 211
604 211
605 211
606 211
607 210
608 210
609 211
610 211
611 209
612 209
613 209
614 209
615 209
616 210
617 209
618 209
619 209
620 209
621 207
622 207
623 207
624 208
625 208
626 208
627 207
628 207
629 207
630 208
631 206
632 207
633 207
634 214
635 214
636 212
637 212
638 215
639 216
640 216
641 213
642 213
643 213
644 213
645 213
646 214
647 214
648 214
649 214
650 214
651 211
652 211
653 212
654 212
655 212
656 212
657 212
658 212
659 212
660 212
661 210
662 210
663 210
664 211
665 212
666 212
667 212
668 212
669 212
670 212
671 209
672 210
673 210
674 210
675 210
676 210
677 210
678 210
679 211
680 211
681 208
682 208
683 208
684 208
685 208
686 208
687 209
688 209
689 209
690 209
691 206
692 205
693 205
694 206
695 206
696 206
697 206
698 206
699 206
700 206
701 203
702 204
703 204
704 203
705 203
706 203
707 203
708 203
709 203
710 204
711 198
712 198
713 198
714 198
715 198
716 198
717 198
718 198
719 198
720 198
721 193
722 194
723 194
724 194
725 194
726 194
727 199
728 200
729 200
730 200
731 197
732 197
733 197
734 197
735 198
736 198
737 198
738 198
739 198
740 198
741 195
742 195
743 196
744 196
745 194
746 194
747 194
748 194
749 194
750 194
751 183
752 183
753 183
754 183
755 183
756 183
757 183
758 183
759 184
760 184
761 182
762 182
763 182
764 182
765 181
766 181
767 182
768 182
769 182
770 182
771 180
772 180
773 180
774 181
775 181
776 181
777 181
778 181
779 181
780 181
781 178
782 178
783 179
784 179
785 179
786 179
787 179
788 179
789 179
790 179
791 178
792 177
793 177
794 177
795 177
796 177
797 177
798 177
799 178
800 178
801 176
802 176
803 176
804 175
805 175
806 176
807 176
808 176
809 176
810 176
811 174
812 174
813 174
814 175
815 175
816 175
817 175
818 175
819 175
820 175
821 172
822 173
823 173
824 173
825 173
826 173
827 173
828 173
829 173
830 174
831 172
832 172
833 172
834 171
835 171
836 171
837 172
838 172
839 172
840 172
841 170
842 170
843 170
844 170
845 171
846 171
847 171
848 171
849 171
850 171
851 168
852 168
853 169
854 169
855 169
856 169
857 169
858 169
859 169
860 169
861 166
862 166
863 166
864 166
865 166
866 166
867 165
868 165
869 166
870 166
871 164
872 164
873 164
874 164
875 164
876 164
877 165
878 165
879 165
880 165
881 162
882 162
883 162
884 162
885 163
886 163
887 163
888 163
889 163
890 163
891 161
892 161
893 162
894 161
895 161
896 161
897 161
898 161
899 161
900 161
901 158
902 158
903 158
904 158
905 158
906 158
907 158
908 159
909 159
910 159
911 156
912 156
913 156
914 156
915 156
916 157
917 157
918 157
919 157
920 157
921 155
922 154
923 154
924 155
925 155
926 155
927 155
928 155
929 155
930 155
931 153
932 153
933 153
934 153
935 153
936 153
937 153
938 153
939 153
940 154
941 152
942 152
943 152
944 152
945 152
946 152
947 151
948 152
949 152
950 152
951 150
952 150
953 150
954 150
955 150
956 151
957 151
958 151
959 151
960 151
961 148
962 148
963 149
964 149
965 149
966 149
967 149
968 149
969 149
970 150
971 147
972 147
973 147
974 147
975 147
976 147
977 147
978 148
979 148
980 148
981 145
982 145
983 145
984 145
985 145
986 143
987 143
988 143
989 143
990 142
991 140
992 140
993 140
994 141
995 141
996 141
997 141
998 141
999 141
1000 141
