1001 866
1002 866
1003 866
1004 866
1005 866
1006 867
1007 867
1008 867
1009 872
1010 872
1011 872
1012 871
1013 872
1014 872
1015 872
1016 872
1017 872
1018 872
1019 872
1020 872
1021 873
1022 873
1023 873
1024 873
1025 873
1026 873
1027 873
1028 873
1029 873
1030 874
1031 874
1032 874
1033 874
1034 874
1035 874
1036 874
1037 873
1038 873
1039 874
1040 874
1041 874
1042 874
1043 874
1044 874
1045 874
1046 874
1047 874
1048 874
1049 875
1050 875
1051 875
1052 875
1053 875
1054 875
1055 875
1056 875
1057 875
1058 876
1059 876
1060 876
1061 876
1062 875
1063 876
1064 876
1065 876
1066 876
1067 876
1068 876
1069 876
1070 876
1071 876
1072 877
1073 877
1074 877
1075 877
1076 877
1077 877
1078 877
1079 877
1080 877
1081 878
1082 878
1083 878
1084 878
1085 878
1086 877
1087 877
1088 877
1089 877
1090 877
1091 878
1092 878
1093 878
1094 878
1095 878
1096 878
1097 878
1098 878
1099 878
1100 879
1101 847
1102 847
1103 847
1104 847
1105 847
1106 847
1107 847
1108 847
1109 847
1110 848
1111 848
1112 848
1113 848
1114 848
1115 848
1116 848
1117 848
1118 848
1119 848
1120 848
1121 848
1122 848
1123 848
1124 848
1125 848
1126 848
1127 848
1128 849
1129 849
1130 849
1131 849
1132 849
1133 849
1134 849
1135 849
1136 849
1137 850
1138 850
1139 852
1140 852
1141 852
1142 852
1143 851
1144 852
1145 852
1146 852
1147 852
1148 852
1149 852
1150 852
1151 852
1152 852
1153 853
1154 853
1155 853
1156 853
1157 853
1158 853
1159 853
1160 853
1161 853
1162 854
1163 854
1164 854
1165 854
1166 854
1167 854
1168 854
1169 854
1170 853
1171 853
1172 854
1173 854
1174 854
1175 854
1176 854
1177 854
1178 854
1179 854
1180 854
1181 855
1182 855
1183 855
1184 855
1185 855
1186 855
1187 855
1188 855
1189 855
1190 856
1191 856
1192 856
1193 856
1194 856
1195 856
1196 856
1197 855
1198 855
1199 855
1200 856
1201 827
1202 827
1203 827
1204 827
1205 827
1206 827
1207 827
1208 827
1209 828
1210 828
1211 828
1212 828
1213 828
1214 828
1215 828
1216 828
1217 828
1218 828
1219 829
1220 828
1221 828
1222 828
1223 828
1224 828
1225 828
1226 828
1227 828
1228 829
1229 829
1230 829
1231 829
1232 829
1233 829
1234 829
1235 829
1236 829
1237 829
1238 830
1239 830
1240 830
1241 830
1242 830
1243 830
1244 830
1245 830
1246 830
1247 829
1248 833
1249 833
1250 833
1251 833
1252 833
1253 834
1254 834
1255 834
1256 834
1257 834
1258 834
1259 834
1260 834
1261 834
1262 835
1263 835
1264 835
1265 835
1266 835
1267 835
1268 835
1269 835
1270 835
1271 836
1272 836
1273 836
1274 835
1275 835
1276 835
1277 835
1278 835
1279 835
1280 835
1281 836
1282 836
1283 836
1284 836
1285 836
1286 836
1287 836
1288 836
1289 836
1290 837
1291 837
1292 837
1293 837
1294 837
1295 837
1296 837
1297 837
1298 837
1299 837
1300 837
1301 818
1302 818
1303 818
1304 818
1305 818
1306 818
1307 818
1308 818
1309 819
1310 819
1311 819
1312 819
1313 819
1314 819
1315 818
1316 818
1317 818
1318 819
1319 819
1320 819
1321 819
1322 819
1323 819
1324 819
1325 819
1326 819
1327 819
1328 820
1329 820
1330 820
1331 820
1332 820
1333 820
1334 820
1335 820
1336 820
1337 821
1338 821
1339 821
1340 821
1341 820
1342 820
1343 820
1344 820
1345 820
1346 820
1347 821
1348 821
1349 821
1350 821
1351 821
1352 821
1353 821
1354 821
1355 821
1356 822
1357 822
1358 822
1359 822
1360 822
1361 822
1362 822
1363 824
1364 824
1365 824
1366 824
1367 823
1368 824
1369 824
1370 824
1371 824
1372 824
1373 824
1374 824
1375 824
1376 824
1377 824
1378 825
1379 825
1380 825
1381 825
1382 825
1383 825
1384 825
1385 825
1386 825
1387 826
1388 826
1389 826
1390 826
1391 826
1392 826
1393 826
1394 826
1395 825
1396 825
1397 826
1398 826
1399 826
1400 826
1401 793
1402 793
1403 793
1404 793
1405 793
1406 794
1407 794
1408 794
1409 794
1410 794
1411 790
1412 790
1413 790
1414 796
1415 796
1416 797
1417 797
1418 797
1419 797
1420 797
1421 797
1422 797
1423 797
1424 803
1425 803
1426 803
1427 804
1428 804
1429 804
1430 804
1431 804
1432 804
1433 804
1434 804
1435 803
1436 804
1437 804
1438 804
1439 804
1440 804
1441 804
1442 804
1443 804
1444 804
1445 804
1446 805
1447 805
1448 805
1449 805
1450 805
1451 805
1452 805
1453 805
1454 805
1455 805
1456 806
1457 806
1458 806
1459 806
1460 806
1461 806
1462 805
1463 805
1464 805
1465 805
1466 805
1467 806
1468 806
1469 806
1470 806
1471 806
1472 806
1473 806
1474 806
1475 806
1476 806
1477 807
1478 807
1479 807
1480 807
1481 807
1482 806
1483 806
1484 806
1485 806
1486 806
1487 807
1488 807
1489 807
1490 807
1491 806
1492 806
1493 806
1494 806
1495 806
1496 806
1497 807
1498 807
1499 807
1500 807
1501 791
1502 791
1503 790
1504 790
1505 790
1506 790
1507 791
1508 791
1509 791
1510 791
1511 791
1512 791
1513 791
1514 791
1515 791
1516 791
1517 792
1518 792
1519 792
1520 792
1521 792
1522 792
1523 792
1524 792
1525 792
1526 792
1527 793
1528 793
1529 792
1530 792
1531 792
1532 792
1533 792
1534 792
1535 792
1536 792
1537 793
1538 793
1539 793
1540 793
1541 793
1542 793
1543 793
1544 793
1545 793
1546 793
1547 793
1548 794
1549 794
1550 794
1551 794
1552 794
1553 794
1554 794
1555 794
1556 794
1557 794
1558 794
1559 794
1560 794
1561 794
1562 794
1563 794
1564 794
1565 794
1566 794
1567 794
1568 795
1569 795
1570 795
1571 795
1572 795
1573 795
1574 795
1575 795
1576 795
1577 795
1578 796
1579 796
1580 796
1581 796
1582 796
1583 796
1584 796
1585 795
1586 795
1587 795
1588 796
1589 796
1590 796
1591 796
1592 796
1593 796
1594 796
1595 796
1596 796
1597 796
1598 797
1599 797
1600 797
1601 780
1602 780
1603 780
1604 780
1605 780
1606 780
1607 781
1608 781
1609 781
1610 781
1611 781
1612 781
1613 781
1614 781
1615 781
1616 781
1617 780
1618 781
1619 781
1620 781
1621 781
1622 781
1623 781
1624 781
1625 781
1626 781
1627 781
1628 782
1629 782
1630 782
1631 782
1632 782
1633 782
1634 782
1635 782
1636 782
1637 782
1638 783
1639 783
1640 783
1641 783
1642 783
1643 783
1644 782
1645 782
1646 782
1647 782
1648 783
1649 783
1650 783
1651 783
1652 783
1653 783
1654 783
1655 783
1656 783
1657 783
1658 784
1659 784
1660 784
1661 784
1662 784
1663 784
1664 784
1665 784
1666 784
1667 784
1668 784
1669 785
1670 784
1671 784
1672 784
1673 784
1674 784
1675 784
1676 784
1677 784
1678 784
1679 785
1680 785
1681 785
1682 785
1683 785
1684 785
1685 785
1686 785
1687 785
1688 785
1689 786
1690 786
1691 786
1692 786
1693 787
1694 787
1695 787
1696 786
1697 786
1698 786
1699 786
1700 786
1701 754
1702 754
1703 754
1704 755
1705 755
1706 755
1707 755
1708 755
1709 755
1710 755
1711 755
1712 755
1713 755
1714 756
1715 756
1716 756
1717 756
1718 756
1719 756
1720 756
1721 756
1722 756
1723 756
1724 757
1725 756
1726 756
1727 756
1728 756
1729 756
1730 756
1731 756
1732 756
1733 756
1734 756
1735 757
1736 757
1737 757
1738 757
1739 757
1740 757
1741 757
1742 757
1743 757
1744 757
1745 758
1746 758
1747 758
1748 758
1749 758
1750 758
1751 758
1752 757
1753 757
1754 757
1755 758
1756 758
1757 758
1758 758
1759 758
1760 758
1761 758
1762 758
1763 758
1764 758
1765 759
1766 759
1767 759
1768 759
1769 759
1770 759
1771 759
1772 759
1773 759
1774 759
1775 759
1776 760
1777 760
1778 760
1779 760
1780 760
1781 759
1782 759
1783 764
1784 764
1785 764
1786 764
1787 764
1788 764
1789 765
1790 765
1791 765
1792 765
1793 765
1794 765
1795 765
1796 765
1797 765
1798 765
1799 766
1800 766
1801 749
1802 749
1803 749
1804 749
1805 749
1806 749
1807 749
1808 750
1809 750
1810 750
1811 750
1812 750
1813 750
1814 749
1815 749
1816 749
1817 749
1818 750
1819 750
1820 750
1821 750
1822 750
1823 750
1824 744
1825 744
1826 744
1827 744
1828 744
1829 744
1830 744
1831 744
1832 744
1833 744
1834 744
1835 744
1836 744
1837 744
1838 744
1839 745
1840 745
1841 745
1842 745
1843 745
1844 745
1845 745
1846 745
1847 745
1848 745
1849 746
1850 746
1851 746
1852 746
1853 746
1854 745
1855 745
1856 745
1857 745
1858 745
1859 745
1860 746
1861 746
1862 746
1863 746
1864 746
1865 746
1866 746
1867 746
1868 746
1869 746
1870 747
1871 747
1872 747
1873 747
1874 747
1875 747
1876 747
1877 747
1878 747
1879 747
1880 748
1881 748
1882 747
1883 747
1884 747
1885 747
1886 747
1887 747
1888 747
1889 747
1890 748
1891 748
1892 748
1893 748
1894 748
1895 748
1896 748
1897 748
1898 748
1899 748
1900 748
1901 730
1902 730
1903 730
1904 730
1905 730
1906 730
1907 730
1908 730
1909 730
1910 730
1911 731
1912 731
1913 730
1914 729
1915 729
1916 728
1917 728
1918 728
1919 728
1920 728
1921 729
1922 729
1923 729
1924 729
1925 729
1926 729
1927 729
1928 729
1929 729
1930 729
1931 729
1932 730
1933 730
1934 730
1935 730
1936 730
1937 730
1938 730
1939 730
1940 730
1941 730
1942 731
1943 731
1944 731
1945 730
1946 730
1947 730
1948 730
1949 730
1950 730
1951 730
1952 730
1953 731
1954 731
1955 731
1956 731
1957 731
1958 731
1959 731
1960 731
1961 731
1962 731
1963 732
1964 732
1965 732
1966 732
1967 732
1968 732
1969 732
1970 732
1971 732
1972 732
1973 732
1974 732
1975 732
1976 729
1977 729
1978 729
1979 729
1980 729
1981 729
1982 729
1983 729
1984 730
1985 728
1986 728
1987 728
1988 728
1989 728
1990 728
1991 728
1992 728
1993 728
1994 728
1995 728
1996 728
1997 728
1998 728
1999 728
2000 728
2001 712
2002 712
2003 712
2004 712
2005 713
2006 713
2007 713
2008 713
2009 713
2010 713
2011 713
2012 713
2013 713
2014 713
2015 714
2016 714
2017 714
2018 714
2019 714
2020 714
2021 713
2022 713
2023 712
2024 712
2025 713
2026 713
2027 713
2028 713
2029 713
2030 713
2031 713
2032 714
2033 714
2034 714
2035 714
2036 714
2037 714
2038 714
2039 714
2040 714
2041 715
2042 715
2043 715
2044 715
2045 715
2046 715
2047 715
2048 715
2049 715
2050 715
2051 715
2052 715
2053 715
2054 715
2055 715
2056 715
2057 715
2058 715
2059 715
2060 716
2061 716
2062 716
2063 716
2064 716
2065 716
2066 715
2067 714
2068 714
2069 714
2070 715
2071 715
2072 715
2073 715
2074 715
2075 715
2076 721
2077 721
2078 721
2079 721
2080 721
2081 721
2082 721
2083 721
2084 721
2085 722
2086 722
2087 722
2088 722
2089 722
2090 722
2091 722
2092 722
2093 722
2094 723
2095 723
2096 723
2097 723
2098 722
2099 722
2100 722
2101 706
2102 706
2103 707
2104 707
2105 707
2106 707
2107 707
2108 707
2109 707
2110 707
2111 707
2112 707
2113 708
2114 704
2115 703
2116 703
2117 703
2118 703
2119 703
2120 703
2121 703
2122 704
2123 704
2124 704
2125 704
2126 704
2127 704
2128 704
2129 704
2130 704
2131 705
2132 705
2133 705
2134 705
2135 705
2136 705
2137 705
2138 705
2139 705
2140 705
2141 706
2142 706
2143 706
2144 706
2145 705
2146 705
2147 705
2148 705
2149 705
2150 705
2151 706
2152 706
2153 706
2154 706
2155 706
2156 706
2157 706
2158 706
2159 706
2160 706
2161 707
2162 707
2163 707
2164 707
2165 707
2166 707
2167 707
2168 707
2169 707
2170 708
2171 708
2172 708
2173 708
2174 708
2175 708
2176 708
2177 708
2178 708
2179 708
2180 708
2181 708
2182 708
2183 708
2184 708
2185 708
2186 708
2187 708
2188 708
2189 709
2190 709
2191 709
2192 709
2193 709
2194 709
2195 709
2196 709
2197 709
2198 709
2199 710
2200 710
2201 678
2202 678
2203 678
2204 678
2205 678
2206 678
2207 677
2208 678
2209 673
2210 673
2211 673
2212 673
2213 672
2214 672
2215 672
2216 672
2217 672
2218 673
2219 673
2220 673
2221 673
2222 673
2223 673
2224 673
2225 673
2226 673
2227 673
2228 674
2229 674
2230 674
2231 674
2232 674
2233 674
2234 674
2235 674
2236 674
2237 675
2238 675
2239 675
2240 675
2241 675
2242 675
2243 675
2244 675
2245 675
2246 674
2247 675
2248 675
2249 675
2250 675
2251 675
2252 675
2253 675
2254 675
2255 675
2256 676
2257 676
2258 676
2259 676
2260 676
2261 676
2262 676
2263 676
2264 676
2265 676
2266 677
2267 677
2268 680
2269 681
2270 681
2271 681
2272 681
2273 681
2274 681
2275 681
2276 681
2277 680
2278 681
2279 681
2280 681
2281 681
2282 681
2283 681
2284 681
2285 681
2286 681
2287 682
2288 682
2289 682
2290 682
2291 682
2292 682
2293 682
2294 682
2295 673
2296 673
2297 673
2298 673
2299 673
2300 673
2301 613
2302 613
2303 613
2304 613
2305 613
2306 614
2307 614
2308 614
2309 614
2310 614
2311 614
2312 614
2313 613
2314 603
2315 603
2316 604
2317 603
2318 603
2319 603
2320 603
2321 603
2322 603
2323 603
2324 603
2325 604
2326 604
2327 604
2328 604
2329 604
2330 604
2331 604
2332 604
2333 604
2334 604
2335 605
2336 605
2337 605
2338 605
2339 604
2340 604
2341 604
2342 590
2343 589
2344 590
2345 590
2346 590
2347 590
2348 590
2349 590
2350 590
2351 590
2352 590
2353 590
2354 591
2355 591
2356 591
2357 591
2358 591
2359 591
2360 591
2361 591
2362 591
2363 592
2364 592
2365 592
2366 592
2367 592
2368 592
2369 592
2370 592
2371 592
2372 592
2373 593
2374 593
2375 592
2376 592
2377 592
2378 592
2379 592
2380 592
2381 592
2382 592
2383 593
2384 593
2385 593
2386 593
2387 593
2388 593
2389 593
2390 593
2391 593
2392 594
2393 594
2394 594
2395 594
2396 594
2397 594
2398 594
2399 594
2400 594
2401 578
2402 578
2403 578
2404 578
2405 578
2406 578
2407 578
2408 578
2409 578
2410 579
2411 579
2412 579
2413 579
2414 579
2415 579
2416 579
2417 579
2418 579
2419 579
2420 580
2421 580
2422 580
2423 580
2424 580
2425 580
2426 580
2427 580
2428 580
2429 580
2430 580
2431 580
2432 580
2433 580
2434 580
2435 580
2436 580
2437 580
2438 581
2439 581
2440 581
2441 581
2442 581
2443 581
2444 582
2445 582
2446 582
2447 582
2448 583
2449 583
2450 583
2451 583
2452 584
2453 584
2454 584
2455 584
2456 585
2457 585
2458 585
2459 585
2460 585
2461 584
2462 585
2463 585
2464 585
2465 585
2466 585
2467 585
2468 585
2469 585
2470 585
2471 585
2472 586
2473 586
2474 586
2475 586
2476 586
2477 586
2478 586
2479 586
2480 586
2481 587
2482 587
2483 587
2484 587
2485 587
2486 587
2487 587
2488 587
2489 587
2490 587
2491 588
2492 588
2493 588
2494 588
2495 588
2496 588
2497 595
2498 596
2499 595
2500 595
2501 579
2502 579
2503 579
2504 579
2505 579
2506 579
2507 580
2508 580
2509 580
2510 580
2511 580
2512 580
2513 580
2514 580
2515 575
2516 575
2517 576
2518 576
2519 576
2520 576
2521 576
2522 576
2523 576
2524 576
2525 576
2526 577
2527 577
2528 577
2529 577
2530 577
2531 577
2532 577
2533 577
2534 577
2535 577
2536 578
2537 578
2538 578
2539 578
2540 578
2541 578
2542 578
2543 578
2544 579
2545 579
2546 579
2547 579
2548 579
2549 579
2550 578
2551 578
2552 578
2553 578
2554 578
2555 579
2556 579
2557 579
2558 579
2559 579
2560 579
2561 575
2562 575
2563 575
2564 575
2565 576
2566 575
2567 575
2568 575
2569 575
2570 575
2571 575
2572 575
2573 575
2574 576
2575 576
2576 576
2577 576
2578 576
2579 576
2580 576
2581 576
2582 576
2583 576
2584 577
2585 577
2586 577
2587 577
2588 577
2589 577
2590 577
2591 577
2592 577
2593 577
2594 578
2595 578
2596 578
2597 578
2598 578
2599 578
2600 578
2601 557
2602 557
2603 557
2604 558
2605 558
2606 558
2607 558
2608 558
2609 558
2610 558
2611 558
2612 558
2613 559
2614 559
2615 559
2616 559
2617 559
2618 559
2619 559
2620 559
2621 559
2622 559
2623 560
2624 560
2625 560
2626 560
2627 560
2628 560
2629 560
2630 560
2631 560
2632 560
2633 561
2634 561
2635 561
2636 560
2637 560
2638 560
2639 560
2640 560
2641 560
2642 560
2643 561
2644 561
2645 561
2646 561
2647 561
2648 561
2649 561
2650 561
2651 561
2652 562
2653 562
2654 562
2655 562
2656 562
2657 562
2658 562
2659 562
2660 562
2661 562
2662 563
2663 563
2664 563
2665 563
2666 563
2667 563
2668 563
2669 563
2670 563
2671 563
2672 564
2673 564
2674 564
2675 564
2676 564
2677 564
2678 564
2679 564
2680 563
2681 563
2682 564
2683 564
2684 564
2685 564
2686 564
2687 564
2688 564
2689 564
2690 564
2691 564
2692 565
2693 565
2694 565
2695 565
2696 565
2697 565
2698 565
2699 565
2700 565
2701 546
2702 547
2703 547
2704 547
2705 547
2706 547
2707 547
2708 547
2709 547
2710 547
2711 547
2712 548
2713 548
2714 548
2715 548
2716 548
2717 548
2718 548
2719 548
2720 548
2721 548
2722 549
2723 549
2724 549
2725 548
2726 548
2727 548
2728 548
2729 548
2730 548
2731 549
2732 549
2733 549
2734 549
2735 549
2736 549
2737 549
2738 549
2739 549
2740 549
2741 550
2742 550
2743 550
2744 550
2745 550
2746 550
2747 550
2748 550
2749 550
2750 550
2751 551
2752 551
2753 551
2754 551
2755 551
2756 551
2757 551
2758 551
2759 551
2760 551
2761 555
2762 555
2763 555
2764 556
2765 556
2766 556
2767 555
2768 555
2769 555
2770 555
2771 555
2772 555
2773 556
2774 556
2775 556
2776 556
2777 556
2778 556
2779 556
2780 556
2781 556
2782 556
2783 557
2784 557
2785 557
2786 557
2787 557
2788 557
2789 557
2790 557
2791 557
2792 557
2793 558
2794 558
2795 558
2796 558
2797 558
2798 558
2799 558
2800 558
2801 538
2802 538
2803 538
2804 538
2805 538
2806 538
2807 538
2808 538
2809 538
2810 538
2811 538
2812 538
2813 539
2814 539
2815 539
2816 539
2817 539
2818 539
2819 539
2820 539
2821 539
2822 539
2823 540
2824 540
2825 540
2826 540
2827 540
2828 540
2829 540
2830 540
2831 540
2832 540
2833 541
2834 541
2835 541
2836 541
2837 541
2838 541
2839 541
2840 541
2841 541
2842 541
2843 542
2844 542
2845 541
2846 541
2847 541
2848 541
2849 541
2850 541
2851 541
2852 541
2853 542
2854 542
2855 542
2856 542
2857 542
2858 542
2859 542
2860 542
2861 542
2862 543
2863 548
2864 548
2865 548
2866 548
2867 548
2868 548
2869 548
2870 549
2871 549
2872 549
2873 549
2874 549
2875 549
2876 549
2877 549
2878 549
2879 549
2880 550
2881 550
2882 550
2883 549
2884 549
2885 549
2886 549
2887 549
2888 551
2889 551
2890 551
2891 551
2892 551
2893 551
2894 551
2895 552
2896 552
2897 552
2898 552
2899 552
2900 552
2901 533
2902 533
2903 533
2904 533
2905 533
2906 534
2907 534
2908 534
2909 534
2910 534
2911 534
2912 534
2913 533
2914 533
2915 533
2916 533
2917 534
2918 534
2919 534
2920 534
2921 534
2922 534
2923 534
2924 534
2925 534
2926 534
2927 534
2928 535
2929 535
2930 535
2931 535
2932 535
2933 535
2934 535
2935 535
2936 535
2937 535
2938 531
2939 532
2940 532
2941 532
2942 532
2943 532
2944 531
2945 531
2946 531
2947 531
2948 531
2949 532
2950 532
2951 532
2952 532
2953 532
2954 532
2955 532
2956 532
2957 532
2958 532
2959 532
2960 533
2961 533
2962 533
2963 533
2964 533
2965 533
2966 533
2967 533
2968 533
2969 533
2970 533
2971 534
2972 534
2973 534
2974 534
2975 534
2976 534
2977 534
2978 534
2979 534
2980 534
2981 534
2982 535
2983 535
2984 535
2985 535
2986 535
2987 535
2988 534
2989 534
2990 534
2991 534
2992 535
2993 535
2994 535
2995 535
2996 535
2997 535
2998 535
2999 535
3000 535
3001 500
3002 500
3003 501
3004 501
3005 501
3006 501
3007 501
3008 501
3009 501
3010 501
3011 501
3012 501
3013 501
3014 502
3015 501
3016 501
3017 501
3018 501
3019 501
3020 501
3021 501
3022 501
3023 501
3024 501
3025 502
3026 502
3027 502
3028 502
3029 502
3030 502
3031 502
3032 502
3033 502
3034 502
3035 502
3036 503
3037 503
3038 503
3039 503
3040 503
3041 503
3042 503
3043 503
3044 503
3045 503
3046 503
3047 504
3048 504
3049 504
3050 504
3051 504
3052 504
3053 504
3054 504
3055 504
3056 504
3057 504
3058 505
3059 504
3060 504
3061 504
3062 504
3063 504
3064 504
3065 504
3066 504
3067 504
3068 504
3069 505
3070 505
3071 505
3072 505
3073 505
3074 505
3075 505
3076 505
3077 505
3078 505
3079 506
3080 506
3081 506
3082 506
3083 504
3084 504
3085 504
3086 504
3087 504
3088 504
3089 504
3090 505
3091 505
3092 505
3093 505
3094 505
3095 505
3096 505
3097 505
3098 505
3099 505
3100 505
3101 488
3102 488
3103 488
3104 488
3105 487
3106 487
3107 487
3108 487
3109 487
3110 487
3111 487
3112 488
3113 488
3114 488
3115 488
3116 488
3117 488
3118 488
3119 488
3120 488
3121 488
3122 488
3123 489
3124 489
3125 489
3126 489
3127 489
3128 489
3129 489
3130 489
3131 489
3132 489
3133 490
3134 490
3135 490
3136 490
3137 490
3138 490
3139 490
3140 490
3141 490
3142 490
3143 490
3144 491
3145 491
3146 491
3147 491
3148 490
3149 490
3150 490
3151 490
3152 490
3153 490
3154 490
3155 491
3156 491
3157 491
3158 491
3159 491
3160 491
3161 491
3162 491
3163 491
3164 491
3165 491
3166 492
3167 492
3168 492
3169 492
3170 492
3171 492
3172 492
3173 492
3174 492
3175 492
3176 492
3177 493
3178 493
3179 493
3180 493
3181 493
3182 493
3183 493
3184 493
3185 493
3186 493
3187 493
3188 494
3189 493
3190 493
3191 493
3192 493
3193 493
3194 493
3195 493
3196 493
3197 493
3198 494
3199 494
3200 494
3201 477
3202 477
3203 477
3204 477
3205 477
3206 477
3207 477
3208 477
3209 478
3210 478
3211 478
3212 478
3213 478
3214 478
3215 478
3216 478
3217 478
3218 478
3219 478
3220 479
3221 479
3222 479
3223 479
3224 479
3225 479
3226 479
3227 479
3228 479
3229 479
3230 479
3231 480
3232 480
3233 480
3234 479
3235 479
3236 479
3237 479
3238 479
3239 479
3240 479
3241 479
3242 480
3243 480
3244 480
3245 480
3246 480
3247 480
3248 480
3249 480
3250 480
3251 480
3252 481
3253 481
3254 481
3255 481
3256 481
3257 481
3258 481
3259 481
3260 481
3261 481
3262 481
3263 482
3264 482
3265 482
3266 482
3267 482
3268 482
3269 482
3270 482
3271 481
3272 481
3273 481
3274 482
3275 482
3276 482
3277 486
3278 486
3279 486
3280 486
3281 486
3282 486
3283 486
3284 486
3285 486
3286 486
3287 487
3288 487
3289 487
3290 487
3291 487
3292 487
3293 487
3294 487
3295 487
3296 487
3297 488
3298 488
3299 488
3300 488
3301 475
3302 474
3303 474
3304 474
3305 474
3306 474
3307 474
3308 475
3309 475
3310 475
3311 475
3312 475
3313 475
3314 475
3315 475
3316 475
3317 475
3318 475
3319 476
3320 476
3321 476
3322 476
3323 476
3324 476
3325 476
3326 476
3327 476
3328 476
3329 476
3330 476
3331 477
3332 477
3333 477
3334 477
3335 477
3336 477
3337 477
3338 477
3339 477
3340 477
3341 478
3342 478
3343 478
3344 478
3345 477
3346 477
3347 477
3348 477
3349 477
3350 477
3351 477
3352 477
3353 478
3354 478
3355 478
3356 478
3357 478
3358 478
3359 478
3360 478
3361 478
3362 478
3363 478
3364 479
3365 479
3366 479
3367 479
3368 479
3369 479
3370 479
3371 479
3372 479
3373 479
3374 479
3375 480
3376 480
3377 480
3378 480
3379 480
3380 480
3381 480
3382 480
3383 480
3384 480
3385 481
3386 480
3387 480
3388 480
3389 480
3390 480
3391 480
3392 480
3393 480
3394 480
3395 480
3396 481
3397 481
3398 481
3399 481
3400 481
3401 459
3402 459
3403 459
3404 459
3405 459
3406 459
3407 460
3408 460
3409 460
3410 460
3411 460
3412 460
3413 460
3414 460
3415 460
3416 460
3417 460
3418 461
3419 461
3420 460
3421 460
3422 460
3423 460
3424 460
3425 460
3426 460
3427 460
3428 461
3429 461
3430 461
3431 461
3432 461
3433 462
3434 463
3435 463
3436 463
3437 463
3438 463
3439 463
3440 463
3441 463
3442 463
3443 463
3444 464
3445 464
3446 464
3447 464
3448 464
3449 464
3450 464
3451 464
3452 464
3453 464
3454 464
3455 465
3456 465
3457 465
3458 465
3459 465
3460 465
3461 465
3462 465
3463 465
3464 464
3465 464
3466 465
3467 465
3468 465
3469 465
3470 465
3471 465
3472 465
3473 465
3474 465
3475 465
3476 465
3477 466
3478 466
3479 466
3480 466
3481 466
3482 466
3483 466
3484 466
3485 466
3486 466
3487 466
3488 467
3489 467
3490 467
3491 467
3492 467
3493 467
3494 467
3495 467
3496 467
3497 467
3498 467
3499 468
3500 468
3501 451
3502 451
3503 451
3504 451
3505 451
3506 451
3507 451
3508 451
3509 450
3510 451
3511 451
3512 451
3513 451
3514 451
3515 451
3516 451
3517 451
3518 451
3519 451
3520 451
3521 452
3522 452
3523 452
3524 452
3525 452
3526 452
3527 452
3528 452
3529 452
3530 452
3531 452
3532 453
3533 453
3534 453
3535 453
3536 453
3537 453
3538 453
3539 453
3540 453
3541 453
3542 453
3543 454
3544 454
3545 454
3546 454
3547 454
3548 454
3549 454
3550 454
3551 454
3552 454
3553 454
3554 454
3555 454
3556 454
3557 454
3558 454
3559 454
3560 454
3561 454
3562 454
3563 454
3564 454
3565 455
3566 455
3567 455
3568 455
3569 455
3570 455
3571 455
3572 455
3573 455
3574 455
3575 455
3576 456
3577 456
3578 456
3579 456
3580 456
3581 456
3582 456
3583 456
3584 456
3585 456
3586 456
3587 457
3588 457
3589 457
3590 457
3591 457
3592 457
3593 457
3594 456
3595 456
3596 456
3597 456
3598 457
3599 457
3600 457
3601 444
3602 444
3603 444
3604 444
3605 444
3606 444
3607 444
3608 444
3609 445
3610 445
3611 445
3612 445
3613 445
3614 445
3615 445
3616 445
3617 445
3618 445
3619 445
3620 446
3621 446
3622 446
3623 446
3624 445
3625 445
3626 445
3627 445
3628 445
3629 445
3630 446
3631 446
3632 446
3633 446
3634 446
3635 446
3636 446
3637 446
3638 446
3639 446
3640 446
3641 447
3642 447
3643 447
3644 447
3645 447
3646 447
3647 447
3648 447
3649 447
3650 447
3651 447
3652 448
3653 448
3654 448
3655 448
3656 448
3657 448
3658 448
3659 448
3660 448
3661 448
3662 448
3663 449
3664 449
3665 449
3666 449
3667 448
3668 448
3669 448
3670 448
3671 448
3672 448
3673 448
3674 449
3675 449
3676 449
3677 449
3678 449
3679 449
3680 449
3681 449
3682 449
3683 449
3684 450
3685 450
3686 450
3687 450
3688 450
3689 450
3690 450
3691 450
3692 450
3693 452
3694 453
3695 453
3696 453
3697 453
3698 453
3699 453
3700 453
3701 430
3702 430
3703 430
3704 431
3705 431
3706 431
3707 431
3708 431
3709 431
3710 431
3711 431
3712 431
3713 431
3714 431
3715 432
3716 432
3717 432
3718 432
3719 432
3720 432
3721 432
3722 432
3723 432
3724 432
3725 432
3726 433
3727 433
3728 433
3729 433
3730 433
3731 433
3732 433
3733 433
3734 433
3735 433
3736 433
3737 434
3738 434
3739 433
3740 433
3741 433
3742 433
3743 433
3744 433
3745 433
3746 433
3747 433
3748 434
3749 434
3750 434
3751 434
3752 434
3753 434
3754 434
3755 434
3756 434
3757 434
3758 434
3759 435
3760 435
3761 435
3762 435
3763 435
3764 435
3765 435
3766 435
3767 435
3768 435
3769 435
3770 435
3771 436
3772 436
3773 436
3774 436
3775 436
3776 435
3777 435
3778 435
3779 435
3780 435
3781 435
3782 436
3783 436
3784 436
3785 436
3786 451
3787 460
3788 460
3789 460
3790 460
3791 456
3792 456
3793 463
3794 464
3795 464
3796 463
3797 463
3798 463
3799 463
3800 463
3801 450
3802 450
3803 450
3804 450
3805 450
3806 451
3807 451
3808 451
3809 452
3810 453
3811 453
3812 452
3813 452
3814 452
3815 452
3816 455
3817 459
3818 460
3819 460
3820 460
3821 462
3822 462
3823 462
3824 462
3825 462
3826 463
3827 463
3828 463
3829 463
3830 463
3831 463
3832 464
3833 464
3834 464
3835 464
3836 464
3837 464
3838 464
3839 464
3840 464
3841 477
3842 477
3843 477
3844 477
3845 478
3846 478
3847 478
3848 478
3849 478
3850 478
3851 478
3852 477
3853 477
3854 477
3855 478
3856 478
3857 478
3858 478
3859 478
3860 478
3861 478
3862 478
3863 478
3864 478
3865 478
3866 479
3867 479
3868 479
3869 478
3870 478
3871 478
3872 478
3873 478
3874 478
3875 479
3876 479
3877 479
3878 479
3879 479
3880 479
3881 479
3882 479
3883 479
3884 479
3885 479
3886 480
3887 480
3888 480
3889 480
3890 480
3891 480
3892 480
3893 480
3894 480
3895 480
3896 480
3897 481
3898 481
3899 481
3900 481
3901 468
3902 468
3903 468
3904 468
3905 468
3906 468
3907 469
3908 469
3909 469
3910 469
3911 469
3912 469
3913 469
3914 469
3915 469
3916 469
3917 469
3918 470
3919 469
3920 469
3921 469
3922 469
3923 469
3924 469
3925 469
3926 469
3927 469
3928 469
3929 470
3930 470
3931 470
3932 470
3933 470
3934 470
3935 470
3936 470
3937 470
3938 470
3939 470
3940 471
3941 471
3942 471
3943 471
3944 471
3945 471
3946 471
3947 471
3948 471
3949 471
3950 471
3951 472
3952 472
3953 472
3954 472
3955 472
3956 472
3957 472
3958 472
3959 472
3960 472
3961 472
3962 472
3963 472
3964 472
3965 472
3966 472
3967 472
3968 472
3969 472
3970 472
3971 472
3972 472
3973 473
3974 473
3975 473
3976 473
3977 473
3978 473
3979 473
3980 473
3981 473
3982 473
3983 473
3984 474
3985 474
3986 474
3987 474
3988 474
3989 474
3990 474
3991 474
3992 474
3993 473
3994 473
3995 473
3996 474
3997 474
3998 474
3999 474
4000 474
4001 461
4002 461
4003 461
4004 461
4005 461
4006 461
4007 462
4008 462
4009 462
4010 462
4011 462
4012 462
4013 462
4014 462
4015 462
4016 462
4017 462
4018 463
4019 463
4020 463
4021 462
4022 462
4023 462
4024 462
4025 462
4026 459
4027 459
4028 460
4029 460
4030 460
4031 460
4032 460
4033 460
4034 460
4035 460
4036 460
4037 460
4038 460
4039 461
4040 461
4041 461
4042 461
4043 461
4044 461
4045 461
4046 460
4047 460
4048 460
4049 460
4050 461
4051 461
4052 461
4053 461
4054 461
4055 461
4056 461
4057 461
4058 461
4059 461
4060 461
4061 462
4062 462
4063 462
4064 462
4065 462
4066 462
4067 462
4068 462
4069 462
4070 462
4071 462
4072 463
4073 463
4074 465
4075 465
4076 465
4077 465
4078 465
4079 465
4080 465
4081 466
4082 466
4083 466
4084 466
4085 466
4086 466
4087 466
4088 466
4089 466
4090 466
4091 465
4092 466
4093 466
4094 466
4095 466
4096 466
4097 466
4098 466
4099 466
4100 466
4101 383
4102 382
4103 382
4104 382
4105 382
4106 382
4107 383
4108 383
4109 383
4110 383
4111 383
4112 383
4113 383
4114 383
4115 383
4116 383
4117 384
4118 384
4119 384
4120 384
4121 384
4122 384
4123 385
4124 385
4125 385
4126 385
4127 385
4128 385
4129 385
4130 385
4131 385
4132 385
4133 385
4134 386
4135 386
4136 386
4137 386
4138 386
4139 386
4140 386
4141 385
4142 385
4143 385
4144 385
4145 386
4146 386
4147 386
4148 386
4149 386
4150 386
4151 386
4152 386
4153 386
4154 386
4155 387
4156 387
4157 387
4158 387
4159 387
4160 387
4161 387
4162 387
4163 387
4164 387
4165 388
4166 388
4167 388
4168 388
4169 388
4170 388
4171 388
4172 388
4173 388
4174 388
4175 389
4176 389
4177 389
4178 389
4179 389
4180 388
4181 388
4182 388
4183 388
4184 388
4185 388
4186 389
4187 389
4188 389
4189 389
4190 389
4191 389
4192 389
4193 389
4194 389
4195 389
4196 390
4197 390
4198 390
4199 390
4200 390
4201 374
4202 374
4203 374
4204 374
4205 374
4206 374
4207 375
4208 374
4209 374
4210 374
4211 374
4212 374
4213 374
4214 374
4215 374
4216 374
4217 374
4218 375
4219 375
4220 375
4221 375
4222 375
4223 375
4224 375
4225 375
4226 375
4227 375
4228 376
4229 376
4230 376
4231 376
4232 376
4233 376
4234 376
4235 376
4236 376
4237 376
4238 376
4239 377
4240 377
4241 377
4242 377
4243 377
4244 377
4245 376
4246 376
4247 376
4248 376
4249 377
4250 377
4251 377
4252 377
4253 378
4254 378
4255 378
4256 379
4257 379
4258 379
4259 379
4260 379
4261 379
4262 379
4263 379
4264 379
4265 379
4266 380
4267 380
4268 380
4269 380
4270 380
4271 380
4272 380
4273 380
4274 380
4275 380
4276 380
4277 381
4278 381
4279 381
4280 381
4281 381
4282 381
4283 380
4284 380
4285 380
4286 380
4287 380
4288 381
4289 381
4290 381
4291 381
4292 381
4293 381
4294 381
4295 381
4296 381
4297 381
4298 382
4299 382
4300 382
4301 368
4302 368
4303 368
4304 368
4305 368
4306 368
4307 368
4308 368
4309 369
4310 369
4311 369
4312 369
4313 369
4314 369
4315 369
4316 369
4317 369
4318 369
4319 369
4320 370
4321 370
4322 370
4323 370
4324 370
4325 370
4326 370
4327 370
4328 369
4329 369
4330 369
4331 370
4332 370
4333 370
4334 370
4335 370
4336 370
4337 370
4338 370
4339 370
4340 371
4341 371
4342 371
4343 371
4344 371
4345 371
4346 371
4347 371
4348 371
4349 371
4350 371
4351 372
4352 372
4353 372
4354 372
4355 372
4356 372
4357 372
4358 372
4359 372
4360 372
4361 372
4362 373
4363 372
4364 372
4365 372
4366 372
4367 372
4368 372
4369 372
4370 372
4371 372
4372 372
4373 373
4374 373
4375 373
4376 373
4377 373
4378 373
4379 373
4380 373
4381 373
4382 374
4383 374
4384 374
4385 374
4386 374
4387 374
4388 374
4389 374
4390 374
4391 375
4392 375
4393 375
4394 375
4395 375
4396 375
4397 375
4398 375
4399 375
4400 375
4401 359
4402 360
4403 360
4404 360
4405 360
4406 360
4407 360
4408 360
4409 360
4410 360
4411 360
4412 360
4413 361
4414 361
4415 361
4416 361
4417 361
4418 361
4419 361
4420 361
4421 361
4422 361
4423 362
4424 362
4425 362
4426 362
4427 362
4428 362
4429 362
4430 362
4431 362
4432 361
4433 361
4434 362
4435 362
4436 362
4437 362
4438 362
4439 362
4440 362
4441 362
4442 362
4443 362
4444 362
4445 363
4446 363
4447 363
4448 363
4449 363
4450 363
4451 363
4452 363
4453 363
4454 363
4455 362
4456 362
4457 363
4458 362
4459 362
4460 362
4461 362
4462 362
4463 362
4464 362
4465 362
4466 362
4467 362
4468 363
4469 363
4470 363
4471 363
4472 363
4473 363
4474 363
4475 363
4476 363
4477 363
4478 364
4479 364
4480 364
4481 364
4482 364
4483 364
4484 364
4485 364
4486 364
4487 364
4488 364
4489 364
4490 365
4491 364
4492 364
4493 364
4494 364
4495 364
4496 364
4497 364
4498 364
4499 364
4500 365
4501 348
4502 348
4503 348
4504 348
4505 349
4506 349
4507 349
4508 349
4509 349
4510 349
4511 349
4512 349
4513 349
4514 348
4515 348
4516 353
4517 358
4518 358
4519 358
4520 358
4521 359
4522 359
4523 359
4524 359
4525 359
4526 359
4527 359
4528 359
4529 359
4530 359
4531 360
4532 360
4533 360
4534 360
4535 360
4536 360
4537 360
4538 360
4539 360
4540 360
4541 360
4542 361
4543 361
4544 361
4545 361
4546 361
4547 361
4548 361
4549 361
4550 361
4551 361
4552 360
4553 361
4554 361
4555 361
4556 361
4557 361
4558 361
4559 361
4560 361
4561 361
4562 361
4563 361
4564 362
4565 362
4566 362
4567 362
4568 362
4569 362
4570 362
4571 362
4572 362
4573 362
4574 362
4575 362
4576 363
4577 363
4578 363
4579 363
4580 363
4581 363
4582 363
4583 363
4584 363
4585 363
4586 363
4587 364
4588 364
4589 364
4590 364
4591 363
4592 363
4593 363
4594 363
4595 363
4596 363
4597 363
4598 363
4599 363
4600 363
4601 1395
4602 1395
4603 1395
4604 1396
4605 1395
4606 1395
4607 1395
4608 1395
4609 1395
4610 1395
4611 1395
4612 1396
4613 1396
4614 1396
4615 1396
4616 1396
4617 1396
4618 1396
4619 1396
4620 1396
4621 1396
4622 1397
4623 1397
4624 1397
4625 1397
4626 1397
4627 1397
4628 1397
4629 1397
4630 1397
4631 1397
4632 1398
4633 1398
4634 1398
4635 1398
4636 1398
4637 1398
4638 1398
4639 1398
4640 1398
4641 1397
4642 1398
4643 1398
4644 1398
4645 1398
4646 1398
4647 1398
4648 1398
4649 1398
4650 1398
4651 1398
4652 1399
4653 1399
4654 1399
4655 1399
4656 1399
4657 1399
4658 1399
4659 1399
4660 1399
4661 1399
4662 1399
4663 1400
4664 1400
4665 1400
4666 1400
4667 1400
4668 1400
4669 1400
4670 1400
4671 1400
4672 1399
4673 1400
4674 1400
4675 1400
4676 1400
4677 1400
4678 1400
4679 1400
4680 1400
4681 1400
4682 1400
4683 1400
4684 1401
4685 1401
4686 1401
4687 1401
4688 1401
4689 1401
4690 1401
4691 1401
4692 1401
4693 1401
4694 1402
4695 1401
4696 1401
4697 1401
4698 1401
4699 1401
4700 1401
4701 1388
4702 1388
4703 1388
4704 1389
4705 1389
4706 1389
4707 1389
4708 1389
4709 1389
4710 1389
4711 1389
4712 1389
4713 1389
4714 1389
4715 1390
4716 1390
4717 1390
4718 1390
4719 1390
4720 1390
4721 1390
4722 1390
4723 1390
4724 1389
4725 1390
4726 1390
4727 1390
4728 1390
4729 1390
4730 1390
4731 1390
4732 1390
4733 1390
4734 1390
4735 1391
4736 1391
4737 1391
4738 1391
4739 1391
4740 1391
4741 1391
4742 1391
4743 1391
4744 1391
4745 1391
4746 1392
4747 1392
4748 1392
4749 1392
4750 1392
4751 1392
4752 1392
4753 1392
4754 1392
4755 1393
4756 1393
4757 1393
4758 1393
4759 1393
4760 1392
4761 1392
4762 1392
4763 1392
4764 1392
4765 1392
4766 1393
4767 1393
4768 1393
4769 1393
4770 1393
4771 1393
4772 1393
4773 1393
4774 1393
4775 1394
4776 1394
4777 1394
4778 1394
4779 1394
4780 1394
4781 1394
4782 1395
4783 1395
4784 1395
4785 1395
4786 1395
4787 1395
4788 1395
4789 1395
4790 1395
4791 1395
4792 1396
4793 1396
4794 1396
4795 1396
4796 1396
4797 1395
4798 1395
4799 1395
4800 1395
4801 1378
4802 1379
4803 1379
4804 1379
4805 1379
4806 1379
4807 1379
4808 1379
4809 1379
4810 1379
4811 1379
4812 1380
4813 1380
4814 1380
4815 1380
4816 1380
4817 1380
4818 1380
4819 1380
4820 1380
4821 1380
4822 1381
4823 1381
4824 1381
4825 1381
4826 1381
4827 1381
4828 1381
4829 1381
4830 1381
4831 1381
4832 1382
4833 1382
4834 1382
4835 1382
4836 1381
4837 1381
4838 1381
4839 1381
4840 1381
4841 1381
4842 1382
4843 1382
4844 1382
4845 1382
4846 1382
4847 1382
4848 1382
4849 1382
4850 1382
4851 1382
4852 1383
4853 1383
4854 1383
4855 1382
4856 1382
4857 1382
4858 1382
4859 1382
4860 1382
4861 1382
4862 1382
4863 1383
4864 1383
4865 1383
4866 1383
4867 1383
4868 1383
4869 1383
4870 1388
4871 1388
4872 1389
4873 1389
4874 1389
4875 1389
4876 1389
4877 1389
4878 1389
4879 1389
4880 1389
4881 1390
4882 1390
4883 1390
4884 1390
4885 1390
4886 1390
4887 1390
4888 1390
4889 1390
4890 1390
4891 1390
4892 1391
4893 1391
4894 1390
4895 1390
4896 1390
4897 1390
4898 1390
4899 1390
4900 1390
4901 1371
4902 1372
4903 1372
4904 1372
4905 1372
4906 1372
4907 1372
4908 1372
4909 1372
4910 1371
4911 1371
4912 1372
4913 1372
4914 1372
4915 1372
4916 1372
4917 1372
4918 1372
4919 1372
4920 1372
4921 1372
4922 1373
4923 1373
4924 1373
4925 1373
4926 1373
4927 1373
4928 1373
4929 1373
4930 1373
4931 1373
4932 1374
4933 1374
4934 1374
4935 1374
4936 1374
4937 1374
4938 1374
4939 1374
4940 1374
4941 1374
4942 1374
4943 1375
4944 1375
4945 1375
4946 1374
4947 1374
4948 1374
4949 1374
4950 1374
4951 1374
4952 1374
4953 1375
4954 1375
4955 1375
4956 1375
4957 1375
4958 1375
4959 1375
4960 1375
4961 1375
4962 1375
4963 1375
4964 1376
4965 1376
4966 1376
4967 1376
4968 1376
4969 1376
4970 1376
4971 1376
4972 1376
4973 1376
4974 1377
4975 1377
4976 1377
4977 1377
4978 1377
4979 1377
4980 1377
4981 1377
4982 1377
4983 1376
4984 1376
4985 1377
4986 1377
4987 1377
4988 1377
4989 1377
4990 1377
4991 1377
4992 1377
4993 1377
4994 1377
4995 1378
4996 1378
4997 1378
4998 1378
4999 1378
5000 1378
5001 1365
5002 1365
5003 1365
5004 1365
5005 1366
5006 1366
5007 1366
5008 1366
5009 1366
5010 1366
5011 1366
5012 1366
5013 1366
5014 1366
5015 1366
5016 1366
5017 1366
5018 1366
5019 1366
5020 1366
5021 1366
5022 1366
5023 1366
5024 1366
5025 1366
5026 1367
5027 1367
5028 1367
5029 1367
5030 1367
5031 1367
5032 1367
5033 1367
5034 1367
5035 1367
5036 1368
5037 1368
5038 1368
5039 1368
5040 1368
5041 1368
5042 1368
5043 1368
5044 1368
5045 1369
5046 1369
5047 1369
5048 1369
5049 1368
5050 1368
5051 1368
5052 1368
5053 1368
5054 1368
5055 1368
5056 1369
5057 1369
5058 1369
5059 1369
5060 1369
5061 1369
5062 1369
5063 1369
5064 1369
5065 1369
5066 1369
5067 1369
5068 1369
5069 1369
5070 1369
5071 1369
5072 1369
5073 1369
5074 1369
5075 1370
5076 1370
5077 1370
5078 1370
5079 1370
5080 1370
5081 1370
5082 1370
5083 1370
5084 1370
5085 1371
5086 1371
5087 1371
5088 1371
5089 1371
5090 1371
5091 1371
5092 1371
5093 1371
5094 1371
5095 1372
5096 1372
5097 1372
5098 1372
5099 1372
5100 1372
5101 1354
5102 1354
5103 1354
5104 1354
5105 1355
5106 1355
5107 1355
5108 1355
5109 1355
5110 1355
5111 1355
5112 1355
5113 1355
5114 1355
5115 1356
5116 1356
5117 1356
5118 1356
5119 1356
5120 1356
5121 1356
5122 1356
5123 1356
5124 1356
5125 1357
5126 1357
5127 1357
5128 1357
5129 1357
5130 1357
5131 1357
5132 1356
5133 1356
5134 1356
5135 1356
5136 1357
5137 1357
5138 1357
5139 1357
5140 1357
5141 1357
5142 1357
5143 1357
5144 1357
5145 1357
5146 1358
5147 1358
5148 1358
5149 1358
5150 1358
5151 1358
5152 1358
5153 1358
5154 1358
5155 1358
5156 1359
5157 1359
5158 1359
5159 1359
5160 1359
5161 1359
5162 1359
5163 1359
5164 1359
5165 1359
5166 1360
5167 1360
5168 1360
5169 1360
5170 1360
5171 1359
5172 1359
5173 1359
5174 1359
5175 1359
5176 1359
5177 1360
5178 1360
5179 1360
5180 1360
5181 1360
5182 1360
5183 1360
5184 1360
5185 1360
5186 1360
5187 1361
5188 1361
5189 1361
5190 1364
5191 1364
5192 1364
5193 1365
5194 1365
5195 1365
5196 1365
5197 1365
5198 1365
5199 1365
5200 1365
5201 1351
5202 1351
5203 1352
5204 1352
5205 1352
5206 1352
5207 1352
5208 1352
5209 1352
5210 1352
5211 1352
5212 1352
5213 1353
5214 1353
5215 1353
5216 1353
5217 1353
5218 1353
5219 1353
5220 1353
5221 1353
5222 1353
5223 1353
5224 1354
5225 1354
5226 1354
5227 1353
5228 1353
5229 1353
5230 1354
5231 1354
5232 1354
5233 1354
5234 1354
5235 1354
5236 1354
5237 1354
5238 1354
5239 1354
5240 1355
5241 1355
5242 1355
5243 1355
5244 1355
5245 1355
5246 1355
5247 1355
5248 1355
5249 1355
5250 1356
5251 1356
5252 1356
5253 1356
5254 1356
5255 1356
5256 1356
5257 1356
5258 1356
5259 1356
5260 1356
5261 1357
5262 1357
5263 1356
5264 1356
5265 1356
5266 1356
5267 1356
5268 1356
5269 1356
5270 1356
5271 1362
5272 1363
5273 1363
5274 1363
5275 1363
5276 1363
5277 1363
5278 1363
5279 1367
5280 1368
5281 1368
5282 1368
5283 1368
5284 1368
5285 1368
5286 1368
5287 1368
5288 1368
5289 1368
5290 1369
5291 1369
5292 1369
5293 1369
5294 1369
5295 1369
5296 1369
5297 1369
5298 1369
5299 1368
5300 1368
5301 1355
5302 1356
5303 1356
5304 1356
5305 1356
5306 1356
5307 1356
5308 1356
5309 1356
5310 1356
5311 1356
5312 1356
5313 1357
5314 1357
5315 1357
5316 1357
5317 1357
5318 1357
5319 1357
5320 1357
5321 1357
5322 1357
5323 1357
5324 1358
5325 1358
5326 1358
5327 1358
5328 1358
5329 1358
5330 1358
5331 1358
5332 1358
5333 1358
5334 1357
5335 1358
5336 1358
5337 1358
5338 1358
5339 1358
5340 1358
5341 1358
5342 1358
5343 1358
5344 1358
5345 1358
5346 1359
5347 1359
5348 1359
5349 1359
5350 1359
5351 1359
5352 1359
5353 1359
5354 1359
5355 1359
5356 1359
5357 1360
5358 1360
5359 1360
5360 1360
5361 1365
5362 1365
5363 1365
5364 1361
5365 1362
5366 1362
5367 1362
5368 1362
5369 1362
5370 1362
5371 1362
5372 1357
5373 1357
5374 1357
5375 1357
5376 1358
5377 1358
5378 1358
5379 1358
5380 1358
5381 1358
5382 1358
5383 1358
5384 1358
5385 1359
5386 1359
5387 1358
5388 1358
5389 1358
5390 1358
5391 1358
5392 1358
5393 1358
5394 1358
5395 1358
5396 1359
5397 1359
5398 1359
5399 1359
5400 1359
5401 1346
5402 1346
5403 1346
5404 1345
5405 1345
5406 1345
5407 1346
5408 1346
5409 1346
5410 1346
5411 1346
5412 1346
5413 1346
5414 1346
5415 1346
5416 1346
5417 1346
5418 1347
5419 1347
5420 1343
5421 1343
5422 1343
5423 1343
5424 1343
5425 1343
5426 1343
5427 1343
5428 1343
5429 1343
5430 1343
5431 1343
5432 1343
5433 1343
5434 1343
5435 1343
5436 1343
5437 1343
5438 1343
5439 1343
5440 1344
5441 1344
5442 1344
5443 1344
5444 1344
5445 1344
5446 1344
5447 1344
5448 1344
5449 1344
5450 1344
5451 1345
5452 1345
5453 1345
5454 1345
5455 1345
5456 1345
5457 1345
5458 1345
5459 1345
5460 1345
5461 1345
5462 1346
5463 1346
5464 1346
5465 1346
5466 1346
5467 1345
5468 1345
5469 1345
5470 1345
5471 1345
5472 1345
5473 1346
5474 1346
5475 1346
5476 1346
5477 1346
5478 1346
5479 1346
5480 1346
5481 1346
5482 1346
5483 1346
5484 1347
5485 1347
5486 1347
5487 1347
5488 1347
5489 1347
5490 1347
5491 1347
5492 1347
5493 1347
5494 1347
5495 1348
5496 1348
5497 1348
5498 1348
5499 1348
5500 1348
5501 1335
5502 1335
5503 1335
5504 1334
5505 1334
5506 1335
5507 1335
5508 1335
5509 1335
5510 1335
5511 1335
5512 1335
5513 1335
5514 1335
5515 1335
5516 1336
5517 1336
5518 1336
5519 1336
5520 1336
5521 1336
5522 1336
5523 1336
5524 1336
5525 1336
5526 1336
5527 1337
5528 1337
5529 1337
5530 1337
5531 1337
5532 1337
5533 1337
5534 1337
5535 1337
5536 1337
5537 1337
5538 1337
5539 1338
5540 1338
5541 1338
5542 1337
5543 1337
5544 1337
5545 1337
5546 1337
5547 1337
5548 1337
5549 1337
5550 1338
5551 1338
5552 1338
5553 1338
5554 1338
5555 1338
5556 1338
5557 1338
5558 1338
5559 1338
5560 1339
5561 1339
5562 1339
5563 1339
5564 1339
5565 1339
5566 1339
5567 1339
5568 1339
5569 1339
5570 1339
5571 1340
5572 1340
5573 1340
5574 1340
5575 1340
5576 1340
5577 1340
5578 1340
5579 1340
5580 1340
5581 1339
5582 1340
5583 1340
5584 1340
5585 1340
5586 1340
5587 1340
5588 1340
5589 1340
5590 1340
5591 1340
5592 1340
5593 1340
5594 1341
5595 1341
5596 1341
5597 1341
5598 1341
5599 1341
5600 1341
5601 1326
5602 1326
5603 1326
5604 1327
5605 1327
5606 1327
5607 1327
5608 1327
5609 1327
5610 1327
5611 1327
5612 1327
5613 1308
5614 1308
5615 1309
5616 1309
5617 1309
5618 1309
5619 1309
5620 1309
5621 1309
5622 1309
5623 1309
5624 1309
5625 1309
5626 1310
5627 1310
5628 1310
5629 1310
5630 1310
5631 1310
5632 1310
5633 1310
5634 1310
5635 1309
5636 1310
5637 1310
5638 1310
5639 1310
5640 1310
5641 1310
5642 1310
5643 1310
5644 1310
5645 1310
5646 1310
5647 1311
5648 1311
5649 1311
5650 1311
5651 1311
5652 1311
5653 1311
5654 1311
5655 1311
5656 1311
5657 1312
5658 1312
5659 1312
5660 1311
5661 1311
5662 1311
5663 1311
5664 1311
5665 1311
5666 1311
5667 1311
5668 1312
5669 1312
5670 1312
5671 1312
5672 1312
5673 1312
5674 1312
5675 1312
5676 1312
5677 1312
5678 1312
5679 1313
5680 1313
5681 1313
5682 1313
5683 1313
5684 1313
5685 1313
5686 1312
5687 1312
5688 1312
5689 1312
5690 1313
5691 1313
5692 1313
5693 1313
5694 1313
5695 1313
5696 1313
5697 1313
5698 1313
5699 1313
5700 1313
5701 1265
5702 1265
5703 1265
5704 1265
5705 1265
5706 1265
5707 1265
5708 1265
5709 1265
5710 1265
5711 1265
5712 1265
5713 1266
5714 1266
5715 1266
5716 1266
5717 1266
5718 1266
5719 1265
5720 1265
5721 1265
5722 1265
5723 1265
5724 1266
5725 1266
5726 1266
5727 1266
5728 1266
5729 1266
5730 1266
5731 1266
5732 1266
5733 1266
5734 1266
5735 1267
5736 1267
5737 1267
5738 1267
5739 1267
5740 1267
5741 1267
5742 1267
5743 1267
5744 1267
5745 1267
5746 1268
5747 1268
5748 1268
5749 1268
5750 1268
5751 1268
5752 1268
5753 1268
5754 1268
5755 1268
5756 1268
5757 1269
5758 1268
5759 1268
5760 1268
5761 1268
5762 1268
5763 1268
5764 1268
5765 1268
5766 1268
5767 1268
5768 1268
5769 1269
5770 1269
5771 1269
5772 1269
5773 1269
5774 1269
5775 1269
5776 1269
5777 1269
5778 1269
5779 1269
5780 1270
5781 1270
5782 1270
5783 1270
5784 1270
5785 1270
5786 1270
5787 1270
5788 1270
5789 1270
5790 1270
5791 1271
5792 1271
5793 1271
5794 1271
5795 1271
5796 1271
5797 1271
5798 1271
5799 1271
5800 1271
5801 1256
5802 1256
5803 1256
5804 1256
5805 1256
5806 1256
5807 1256
5808 1256
5809 1257
5810 1257
5811 1257
5812 1257
5813 1257
5814 1257
5815 1257
5816 1257
5817 1257
5818 1257
5819 1257
5820 1258
5821 1257
5822 1257
5823 1257
5824 1257
5825 1257
5826 1257
5827 1249
5828 1249
5829 1249
5830 1249
5831 1249
5832 1250
5833 1250
5834 1250
5835 1250
5836 1250
5837 1250
5838 1250
5839 1250
5840 1250
5841 1250
5842 1250
5843 1251
5844 1251
5845 1251
5846 1250
5847 1250
5848 1250
5849 1250
5850 1250
5851 1250
5852 1250
5853 1250
5854 1251
5855 1251
5856 1251
5857 1251
5858 1251
5859 1251
5860 1251
5861 1251
5862 1251
5863 1251
5864 1251
5865 1251
5866 1252
5867 1252
5868 1255
5869 1255
5870 1256
5871 1256
5872 1256
5873 1256
5874 1256
5875 1256
5876 1256
5877 1256
5878 1256
5879 1256
5880 1256
5881 1257
5882 1256
5883 1256
5884 1256
5885 1256
5886 1256
5887 1256
5888 1256
5889 1256
5890 1256
5891 1256
5892 1257
5893 1257
5894 1257
5895 1257
5896 1256
5897 1256
5898 1256
5899 1256
5900 1256
5901 1239
5902 1239
5903 1240
5904 1239
5905 1239
5906 1239
5907 1239
5908 1239
5909 1239
5910 1239
5911 1239
5912 1239
5913 1239
5914 1240
5915 1240
5916 1240
5917 1240
5918 1240
5919 1240
5920 1240
5921 1240
5922 1240
5923 1240
5924 1240
5925 1241
5926 1241
5927 1241
5928 1241
5929 1241
5930 1241
5931 1241
5932 1241
5933 1241
5934 1241
5935 1241
5936 1242
5937 1242
5938 1242
5939 1242
5940 1242
5941 1242
5942 1242
5943 1241
5944 1241
5945 1241
5946 1241
5947 1241
5948 1242
5949 1242
5950 1242
5951 1242
5952 1242
5953 1242
5954 1242
5955 1242
5956 1243
5957 1243
5958 1243
5959 1243
5960 1244
5961 1244
5962 1243
5963 1243
5964 1243
5965 1243
5966 1243
5967 1243
5968 1243
5969 1243
5970 1243
5971 1244
5972 1244
5973 1244
5974 1244
5975 1244
5976 1244
5977 1244
5978 1244
5979 1244
5980 1244
5981 1244
5982 1245
5983 1245
5984 1245
5985 1245
5986 1245
5987 1245
5988 1245
5989 1245
5990 1245
5991 1245
5992 1245
5993 1246
5994 1246
5995 1253
5996 1253
5997 1254
5998 1254
5999 1254
6000 1254
6001 1241
6002 1241
6003 1241
6004 1241
6005 1241
6006 1241
6007 1241
6008 1242
6009 1242
6010 1242
6011 1242
6012 1242
6013 1241
6014 1241
6015 1241
6016 1241
6017 1241
6018 1241
6019 1242
6020 1242
6021 1242
6022 1242
6023 1242
6024 1242
6025 1242
6026 1242
6027 1242
6028 1247
6029 1247
6030 1247
6031 1247
6032 1247
6033 1247
6034 1247
6035 1247
6036 1247
6037 1247
6038 1248
6039 1248
6040 1248
6041 1248
6042 1248
6043 1248
6044 1248
6045 1248
6046 1248
6047 1248
6048 1248
6049 1248
6050 1248
6051 1249
6052 1249
6053 1248
6054 1248
6055 1248
6056 1248
6057 1248
6058 1248
6059 1248
6060 1248
6061 1248
6062 1248
6063 1249
6064 1249
6065 1250
6066 1250
6067 1250
6068 1250
6069 1250
6070 1250
6071 1250
6072 1250
6073 1250
6074 1251
6075 1251
6076 1251
6077 1248
6078 1248
6079 1248
6080 1248
6081 1248
6082 1248
6083 1248
6084 1248
6085 1248
6086 1249
6087 1249
6088 1249
6089 1249
6090 1249
6091 1249
6092 1249
6093 1250
6094 1250
6095 1250
6096 1249
6097 1249
6098 1249
6099 1249
6100 1249
6101 1237
6102 1237
6103 1237
6104 1236
6105 1237
6106 1237
6107 1237
6108 1237
6109 1237
6110 1237
6111 1237
6112 1237
6113 1237
6114 1237
6115 1237
6116 1237
6117 1238
6118 1238
6119 1238
6120 1238
6121 1238
6122 1238
6123 1238
6124 1238
6125 1238
6126 1238
6127 1238
6128 1238
6129 1239
6130 1239
6131 1239
6132 1239
6133 1239
6134 1239
6135 1239
6136 1239
6137 1239
6138 1239
6139 1239
6140 1239
6141 1240
6142 1240
6143 1240
6144 1239
6145 1239
6146 1239
6147 1239
6148 1239
6149 1239
6150 1239
6151 1239
6152 1239
6153 1239
6154 1240
6155 1240
6156 1240
6157 1240
6158 1240
6159 1240
6160 1240
6161 1240
6162 1240
6163 1240
6164 1240
6165 1240
6166 1241
6167 1241
6168 1241
6169 1240
6170 1240
6171 1240
6172 1240
6173 1240
6174 1240
6175 1240
6176 1240
6177 1240
6178 1241
6179 1241
6180 1241
6181 1241
6182 1241
6183 1241
6184 1241
6185 1241
6186 1241
6187 1241
6188 1241
6189 1241
6190 1242
6191 1242
6192 1242
6193 1242
6194 1242
6195 1242
6196 1242
6197 1242
6198 1242
6199 1242
6200 1242
6201 1229
6202 1230
6203 1230
6204 1230
6205 1230
6206 1230
6207 1230
6208 1230
6209 1230
6210 1230
6211 1230
6212 1230
6213 1230
6214 1231
6215 1231
6216 1231
6217 1230
6218 1230
6219 1230
6220 1230
6221 1230
6222 1230
6223 1230
6224 1230
6225 1230
6226 1231
6227 1231
6228 1231
6229 1231
6230 1231
6231 1231
6232 1231
6233 1231
6234 1231
6235 1231
6236 1231
6237 1231
6238 1231
6239 1232
6240 1232
6241 1232
6242 1232
6243 1232
6244 1232
6245 1232
6246 1232
6247 1232
6248 1232
6249 1232
6250 1232
6251 1232
6252 1232
6253 1232
6254 1232
6255 1232
6256 1232
6257 1232
6258 1232
6259 1232
6260 1232
6261 1232
6262 1232
6263 1233
6264 1233
6265 1233
6266 1233
6267 1233
6268 1233
6269 1233
6270 1233
6271 1233
6272 1233
6273 1233
6274 1233
6275 1233
6276 1234
6277 1234
6278 1234
6279 1234
6280 1234
6281 1234
6282 1233
6283 1233
6284 1233
6285 1233
6286 1233
6287 1233
6288 1234
6289 1234
6290 1234
6291 1234
6292 1234
6293 1234
6294 1234
6295 1234
6296 1234
6297 1234
6298 1234
6299 1234
6300 1234
6301 1218
6302 1218
6303 1218
6304 1218
6305 1218
6306 1218
6307 1218
6308 1218
6309 1218
6310 1218
6311 1218
6312 1218
6313 1219
6314 1219
6315 1219
6316 1219
6317 1219
6318 1219
6319 1219
6320 1219
6321 1219
6322 1219
6323 1220
6324 1220
6325 1220
6326 1220
6327 1220
6328 1220
6329 1220
6330 1220
6331 1220
6332 1220
6333 1220
6334 1219
6335 1219
6336 1220
6337 1220
6338 1220
6339 1220
6340 1220
6341 1220
6342 1220
6343 1220
6344 1220
6345 1220
6346 1220
6347 1220
6348 1221
6349 1221
6350 1221
6351 1221
6352 1221
6353 1221
6354 1221
6355 1221
6356 1221
6357 1221
6358 1221
6359 1221
6360 1222
6361 1222
6362 1222
6363 1222
6364 1222
6365 1222
6366 1222
6367 1222
6368 1222
6369 1222
6370 1222
6371 1222
6372 1223
6373 1223
6374 1223
6375 1222
6376 1222
6377 1222
6378 1222
6379 1222
6380 1222
6381 1222
6382 1222
6383 1222
6384 1226
6385 1226
6386 1228
6387 1228
6388 1228
6389 1228
6390 1228
6391 1228
6392 1228
6393 1228
6394 1228
6395 1228
6396 1228
6397 1229
6398 1229
6399 1229
6400 1229
6401 1216
6402 1216
6403 1216
6404 1216
6405 1216
6406 1216
6407 1216
6408 1215
6409 1216
6410 1216
6411 1216
6412 1216
6413 1216
6414 1216
6415 1216
6416 1216
6417 1216
6418 1216
6419 1216
6420 1216
6421 1217
6422 1217
6423 1217
6424 1217
6425 1217
6426 1217
6427 1217
6428 1217
6429 1217
6430 1217
6431 1217
6432 1217
6433 1218
6434 1218
6435 1218
6436 1218
6437 1218
6438 1218
6439 1219
6440 1219
6441 1219
6442 1219
6443 1219
6444 1219
6445 1219
6446 1219
6447 1219
6448 1219
6449 1218
6450 1218
6451 1218
6452 1219
6453 1219
6454 1219
6455 1219
6456 1219
6457 1219
6458 1219
6459 1219
6460 1219
6461 1219
6462 1219
6463 1219
6464 1220
6465 1220
6466 1220
6467 1220
6468 1220
6469 1220
6470 1220
6471 1220
6472 1220
6473 1220
6474 1220
6475 1220
6476 1221
6477 1221
6478 1221
6479 1221
6480 1221
6481 1221
6482 1221
6483 1221
6484 1221
6485 1221
6486 1221
6487 1221
6488 1222
6489 1222
6490 1221
6491 1221
6492 1221
6493 1221
6494 1221
6495 1221
6496 1221
6497 1221
6498 1221
6499 1221
6500 1222
6501 1208
6502 1208
6503 1208
6504 1208
6505 1208
6506 1208
6507 1208
6508 1208
6509 1208
6510 1208
6511 1208
6512 1208
6513 1209
6514 1209
6515 1209
6516 1209
6517 1209
6518 1209
6519 1209
6520 1209
6521 1209
6522 1209
6523 1209
6524 1209
6525 1210
6526 1210
6527 1210
6528 1209
6529 1209
6530 1209
6531 1209
6532 1209
6533 1209
6534 1209
6535 1209
6536 1209
6537 1210
6538 1210
6539 1210
6540 1210
6541 1210
6542 1210
6543 1210
6544 1210
6545 1210
6546 1210
6547 1210
6548 1210
6549 1211
6550 1211
6551 1211
6552 1211
6553 1211
6554 1211
6555 1211
6556 1211
6557 1211
6558 1211
6559 1211
6560 1210
6561 1211
6562 1211
6563 1211
6564 1211
6565 1211
6566 1211
6567 1211
6568 1211
6569 1211
6570 1211
6571 1211
6572 1211
6573 1212
6574 1212
6575 1212
6576 1212
6577 1212
6578 1212
6579 1212
6580 1212
6581 1212
6582 1212
6583 1212
6584 1213
6585 1213
6586 1213
6587 1213
6588 1213
6589 1213
6590 1213
6591 1213
6592 1213
6593 1213
6594 1213
6595 1213
6596 1214
6597 1214
6598 1214
6599 1213
6600 1213
6601 1198
6602 1198
6603 1198
6604 1198
6605 1198
6606 1197
6607 1197
6608 1198
6609 1198
6610 1198
6611 1198
6612 1193
6613 1193
6614 1193
6615 1193
6616 1193
6617 1193
6618 1193
6619 1193
6620 1194
6621 1194
6622 1194
6623 1194
6624 1194
6625 1194
6626 1194
6627 1194
6628 1194
6629 1194
6630 1194
6631 1194
6632 1194
6633 1194
6634 1194
6635 1194
6636 1194
6637 1194
6638 1194
6639 1194
6640 1194
6641 1194
6642 1194
6643 1195
6644 1195
6645 1195
6646 1195
6647 1195
6648 1195
6649 1195
6650 1195
6651 1195
6652 1195
6653 1195
6654 1195
6655 1196
6656 1196
6657 1196
6658 1196
6659 1196
6660 1196
6661 1196
6662 1196
6663 1196
6664 1196
6665 1196
6666 1196
6667 1197
6668 1197
6669 1197
6670 1197
6671 1197
6672 1197
6673 1196
6674 1196
6675 1196
6676 1196
6677 1196
6678 1196
6679 1197
6680 1197
6681 1197
6682 1197
6683 1197
6684 1197
6685 1197
6686 1197
6687 1197
6688 1197
6689 1197
6690 1197
6691 1198
6692 1198
6693 1198
6694 1198
6695 1198
6696 1198
6697 1198
6698 1198
6699 1198
6700 1198
6701 1184
6702 1184
6703 1184
6704 1185
6705 1185
6706 1185
6707 1185
6708 1185
6709 1185
6710 1185
6711 1185
6712 1185
6713 1185
6714 1185
6715 1185
6716 1186
6717 1186
6718 1186
6719 1186
6720 1186
6721 1186
6722 1186
6723 1186
6724 1186
6725 1186
6726 1186
6727 1186
6728 1187
6729 1187
6730 1187
6731 1187
6732 1187
6733 1187
6734 1187
6735 1187
6736 1187
6737 1186
6738 1186
6739 1186
6740 1186
6741 1187
6742 1187
6743 1187
6744 1187
6745 1187
6746 1187
6747 1187
6748 1187
6749 1187
6750 1187
6751 1187
6752 1187
6753 1188
6754 1188
6755 1188
6756 1188
6757 1188
6758 1188
6759 1188
6760 1188
6761 1188
6762 1188
6763 1188
6764 1188
6765 1188
6766 1189
6767 1189
6768 1189
6769 1189
6770 1189
6771 1189
6772 1189
6773 1189
6774 1189
6775 1189
6776 1189
6777 1189
6778 1190
6779 1189
6780 1189
6781 1189
6782 1189
6783 1189
6784 1189
6785 1189
6786 1189
6787 1189
6788 1189
6789 1189
6790 1190
6791 1190
6792 1190
6793 1190
6794 1190
6795 1190
6796 1190
6797 1190
6798 1190
6799 1190
6800 1190
6801 1177
6802 1178
6803 1178
6804 1178
6805 1178
6806 1178
6807 1178
6808 1178
6809 1178
6810 1178
6811 1178
6812 1178
6813 1178
6814 1178
6815 1179
6816 1179
6817 1179
6818 1179
6819 1179
6820 1179
6821 1179
6822 1179
6823 1179
6824 1179
6825 1179
6826 1179
6827 1180
6828 1179
6829 1179
6830 1179
6831 1179
6832 1179
6833 1180
6834 1180
6835 1180
6836 1180
6837 1180
6838 1180
6839 1180
6840 1180
6841 1180
6842 1180
6843 1180
6844 1180
6845 1180
6846 1181
6847 1181
6848 1181
6849 1181
6850 1181
6851 1181
6852 1181
6853 1181
6854 1181
6855 1181
6856 1181
6857 1181
6858 1182
6859 1182
6860 1182
6861 1182
6862 1182
6863 1182
6864 1182
6865 1182
6866 1182
6867 1182
6868 1182
6869 1181
6870 1182
6871 1182
6872 1182
6873 1182
6874 1179
6875 1179
6876 1179
6877 1179
6878 1179
6879 1179
6880 1179
6881 1179
6882 1180
6883 1180
6884 1180
6885 1180
6886 1180
6887 1180
6888 1180
6889 1180
6890 1180
6891 1180
6892 1180
6893 1180
6894 1181
6895 1181
6896 1181
6897 1181
6898 1181
6899 1185
6900 1184
6901 1172
6902 1172
6903 1172
6904 1172
6905 1172
6906 1172
6907 1172
6908 1172
6909 1172
6910 1173
6911 1173
6912 1173
6913 1173
6914 1172
6915 1172
6916 1172
6917 1172
6918 1172
6919 1172
6920 1172
6921 1174
6922 1174
6923 1174
6924 1174
6925 1174
6926 1174
6927 1174
6928 1175
6929 1175
6930 1175
6931 1175
6932 1175
6933 1175
6934 1175
6935 1175
6936 1175
6937 1175
6938 1175
6939 1175
6940 1175
6941 1176
6942 1176
6943 1176
6944 1176
6945 1176
6946 1176
6947 1176
6948 1176
6949 1176
6950 1176
6951 1175
6952 1175
6953 1176
6954 1176
6955 1176
6956 1176
6957 1176
6958 1176
6959 1176
6960 1176
6961 1176
6962 1176
6963 1176
6964 1176
6965 1176
6966 1177
6967 1177
6968 1177
6969 1177
6970 1177
6971 1177
6972 1177
6973 1177
6974 1177
6975 1177
6976 1177
6977 1177
6978 1178
6979 1178
6980 1178
6981 1178
6982 1178
6983 1178
6984 1178
6985 1178
6986 1178
6987 1178
6988 1178
6989 1178
6990 1178
6991 1179
6992 1179
6993 1178
6994 1178
6995 1178
6996 1178
6997 1178
6998 1178
6999 1178
7000 1178
7001 1164
7002 1164
7003 1165
7004 1165
7005 1165
7006 1165
7007 1165
7008 1165
7009 1165
7010 1165
7011 1164
7012 1164
7013 1164
7014 1164
7015 1165
7016 1165
7017 1165
7018 1165
7019 1165
7020 1165
7021 1165
7022 1165
7023 1165
7024 1165
7025 1165
7026 1165
7027 1165
7028 1166
7029 1166
7030 1166
7031 1166
7032 1166
7033 1166
7034 1166
7035 1166
7036 1166
7037 1166
7038 1166
7039 1166
7040 1167
7041 1167
7042 1167
7043 1167
7044 1167
7045 1167
7046 1167
7047 1167
7048 1167
7049 1167
7050 1167
7051 1167
7052 1168
7053 1167
7054 1167
7055 1167
7056 1167
7057 1167
7058 1167
7059 1167
7060 1167
7061 1167
7062 1167
7063 1167
7064 1167
7065 1168
7066 1168
7067 1168
7068 1168
7069 1168
7070 1168
7071 1168
7072 1168
7073 1168
7074 1168
7075 1168
7076 1168
7077 1169
7078 1169
7079 1169
7080 1169
7081 1169
7082 1169
7083 1169
7084 1169
7085 1169
7086 1169
7087 1169
7088 1169
7089 1169
7090 1170
7091 1170
7092 1170
7093 1170
7094 1169
7095 1169
7096 1169
7097 1169
7098 1169
7099 1169
7100 1169
7101 1157
7102 1158
7103 1158
7104 1158
7105 1158
7106 1157
7107 1157
7108 1157
7109 1158
7110 1158
7111 1159
7112 1156
7113 1156
7114 1156
7115 1156
7116 1156
7117 1156
7118 1156
7119 1156
7120 1156
7121 1156
7122 1156
7123 1157
7124 1157
7125 1157
7126 1157
7127 1157
7128 1157
7129 1157
7130 1157
7131 1157
7132 1157
7133 1157
7134 1158
7135 1158
7136 1158
7137 1158
7138 1157
7139 1157
7140 1157
7141 1157
7142 1157
7143 1157
7144 1157
7145 1157
7146 1157
7147 1158
7148 1158
7149 1158
7150 1158
7151 1158
7152 1158
7153 1158
7154 1158
7155 1158
7156 1158
7157 1158
7158 1158
7159 1159
7160 1159
7161 1159
7162 1159
7163 1159
7164 1159
7165 1159
7166 1159
7167 1159
7168 1159
7169 1159
7170 1159
7171 1159
7172 1160
7173 1160
7174 1160
7175 1160
7176 1160
7177 1160
7178 1159
7179 1159
7180 1159
7181 1159
7182 1159
7183 1159
7184 1159
7185 1160
7186 1160
7187 1160
7188 1160
7189 1160
7190 1160
7191 1160
7192 1160
7193 1160
7194 1160
7195 1160
7196 1160
7197 1161
7198 1161
7199 1161
7200 1161
7201 1148
7202 1148
7203 1148
7204 1148
7205 1148
7206 1148
7207 1148
7208 1148
7209 1148
7210 1149
7211 1149
7212 1149
7213 1149
7214 1149
7215 1149
7216 1149
7217 1147
7218 1147
7219 1147
7220 1147
7221 1147
7222 1148
7223 1148
7224 1148
7225 1148
7226 1148
7227 1148
7228 1148
7229 1148
7230 1148
7231 1148
7232 1148
7233 1148
7234 1148
7235 1149
7236 1148
7237 1148
7238 1148
7239 1148
7240 1148
7241 1148
7242 1148
7243 1148
7244 1148
7245 1148
7246 1148
7247 1149
7248 1149
7249 1149
7250 1149
7251 1149
7252 1149
7253 1149
7254 1149
7255 1149
7256 1149
7257 1149
7258 1149
7259 1150
7260 1150
7261 1150
7262 1150
7263 1150
7264 1150
7265 1150
7266 1150
7267 1150
7268 1150
7269 1150
7270 1150
7271 1150
7272 1151
7273 1151
7274 1151
7275 1151
7276 1151
7277 1150
7278 1150
7279 1150
7280 1150
7281 1150
7282 1150
7283 1151
7284 1151
7285 1151
7286 1151
7287 1151
7288 1151
7289 1151
7290 1151
7291 1151
7292 1151
7293 1151
7294 1151
7295 1152
7296 1152
7297 1152
7298 1152
7299 1152
7300 1152
7301 1139
7302 1139
7303 1139
7304 1139
7305 1139
7306 1139
7307 1139
7308 1140
7309 1140
7310 1140
7311 1140
7312 1140
7313 1140
7314 1140
7315 1140
7316 1140
7317 1140
7318 1140
7319 1140
7320 1141
7321 1141
7322 1141
7323 1141
7324 1141
7325 1141
7326 1141
7327 1141
7328 1141
7329 1140
7330 1140
7331 1140
7332 1141
7333 1141
7334 1141
7335 1141
7336 1141
7337 1141
7338 1141
7339 1141
7340 1141
7341 1141
7342 1141
7343 1141
7344 1142
7345 1142
7346 1142
7347 1142
7348 1142
7349 1142
7350 1142
7351 1142
7352 1142
7353 1142
7354 1142
7355 1142
7356 1143
7357 1143
7358 1143
7359 1143
7360 1143
7361 1143
7362 1143
7363 1143
7364 1143
7365 1143
7366 1143
7367 1143
7368 1142
7369 1143
7370 1143
7371 1143
7372 1143
7373 1143
7374 1143
7375 1143
7376 1143
7377 1143
7378 1143
7379 1143
7380 1143
7381 1144
7382 1144
7383 1144
7384 1144
7385 1144
7386 1144
7387 1144
7388 1144
7389 1144
7390 1144
7391 1145
7392 1145
7393 1145
7394 1145
7395 1145
7396 1145
7397 1145
7398 1145
7399 1145
7400 1146
7401 1125
7402 1125
7403 1125
7404 1125
7405 1125
7406 1125
7407 1125
7408 1125
7409 1126
7410 1126
7411 1126
7412 1126
7413 1126
7414 1126
7415 1126
7416 1125
7417 1125
7418 1125
7419 1125
7420 1132
7421 1132
7422 1132
7423 1132
7424 1132
7425 1133
7426 1133
7427 1133
7428 1133
7429 1133
7430 1133
7431 1133
7432 1133
7433 1133
7434 1133
7435 1133
7436 1134
7437 1134
7438 1134
7439 1134
7440 1134
7441 1134
7442 1134
7443 1134
7444 1134
7445 1134
7446 1134
7447 1134
7448 1134
7449 1135
7450 1135
7451 1135
7452 1135
7453 1135
7454 1135
7455 1135
7456 1135
7457 1135
7458 1134
7459 1134
7460 1134
7461 1134
7462 1135
7463 1135
7464 1135
7465 1135
7466 1135
7467 1135
7468 1135
7469 1135
7470 1135
7471 1135
7472 1135
7473 1135
7474 1135
7475 1136
7476 1136
7477 1136
7478 1136
7479 1136
7480 1136
7481 1136
7482 1136
7483 1136
7484 1136
7485 1137
7486 1137
7487 1137
7488 1137
7489 1137
7490 1137
7491 1137
7492 1137
7493 1137
7494 1137
7495 1138
7496 1138
7497 1138
7498 1138
7499 1137
7500 1137
7501 1125
7502 1125
7503 1125
7504 1125
7505 1125
7506 1125
7507 1126
7508 1126
7509 1126
7510 1126
7511 1126
7512 1125
7513 1125
7514 1125
7515 1125
7516 1125
7517 1125
7518 1125
7519 1125
7520 1126
7521 1126
7522 1126
7523 1126
7524 1126
7525 1126
7526 1126
7527 1126
7528 1126
7529 1126
7530 1126
7531 1126
7532 1127
7533 1127
7534 1127
7535 1127
7536 1127
7537 1127
7538 1127
7539 1127
7540 1127
7541 1127
7542 1127
7543 1127
7544 1128
7545 1128
7546 1128
7547 1128
7548 1128
7549 1128
7550 1128
7551 1128
7552 1128
7553 1128
7554 1127
7555 1127
7556 1127
7557 1128
7558 1128
7559 1128
7560 1128
7561 1128
7562 1128
7563 1128
7564 1128
7565 1128
7566 1128
7567 1128
7568 1129
7569 1129
7570 1129
7571 1129
7572 1129
7573 1129
7574 1129
7575 1129
7576 1129
7577 1129
7578 1129
7579 1129
7580 1130
7581 1130
7582 1130
7583 1130
7584 1130
7585 1130
7586 1130
7587 1130
7588 1130
7589 1130
7590 1130
7591 1130
7592 1131
7593 1131
7594 1131
7595 1131
7596 1130
7597 1130
7598 1130
7599 1130
7600 1130
7601 1117
7602 1117
7603 1117
7604 1117
7605 1118
7606 1118
7607 1118
7608 1118
7609 1118
7610 1118
7611 1118
7612 1118
7613 1117
7614 1117
7615 1117
7616 1117
7617 1118
7618 1118
7619 1118
7620 1118
7621 1118
7622 1118
7623 1118
7624 1118
7625 1118
7626 1118
7627 1118
7628 1118
7629 1119
7630 1119
7631 1119
7632 1119
7633 1119
7634 1119
7635 1120
7636 1121
7637 1121
7638 1121
7639 1121
7640 1121
7641 1121
7642 1121
7643 1121
7644 1121
7645 1121
7646 1121
7647 1121
7648 1122
7649 1122
7650 1122
7651 1122
7652 1122
7653 1122
7654 1122
7655 1121
7656 1121
7657 1121
7658 1121
7659 1121
7660 1122
7661 1122
7662 1122
7663 1122
7664 1122
7665 1122
7666 1122
7667 1123
7668 1123
7669 1123
7670 1123
7671 1123
7672 1123
7673 1123
7674 1123
7675 1123
7676 1123
7677 1123
7678 1123
7679 1124
7680 1124
7681 1124
7682 1124
7683 1124
7684 1124
7685 1124
7686 1124
7687 1124
7688 1124
7689 1124
7690 1124
7691 1124
7692 1125
7693 1125
7694 1125
7695 1125
7696 1125
7697 1124
7698 1124
7699 1124
7700 1124
7701 1107
7702 1107
7703 1107
7704 1108
7705 1108
7706 1108
7707 1108
7708 1108
7709 1108
7710 1108
7711 1108
7712 1108
7713 1108
7714 1108
7715 1108
7716 1107
7717 1108
7718 1108
7719 1108
7720 1108
7721 1108
7722 1108
7723 1108
7724 1108
7725 1108
7726 1108
7727 1108
7728 1108
7729 1108
7730 1109
7731 1109
7732 1109
7733 1109
7734 1109
7735 1109
7736 1109
7737 1109
7738 1109
7739 1109
7740 1109
7741 1109
7742 1109
7743 1110
7744 1110
7745 1110
7746 1110
7747 1110
7748 1110
7749 1110
7750 1110
7751 1110
7752 1110
7753 1110
7754 1110
7755 1111
7756 1111
7757 1111
7758 1111
7759 1110
7760 1110
7761 1110
7762 1110
7763 1110
7764 1110
7765 1110
7766 1110
7767 1110
7768 1111
7769 1111
7770 1111
7771 1111
7772 1111
7773 1111
7774 1111
7775 1111
7776 1111
7777 1111
7778 1111
7779 1111
7780 1112
7781 1112
7782 1112
7783 1112
7784 1112
7785 1112
7786 1112
7787 1112
7788 1112
7789 1112
7790 1112
7791 1112
7792 1113
7793 1113
7794 1113
7795 1113
7796 1113
7797 1113
7798 1113
7799 1113
7800 1113
7801 1095
7802 1095
7803 1095
7804 1095
7805 1095
7806 1095
7807 1095
7808 1095
7809 1095
7810 1095
7811 1095
7812 1095
7813 1095
7814 1095
7815 1095
7816 1095
7817 1096
7818 1096
7819 1096
7820 1096
7821 1096
7822 1096
7823 1096
7824 1096
7825 1096
7826 1096
7827 1096
7828 1096
7829 1096
7830 1097
7831 1097
7832 1097
7833 1097
7834 1097
7835 1097
7836 1097
7837 1096
7838 1096
7839 1096
7840 1096
7841 1096
7842 1097
7843 1097
7844 1097
7845 1097
7846 1097
7847 1097
7848 1097
7849 1097
7850 1097
7851 1097
7852 1097
7853 1097
7854 1098
7855 1098
7856 1098
7857 1098
7858 1098
7859 1098
7860 1098
7861 1098
7862 1098
7863 1098
7864 1098
7865 1098
7866 1098
7867 1099
7868 1099
7869 1099
7870 1099
7871 1099
7872 1099
7873 1099
7874 1099
7875 1099
7876 1099
7877 1099
7878 1099
7879 1099
7880 1099
7881 1099
7882 1099
7883 1099
7884 1099
7885 1099
7886 1099
7887 1099
7888 1099
7889 1099
7890 1099
7891 1099
7892 1099
7893 1100
7894 1100
7895 1100
7896 1100
7897 1100
7898 1100
7899 1100
7900 1100
7901 1084
7902 1084
7903 1084
7904 1084
7905 1085
7906 1085
7907 1085
7908 1085
7909 1085
7910 1085
7911 1085
7912 1085
7913 1085
7914 1085
7915 1085
7916 1085
7917 1086
7918 1086
7919 1086
7920 1086
7921 1086
7922 1086
7923 1086
7924 1086
7925 1086
7926 1086
7927 1086
7928 1086
7929 1086
7930 1087
7931 1104
7932 1108
7933 1108
7934 1109
7935 1109
7936 1108
7937 1108
7938 1108
7939 1108
7940 1111
7941 1111
7942 1112
7943 1115
7944 1115
7945 1116
7946 1116
7947 1116
7948 1116
7949 1116
7950 1116
7951 1116
7952 1116
7953 1116
7954 1119
7955 1119
7956 1120
7957 1120
7958 1120
7959 1120
7960 1120
7961 1120
7962 1120
7963 1120
7964 1120
7965 1123
7966 1123
7967 1124
7968 1124
7969 1121
7970 1120
7971 1120
7972 1120
7973 1120
7974 1120
7975 1123
7976 1123
7977 1124
7978 1124
7979 1124
7980 1125
7981 1126
7982 1126
7983 1126
7984 1126
7985 1127
7986 1127
7987 1128
7988 1128
7989 1128
7990 1128
7991 1127
7992 1127
7993 1127
7994 1127
7995 1135
7996 1135
7997 1137
7998 1137
7999 1137
8000 1137
8001 1125
8002 1125
8003 1127
8004 1127
8005 1127
8006 1127
8007 1128
8008 1128
8009 1128
8010 1128
8011 1128
8012 1128
8013 1128
8014 1134
8015 1135
8016 1135
8017 1135
8018 1135
8019 1135
8020 1135
8021 1135
8022 1135
8023 1138
8024 1137
8025 1137
8026 1137
8027 1138
8028 1138
8029 1138
8030 1138
8031 1138
8032 1139
8033 1139
8034 1139
8035 1139
8036 1139
8037 1139
8038 1161
8039 1161
8040 1161
8041 1161
8042 1161
8043 1161
8044 1161
8045 1161
8046 1161
8047 1161
8048 1162
8049 1162
8050 1162
8051 1162
8052 1162
8053 1162
8054 1162
8055 1162
8056 1162
8057 1162
8058 1162
8059 1162
8060 1163
8061 1163
8062 1163
8063 1163
8064 1163
8065 1163
8066 1163
8067 1162
8068 1162
8069 1162
8070 1162
8071 1162
8072 1162
8073 1163
8074 1163
8075 1163
8076 1163
8077 1163
8078 1163
8079 1163
8080 1163
8081 1163
8082 1163
8083 1163
8084 1163
8085 1164
8086 1164
8087 1164
8088 1164
8089 1164
8090 1164
8091 1164
8092 1165
8093 1165
8094 1165
8095 1165
8096 1165
8097 1165
8098 1165
8099 1165
8100 1165
8101 1152
8102 1153
8103 1153
8104 1153
8105 1153
8106 1153
8107 1153
8108 1153
8109 1153
8110 1153
8111 1153
8112 1153
8113 1153
8114 1153
8115 1154
8116 1154
8117 1154
8118 1153
8119 1153
8120 1153
8121 1153
8122 1153
8123 1153
8124 1153
8125 1153
8126 1153
8127 1154
8128 1154
8129 1154
8130 1154
8131 1154
8132 1154
8133 1154
8134 1154
8135 1154
8136 1154
8137 1154
8138 1154
8139 1155
8140 1155
8141 1155
8142 1155
8143 1155
8144 1155
8145 1155
8146 1155
8147 1155
8148 1155
8149 1155
8150 1155
8151 1155
8152 1156
8153 1156
8154 1156
8155 1156
8156 1156
8157 1156
8158 1156
8159 1156
8160 1156
8161 1155
8162 1155
8163 1155
8164 1156
8165 1156
8166 1156
8167 1156
8168 1156
8169 1156
8170 1156
8171 1156
8172 1156
8173 1156
8174 1156
8175 1156
8176 1156
8177 1157
8178 1157
8179 1157
8180 1157
8181 1157
8182 1157
8183 1157
8184 1157
8185 1157
8186 1157
8187 1157
8188 1157
8189 1158
8190 1158
8191 1158
8192 1158
8193 1158
8194 1158
8195 1158
8196 1158
8197 1158
8198 1158
8199 1158
8200 1158
8201 1146
8202 1146
8203 1146
8204 1146
8205 1146
8206 1146
8207 1146
8208 1146
8209 1146
8210 1146
8211 1146
8212 1146
8213 1146
8214 1147
8215 1147
8216 1144
8217 1144
8218 1144
8219 1144
8220 1144
8221 1144
8222 1144
8223 1145
8224 1145
8225 1144
8226 1144
8227 1144
8228 1144
8229 1144
8230 1144
8231 1144
8232 1144
8233 1144
8234 1144
8235 1145
8236 1145
8237 1145
8238 1145
8239 1145
8240 1145
8241 1145
8242 1145
8243 1145
8244 1145
8245 1145
8246 1145
8247 1146
8248 1146
8249 1146
8250 1146
8251 1146
8252 1146
8253 1146
8254 1146
8255 1146
8256 1146
8257 1146
8258 1146
8259 1146
8260 1147
8261 1147
8262 1147
8263 1147
8264 1147
8265 1147
8266 1146
8267 1146
8268 1146
8269 1146
8270 1146
8271 1146
8272 1147
8273 1147
8274 1147
8275 1147
8276 1147
8277 1147
8278 1147
8279 1147
8280 1147
8281 1147
8282 1147
8283 1147
8284 1148
8285 1148
8286 1148
8287 1148
8288 1148
8289 1148
8290 1148
8291 1148
8292 1148
8293 1148
8294 1148
8295 1148
8296 1148
8297 1149
8298 1149
8299 1149
8300 1149
8301 1136
8302 1136
8303 1136
8304 1136
8305 1136
8306 1136
8307 1136
8308 1136
8309 1136
8310 1137
8311 1137
8312 1137
8313 1137
8314 1137
8315 1137
8316 1137
8317 1137
8318 1137
8319 1137
8320 1137
8321 1137
8322 1138
8323 1138
8324 1138
8325 1138
8326 1138
8327 1138
8328 1138
8329 1137
8330 1137
8331 1137
8332 1137
8333 1137
8334 1138
8335 1138
8336 1138
8337 1138
8338 1138
8339 1138
8340 1138
8341 1138
8342 1138
8343 1138
8344 1138
8345 1138
8346 1138
8347 1139
8348 1139
8349 1139
8350 1139
8351 1139
8352 1139
8353 1139
8354 1139
8355 1139
8356 1139
8357 1139
8358 1139
8359 1139
8360 1140
8361 1140
8362 1140
8363 1140
8364 1140
8365 1140
8366 1140
8367 1140
8368 1140
8369 1140
8370 1140
8371 1140
8372 1141
8373 1141
8374 1141
8375 1140
8376 1140
8377 1140
8378 1140
8379 1140
8380 1140
8381 1140
8382 1140
8383 1140
8384 1140
8385 1141
8386 1140
8387 1140
8388 1140
8389 1140
8390 1140
8391 1140
8392 1140
8393 1140
8394 1140
8395 1140
8396 1141
8397 1141
8398 1141
8399 1141
8400 1141
8401 1129
8402 1129
8403 1129
8404 1128
8405 1128
8406 1128
8407 1128
8408 1128
8409 1129
8410 1129
8411 1129
8412 1129
8413 1129
8414 1129
8415 1129
8416 1129
8417 1129
8418 1129
8419 1129
8420 1130
8421 1130
8422 1130
8423 1130
8424 1130
8425 1130
8426 1130
8427 1130
8428 1130
8429 1130
8430 1130
8431 1130
8432 1130
8433 1131
8434 1131
8435 1131
8436 1131
8437 1131
8438 1131
8439 1131
8440 1131
8441 1131
8442 1131
8443 1131
8444 1131
8445 1132
8446 1131
8447 1130
8448 1130
8449 1130
8450 1130
8451 1130
8452 1130
8453 1130
8454 1130
8455 1130
8456 1130
8457 1130
8458 1131
8459 1131
8460 1131
8461 1131
8462 1131
8463 1131
8464 1131
8465 1131
8466 1131
8467 1131
8468 1131
8469 1131
8470 1132
8471 1132
8472 1132
8473 1131
8474 1131
8475 1131
8476 1131
8477 1131
8478 1131
8479 1131
8480 1131
8481 1131
8482 1131
8483 1132
8484 1132
8485 1132
8486 1132
8487 1132
8488 1132
8489 1132
8490 1132
8491 1132
8492 1132
8493 1132
8494 1132
8495 1133
8496 1133
8497 1133
8498 1133
8499 1133
8500 1133
8501 1116
8502 1116
8503 1116
8504 1116
8505 1116
8506 1116
8507 1117
8508 1117
8509 1117
8510 1117
8511 1117
8512 1117
8513 1117
8514 1117
8515 1117
8516 1117
8517 1117
8518 1117
8519 1118
8520 1118
8521 1118
8522 1118
8523 1118
8524 1118
8525 1118
8526 1118
8527 1118
8528 1118
8529 1118
8530 1118
8531 1119
8532 1119
8533 1119
8534 1119
8535 1119
8536 1119
8537 1119
8538 1119
8539 1119
8540 1119
8541 1118
8542 1118
8543 1119
8544 1119
8545 1119
8546 1119
8547 1119
8548 1119
8549 1119
8550 1119
8551 1119
8552 1119
8553 1119
8554 1119
8555 1119
8556 1119
8557 1119
8558 1119
8559 1119
8560 1119
8561 1119
8562 1119
8563 1119
8564 1119
8565 1119
8566 1119
8567 1119
8568 1120
8569 1120
8570 1120
8571 1120
8572 1120
8573 1120
8574 1120
8575 1120
8576 1120
8577 1120
8578 1120
8579 1121
8580 1121
8581 1121
8582 1121
8583 1121
8584 1121
8585 1121
8586 1121
8587 1121
8588 1121
8589 1121
8590 1121
8591 1121
8592 1122
8593 1122
8594 1122
8595 1122
8596 1122
8597 1122
8598 1122
8599 1121
8600 1121
8601 1109
8602 1109
8603 1109
8604 1110
8605 1110
8606 1110
8607 1110
8608 1110
8609 1111
8610 1111
8611 1111
8612 1111
8613 1111
8614 1111
8615 1111
8616 1111
8617 1111
8618 1111
8619 1111
8620 1111
8621 1112
8622 1111
8623 1111
8624 1111
8625 1111
8626 1111
8627 1111
8628 1111
8629 1111
8630 1111
8631 1111
8632 1111
8633 1112
8634 1112
8635 1112
8636 1112
8637 1112
8638 1112
8639 1112
8640 1112
8641 1112
8642 1112
8643 1112
8644 1112
8645 1113
8646 1113
8647 1113
8648 1113
8649 1113
8650 1113
8651 1113
8652 1113
8653 1113
8654 1113
8655 1113
8656 1113
8657 1114
8658 1114
8659 1114
8660 1114
8661 1114
8662 1114
8663 1114
8664 1114
8665 1114
8666 1114
8667 1113
8668 1113
8669 1114
8670 1114
8671 1114
8672 1114
8673 1114
8674 1114
8675 1114
8676 1114
8677 1114
8678 1114
8679 1115
8680 1115
8681 1115
8682 1115
8683 1115
8684 1115
8685 1115
8686 1115
8687 1115
8688 1115
8689 1115
8690 1115
8691 1116
8692 1116
8693 1116
8694 1116
8695 1116
8696 1116
8697 1116
8698 1116
8699 1116
8700 1116
8701 1103
8702 1103
8703 1104
8704 1104
8705 1107
8706 1107
8707 1107
8708 1107
8709 1107
8710 1107
8711 1108
8712 1108
8713 1108
8714 1108
8715 1108
8716 1108
8717 1107
8718 1107
8719 1107
8720 1107
8721 1107
8722 1107
8723 1108
8724 1108
8725 1108
8726 1108
8727 1108
8728 1108
8729 1108
8730 1108
8731 1108
8732 1108
8733 1108
8734 1108
8735 1109
8736 1109
8737 1109
8738 1109
8739 1109
8740 1109
8741 1109
8742 1109
8743 1109
8744 1109
8745 1109
8746 1109
8747 1110
8748 1110
8749 1110
8750 1110
8751 1110
8752 1110
8753 1110
8754 1110
8755 1110
8756 1110
8757 1110
8758 1110
8759 1111
8760 1110
8761 1110
8762 1110
8763 1110
8764 1110
8765 1110
8766 1110
8767 1110
8768 1110
8769 1110
8770 1110
8771 1111
8772 1111
8773 1111
8774 1111
8775 1111
8776 1111
8777 1111
8778 1111
8779 1111
8780 1111
8781 1111
8782 1111
8783 1112
8784 1112
8785 1112
8786 1112
8787 1112
8788 1112
8789 1112
8790 1112
8791 1112
8792 1112
8793 1112
8794 1112
8795 1112
8796 1113
8797 1113
8798 1113
8799 1113
8800 1113
8801 1046
8802 1046
8803 1046
8804 1046
8805 1046
8806 1046
8807 1046
8808 1047
8809 1047
8810 1047
8811 1047
8812 1047
8813 1047
8814 1047
8815 1047
8816 1047
8817 1047
8818 1047
8819 1047
8820 1047
8821 1047
8822 1047
8823 1047
8824 1047
8825 1047
8826 1047
8827 1047
8828 1048
8829 1048
8830 1048
8831 1031
8832 1031
8833 1031
8834 1031
8835 1031
8836 1031
8837 1031
8838 1031
8839 1031
8840 1031
8841 1032
8842 1032
8843 1032
8844 1032
8845 1032
8846 1032
8847 1032
8848 1032
8849 1031
8850 1031
8851 1031
8852 1031
8853 1031
8854 1032
8855 1032
8856 1032
8857 1032
8858 1032
8859 1032
8860 1032
8861 1032
8862 1032
8863 1032
8864 1032
8865 1032
8866 1033
8867 1033
8868 1033
8869 1033
8870 1033
8871 1033
8872 1033
8873 1033
8874 1033
8875 1033
8876 1033
8877 1033
8878 1034
8879 1034
8880 1034
8881 1034
8882 1034
8883 1034
8884 1034
8885 1033
8886 1033
8887 1033
8888 1033
8889 1033
8890 1033
8891 1034
8892 1034
8893 1034
8894 1034
8895 1034
8896 1034
8897 1034
8898 1034
8899 1034
8900 1034
8901 1021
8902 1021
8903 1021
8904 1022
8905 1022
8906 1022
8907 1022
8908 1022
8909 1022
8910 1022
8911 1022
8912 1022
8913 1022
8914 1021
8915 1021
8916 1022
8917 1022
8918 1022
8919 1022
8920 1022
8921 1022
8922 1022
8923 1022
8924 1022
8925 1022
8926 1022
8927 1022
8928 1022
8929 1023
8930 1023
8931 1023
8932 1023
8933 1023
8934 1023
8935 1023
8936 1023
8937 1023
8938 1023
8939 1023
8940 1023
8941 1023
8942 1024
8943 1024
8944 1024
8945 1024
8946 1024
8947 1024
8948 1024
8949 1024
8950 1024
8951 1024
8952 1023
8953 1023
8954 1023
8955 1024
8956 1024
8957 1024
8958 1024
8959 1024
8960 1024
8961 1024
8962 1024
8963 1024
8964 1024
8965 1024
8966 1024
8967 1024
8968 1025
8969 1025
8970 1025
8971 1025
8972 1025
8973 1025
8974 1025
8975 1025
8976 1025
8977 1025
8978 1025
8979 1025
8980 1026
8981 1026
8982 1026
8983 1026
8984 1026
8985 1026
8986 1026
8987 1026
8988 1026
8989 1026
8990 1026
8991 1026
8992 1026
8993 1026
8994 1026
8995 1026
8996 1026
8997 1026
8998 1026
8999 1026
9000 1026
9001 1013
9002 1013
9003 1013
9004 1013
9005 1014
9006 1014
9007 1014
9008 1014
9009 1014
9010 1014
9011 1014
9012 1014
9013 1014
9014 1014
9015 1014
9016 1015
9017 1015
9018 1015
9019 1015
9020 1015
9021 1015
9022 1015
9023 1015
9024 1015
9025 1014
9026 1014
9027 1015
9028 1015
9029 1015
9030 1015
9031 1015
9032 1015
9033 1015
9034 1015
9035 1015
9036 1015
9037 1015
9038 1016
9039 1016
9040 1016
9041 1016
9042 1016
9043 1016
9044 1016
9045 1016
9046 1016
9047 1016
9048 1016
9049 1016
9050 1017
9051 1017
9052 1017
9053 1017
9054 1017
9055 1017
9056 1017
9057 1017
9058 1017
9059 1017
9060 1017
9061 1018
9062 1018
9063 1018
9064 1018
9065 1017
9066 1017
9067 1017
9068 1017
9069 1017
9070 1017
9071 1017
9072 1018
9073 1018
9074 1018
9075 1018
9076 1018
9077 1018
9078 1018
9079 1018
9080 1018
9081 1018
9082 1018
9083 1019
9084 1019
9085 1019
9086 1019
9087 1019
9088 1019
9089 1019
9090 1019
9091 1019
9092 1019
9093 1019
9094 1019
9095 1020
9096 1020
9097 1020
9098 1020
9099 1020
9100 1020
9101 1006
9102 1006
9103 1006
9104 1006
9105 1006
9106 1005
9107 1006
9108 1006
9109 1006
9110 1006
9111 1006
9112 1006
9113 1006
9114 1006
9115 1006
9116 1006
9117 1006
9118 1007
9119 1007
9120 1007
9121 1007
9122 1007
9123 1007
9124 1007
9125 1007
9126 1007
9127 1007
9128 1007
9129 1007
9130 1008
9131 1008
9132 1008
9133 1008
9134 1008
9135 1008
9136 1008
9137 1008
9138 1008
9139 1008
9140 1008
9141 1008
9142 1009
9143 1009
9144 1009
9145 1009
9146 1009
9147 1009
9148 1008
9149 1008
9150 1008
9151 1008
9152 1008
9153 1009
9154 1009
9155 1009
9156 1009
9157 1009
9158 1009
9159 1009
9160 1009
9161 1010
9162 1010
9163 1010
9164 1010
9165 1010
9166 1010
9167 1010
9168 1010
9169 1010
9170 1011
9171 1011
9172 1011
9173 1015
9174 1015
9175 1015
9176 1015
9177 1015
9178 1015
9179 1015
9180 1015
9181 1015
9182 1016
9183 1016
9184 1016
9185 1016
9186 1016
9187 1016
9188 1016
9189 1016
9190 1016
9191 1016
9192 1016
9193 1016
9194 1016
9195 1016
9196 1016
9197 1016
9198 1016
9199 1016
9200 1016
9201 1001
9202 1001
9203 1001
9204 1001
9205 1001
9206 1002
9207 1002
9208 1002
9209 1002
9210 1002
9211 1002
9212 1002
9213 1002
9214 1002
9215 1002
9216 1002
9217 1002
9218 1002
9219 1003
9220 1003
9221 1003
9222 1003
9223 1003
9224 1003
9225 1003
9226 1003
9227 1003
9228 1003
9229 1003
9230 1003
9231 1003
9232 1004
9233 1004
9234 1004
9235 1004
9236 1004
9237 1003
9238 1003
9239 1003
9240 1003
9241 1003
9242 1003
9243 1003
9244 1004
9245 1004
9246 1004
9247 1004
9248 1004
9249 1004
9250 1004
9251 1004
9252 1004
9253 1004
9254 1004
9255 1004
9256 1005
9257 1005
9258 1005
9259 1005
9260 1005
9261 1005
9262 1005
9263 1005
9264 1005
9265 1005
9266 1005
9267 1005
9268 1006
9269 1006
9270 1006
9271 1006
9272 1006
9273 1006
9274 1006
9275 1006
9276 1006
9277 1006
9278 1006
9279 1006
9280 1007
9281 1006
9282 1006
9283 1006
9284 1006
9285 1006
9286 1006
9287 1006
9288 1006
9289 1006
9290 1006
9291 1006
9292 1007
9293 1007
9294 1007
9295 1007
9296 1007
9297 1007
9298 1007
9299 1007
9300 1007
9301 993
9302 993
9303 993
9304 993
9305 994
9306 994
9307 994
9308 994
9309 994
9310 994
9311 994
9312 994
9313 993
9314 993
9315 993
9316 993
9317 994
9318 994
9319 994
9320 994
9321 994
9322 994
9323 994
9324 994
9325 994
9326 994
9327 994
9328 994
9329 995
9330 995
9331 995
9332 995
9333 995
9334 995
9335 995
9336 995
9337 995
9338 995
9339 995
9340 995
9341 996
9342 996
9343 996
9344 996
9345 996
9346 996
9347 996
9348 996
9349 996
9350 996
9351 996
9352 995
9353 995
9354 996
9355 996
9356 996
9357 996
9358 996
9359 996
9360 996
9361 996
9362 996
9363 996
9364 996
9365 996
9366 997
9367 997
9368 997
9369 997
9370 997
9371 997
9372 997
9373 997
9374 997
9375 997
9376 997
9377 997
9378 997
9379 998
9380 998
9381 998
9382 998
9383 998
9384 998
9385 998
9386 998
9387 998
9388 998
9389 998
9390 998
9391 998
9392 998
9393 998
9394 998
9395 998
9396 998
9397 998
9398 998
9399 998
9400 998
9401 985
9402 985
9403 985
9404 986
9405 986
9406 986
9407 986
9408 986
9409 986
9410 986
9411 986
9412 986
9413 986
9414 986
9415 986
9416 986
9417 987
9418 987
9419 987
9420 987
9421 987
9422 987
9423 987
9424 987
9425 987
9426 987
9427 987
9428 987
9429 987
9430 988
9431 987
9432 987
9433 987
9434 987
9435 987
9436 987
9437 987
9438 987
9439 987
9440 987
9441 987
9442 988
9443 988
9444 988
9445 988
9446 988
9447 988
9448 988
9449 988
9450 988
9451 988
9452 988
9453 988
9454 989
9455 989
9456 989
9457 989
9458 989
9459 989
9460 989
9461 989
9462 989
9463 989
9464 989
9465 989
9466 989
9467 990
9468 990
9469 989
9470 989
9471 989
9472 989
9473 989
9474 989
9475 989
9476 989
9477 989
9478 989
9479 990
9480 990
9481 990
9482 990
9483 990
9484 990
9485 990
9486 990
9487 990
9488 990
9489 990
9490 990
9491 990
9492 991
9493 991
9494 986
9495 986
9496 986
9497 986
9498 986
9499 986
9500 986
9501 973
9502 973
9503 973
9504 974
9505 974
9506 974
9507 974
9508 974
9509 974
9510 974
9511 974
9512 974
9513 974
9514 974
9515 974
9516 974
9517 975
9518 975
9519 975
9520 975
9521 975
9522 975
9523 975
9524 975
9525 975
9526 975
9527 975
9528 975
9529 976
9530 975
9531 975
9532 975
9533 975
9534 975
9535 975
9536 975
9537 975
9538 975
9539 975
9540 975
9541 975
9542 976
9543 976
9544 976
9545 976
9546 976
9547 976
9548 976
9549 976
9550 976
9551 976
9552 976
9553 976
9554 977
9555 977
9556 977
9557 977
9558 977
9559 977
9560 977
9561 977
9562 977
9563 977
9564 977
9565 977
9566 977
9567 978
9568 978
9569 978
9570 978
9571 978
9572 977
9573 977
9574 977
9575 977
9576 977
9577 977
9578 977
9579 977
9580 978
9581 978
9582 978
9583 978
9584 978
9585 978
9586 978
9587 978
9588 978
9589 978
9590 978
9591 978
9592 978
9593 979
9594 979
9595 979
9596 979
9597 979
9598 979
9599 979
9600 979
9601 967
9602 967
9603 966
9604 966
9605 967
9606 967
9607 967
9608 967
9609 967
9610 967
9611 967
9612 967
9613 967
9614 967
9615 967
9616 967
9617 967
9618 968
9619 968
9620 968
9621 968
9622 968
9623 968
9624 968
9625 968
9626 968
9627 968
9628 968
9629 968
9630 968
9631 969
9632 969
9633 969
9634 969
9635 969
9636 969
9637 969
9638 969
9639 969
9640 969
9641 972
9642 972
9643 972
9644 972
9645 974
9646 974
9647 973
9648 973
9649 973
9650 973
9651 973
9652 974
9653 974
9654 974
9655 974
9656 974
9657 974
9658 974
9659 974
9660 974
9661 974
9662 974
9663 974
9664 974
9665 975
9666 975
9667 975
9668 975
9669 975
9670 975
9671 975
9672 975
9673 975
9674 975
9675 975
9676 975
9677 976
9678 976
9679 976
9680 976
9681 976
9682 976
9683 976
9684 976
9685 976
9686 976
9687 976
9688 976
9689 975
9690 976
9691 976
9692 976
9693 976
9694 976
9695 976
9696 976
9697 976
9698 976
9699 976
9700 976
9701 964
9702 968
9703 968
9704 968
9705 968
9706 969
9707 969
9708 969
9709 969
9710 969
9711 969
9712 969
9713 969
9714 969
9715 969
9716 969
9717 969
9718 970
9719 970
9720 970
9721 970
9722 970
9723 970
9724 970
9725 970
9726 970
9727 970
9728 970
9729 970
9730 970
9731 971
9732 971
9733 970
9734 970
9735 970
9736 970
9737 970
9738 970
9739 970
9740 970
9741 970
9742 970
9743 971
9744 971
9745 971
9746 971
9747 971
9748 971
9749 971
9750 971
9751 971
9752 971
9753 971
9754 971
9755 972
9756 972
9757 972
9758 972
9759 972
9760 972
9761 972
9762 968
9763 968
9764 968
9765 968
9766 968
9767 968
9768 969
9769 969
9770 969
9771 969
9772 969
9773 969
9774 969
9775 969
9776 969
9777 969
9778 969
9779 969
9780 969
9781 970
9782 970
9783 970
9784 970
9785 970
9786 970
9787 970
9788 970
9789 970
9790 970
9791 970
9792 970
9793 971
9794 971
9795 971
9796 971
9797 971
9798 971
9799 971
9800 972
9801 959
9802 959
9803 959
9804 959
9805 959
9806 959
9807 959
9808 959
9809 959
9810 959
9811 959
9812 960
9813 960
9814 960
9815 960
9816 960
9817 960
9818 960
9819 960
9820 960
9821 960
9822 960
9823 960
9824 960
9825 960
9826 961
9827 961
9828 961
9829 961
9830 961
9831 961
9832 961
9833 961
9834 960
9835 960
9836 960
9837 960
9838 961
9839 961
9840 961
9841 961
9842 961
9843 961
9844 961
9845 961
9846 961
9847 961
9848 961
9849 961
9850 961
9851 962
9852 962
9853 962
9854 962
9855 962
9856 962
9857 962
9858 962
9859 962
9860 962
9861 962
9862 962
9863 963
9864 963
9865 963
9866 963
9867 963
9868 963
9869 963
9870 963
9871 963
9872 963
9873 963
9874 963
9875 962
9876 963
9877 963
9878 963
9879 963
9880 963
9881 963
9882 963
9883 963
9884 963
9885 963
9886 963
9887 963
9888 963
9889 964
9890 964
9891 964
9892 964
9893 964
9894 964
9895 964
9896 964
9897 964
9898 964
9899 964
9900 964
9901 952
9902 953
9903 953
9904 953
9905 953
9906 953
9907 953
9908 953
9909 953
9910 953
9911 953
9912 953
9913 953
9914 953
9915 954
9916 953
9917 953
9918 953
9919 953
9920 953
9921 953
9922 953
9923 953
9924 953
9925 953
9926 953
9927 953
9928 954
9929 954
9930 954
9931 954
9932 954
9933 954
9934 954
9935 954
9936 954
9937 954
9938 955
9939 955
9940 955
9941 955
9942 955
9943 955
9944 955
9945 955
9946 955
9947 955
9948 956
9949 956
9950 956
9951 956
9952 956
9953 956
9954 956
9955 956
9956 956
9957 956
9958 956
9959 955
9960 955
9961 956
9962 956
9963 956
9964 956
9965 956
9966 956
9967 956
9968 956
9969 956
9970 956
9971 956
9972 956
9973 956
9974 957
9975 957
9976 957
9977 957
9978 957
9979 957
9980 957
9981 957
9982 957
9983 957
9984 957
9985 957
9986 958
9987 958
9988 958
9989 958
9990 958
9991 958
9992 958
9993 958
9994 958
9995 958
9996 958
9997 958
9998 958
9999 959
10000 959
10001 946
10002 946
10003 946
10004 946
10005 946
10006 946
10007 943
10008 943
10009 943
10010 943
10011 943
10012 943
10013 943
10014 943
10015 943
10016 943
10017 943
10018 943
10019 943
10020 943
10021 943
10022 943
10023 943
10024 944
10025 944
10026 944
10027 944
10028 944
10029 944
10030 944
10031 944
10032 944
10033 944
10034 944
10035 944
10036 944
10037 945
10038 945
10039 945
10040 945
10041 945
10042 945
10043 945
10044 945
10045 945
10046 945
10047 945
10048 945
10049 945
10050 946
10051 946
10052 946
10053 946
10054 945
10055 945
10056 945
10057 945
10058 945
10059 945
10060 945
10061 945
10062 946
10063 946
10064 946
10065 946
10066 946
10067 946
10068 946
10069 946
10070 946
10071 946
10072 946
10073 946
10074 946
10075 946
10076 947
10077 947
10078 947
10079 947
10080 947
10081 947
10082 947
10083 947
10084 947
10085 947
10086 947
10087 947
10088 948
10089 948
10090 948
10091 948
10092 948
10093 948
10094 948
10095 948
10096 948
10097 948
10098 948
10099 947
10100 947
10101 936
10102 936
10103 936
10104 936
10105 936
10106 936
10107 936
10108 936
10109 936
10110 936
10111 936
10112 935
10113 935
10114 936
10115 936
10116 936
10117 936
10118 936
10119 936
10120 936
10121 936
10122 936
10123 936
10124 936
10125 936
10126 936
10127 937
10128 937
10129 937
10130 937
10131 937
10132 937
10133 937
10134 937
10135 937
10136 937
10137 937
10138 937
10139 938
10140 938
10141 938
10142 938
10143 938
10144 938
10145 938
10146 938
10147 938
10148 938
10149 938
10150 939
10151 939
10152 939
10153 939
10154 939
10155 939
10156 938
10157 938
10158 938
10159 938
10160 938
10161 938
10162 939
10163 939
10164 939
10165 939
10166 939
10167 939
10168 939
10169 939
10170 939
10171 939
10172 939
10173 939
10174 940
10175 940
10176 940
10177 940
10178 940
10179 940
10180 940
10181 940
10182 940
10183 940
10184 940
10185 941
10186 941
10187 941
10188 941
10189 941
10190 941
10191 940
10192 940
10193 940
10194 940
10195 940
10196 940
10197 941
10198 941
10199 941
10200 941
10201 929
10202 929
10203 929
10204 929
10205 929
10206 929
10207 929
10208 929
10209 930
10210 930
10211 930
10212 930
10213 930
10214 930
10215 930
10216 930
10217 934
10218 934
10219 934
10220 934
10221 934
10222 934
10223 934
10224 934
10225 935
10226 934
10227 934
10228 934
10229 934
10230 934
10231 934
10232 934
10233 934
10234 934
10235 934
10236 934
10237 935
10238 935
10239 935
10240 935
10241 935
10242 935
10243 935
10244 935
10245 935
10246 935
10247 935
10248 935
10249 936
10250 936
10251 936
10252 936
10253 936
10254 936
10255 936
10256 936
10257 936
10258 936
10259 936
10260 936
10261 937
10262 937
10263 937
10264 937
10265 937
10266 937
10267 937
10268 937
10269 936
10270 936
10271 936
10272 936
10273 936
10274 937
10275 937
10276 937
10277 937
10278 937
10279 937
10280 937
10281 937
10282 937
10283 937
10284 937
10285 937
10286 938
10287 938
10288 938
10289 938
10290 938
10291 938
10292 938
10293 938
10294 938
10295 938
10296 938
10297 938
10298 938
10299 939
10300 939
10301 923
10302 923
10303 923
10304 923
10305 923
10306 923
10307 923
10308 923
10309 923
10310 923
10311 923
10312 924
10313 924
10314 924
10315 924
10316 924
10317 924
10318 924
10319 924
10320 924
10321 924
10322 924
10323 924
10324 925
10325 925
10326 924
10327 924
10328 924
10329 924
10330 924
10331 924
10332 924
10333 924
10334 924
10335 924
10336 925
10337 925
10338 925
10339 925
10340 925
10341 925
10342 925
10343 925
10344 925
10345 925
10346 925
10347 925
10348 926
10349 926
10350 926
10351 926
10352 926
10353 926
10354 926
10355 926
10356 926
10357 926
10358 926
10359 926
10360 927
10361 927
10362 927
10363 927
10364 927
10365 927
10366 927
10367 927
10368 927
10369 927
10370 926
10371 926
10372 927
10373 927
10374 927
10375 927
10376 927
10377 927
10378 927
10379 927
10380 927
10381 927
10382 927
10383 928
10384 928
10385 928
10386 928
10387 928
10388 928
10389 928
10390 928
10391 928
10392 928
10393 928
10394 928
10395 928
10396 929
10397 929
10398 929
10399 929
10400 929
10401 917
10402 917
10403 917
10404 917
10405 917
10406 917
10407 917
10408 918
10409 918
10410 917
10411 917
10412 917
10413 917
10414 917
10415 917
10416 917
10417 917
10418 917
10419 917
10420 917
10421 918
10422 918
10423 918
10424 918
10425 918
10426 918
10427 918
10428 918
10429 918
10430 918
10431 918
10432 918
10433 919
10434 919
10435 919
10436 919
10437 919
10438 920
10439 920
10440 920
10441 920
10442 920
10443 920
10444 920
10445 920
10446 920
10447 920
10448 920
10449 920
10450 921
10451 921
10452 921
10453 921
10454 921
10455 920
10456 920
10457 920
10458 920
10459 920
10460 920
10461 920
10462 920
10463 921
10464 921
10465 921
10466 921
10467 921
10468 921
10469 921
10470 921
10471 921
10472 921
10473 921
10474 921
10475 922
10476 922
10477 922
10478 922
10479 922
10480 922
10481 922
10482 922
10483 922
10484 922
10485 922
10486 922
10487 923
10488 923
10489 923
10490 923
10491 923
10492 923
10493 923
10494 923
10495 923
10496 923
10497 923
10498 922
10499 922
10500 923
10501 911
10502 911
10503 911
10504 911
10505 911
10506 911
10507 911
10508 911
10509 911
10510 911
10511 911
10512 912
10513 912
10514 912
10515 912
10516 912
10517 912
10518 912
10519 912
10520 912
10521 912
10522 912
10523 912
10524 913
10525 913
10526 913
10527 913
10528 913
10529 913
10530 913
10531 912
10532 912
10533 912
10534 912
10535 912
10536 912
10537 913
10538 913
10539 913
10540 913
10541 913
10542 913
10543 913
10544 913
10545 913
10546 913
10547 913
10548 913
10549 914
10550 914
10551 914
10552 914
10553 914
10554 914
10555 914
10556 914
10557 914
10558 914
10559 914
10560 914
10561 914
10562 915
10563 915
10564 915
10565 915
10566 915
10567 915
10568 915
10569 915
10570 915
10571 915
10572 915
10573 915
10574 915
10575 915
10576 915
10577 915
10578 915
10579 915
10580 915
10581 915
10582 915
10583 915
10584 915
10585 915
10586 915
10587 916
10588 916
10589 916
10590 916
10591 916
10592 916
10593 916
10594 916
10595 916
10596 916
10597 916
10598 916
10599 917
10600 917
10601 901
10602 901
10603 901
10604 901
10605 901
10606 901
10607 901
10608 901
10609 901
10610 901
10611 901
10612 902
10613 902
10614 902
10615 902
10616 902
10617 902
10618 902
10619 902
10620 902
10621 902
10622 902
10623 902
10624 903
10625 903
10626 903
10627 903
10628 903
10629 903
10630 903
10631 903
10632 903
10633 903
10634 903
10635 903
10636 904
10637 904
10638 903
10639 903
10640 903
10641 903
10642 903
10643 903
10644 903
10645 903
10646 903
10647 903
10648 903
10649 904
10650 904
10651 904
10652 904
10653 904
10654 904
10655 904
10656 904
10657 904
10658 904
10659 904
10660 904
10661 904
10662 905
10663 905
10664 905
10665 905
10666 905
10667 905
10668 905
10669 905
10670 905
10671 905
10672 905
10673 905
10674 906
10675 906
10676 906
10677 906
10678 906
10679 906
10680 906
10681 905
10682 905
10683 905
10684 905
10685 905
10686 906
10687 906
10688 906
10689 906
10690 906
10691 906
10692 906
10693 906
10694 906
10695 906
10696 906
10697 906
10698 907
10699 907
10700 907
10701 895
10702 895
10703 895
10704 895
10705 895
10706 895
10707 895
10708 895
10709 895
10710 895
10711 896
10712 896
10713 896
10714 896
10715 896
10716 896
10717 895
10718 895
10719 895
10720 895
10721 895
10722 895
10723 896
10724 896
10725 896
10726 896
10727 896
10728 896
10729 896
10730 896
10731 896
10732 896
10733 896
10734 896
10735 896
10736 897
10737 897
10738 897
10739 900
10740 900
10741 901
10742 901
10743 901
10744 901
10745 901
10746 901
10747 901
10748 901
10749 901
10750 901
10751 901
10752 901
10753 902
10754 902
10755 902
10756 902
10757 902
10758 902
10759 901
10760 901
10761 901
10762 901
10763 901
10764 901
10765 902
10766 902
10767 902
10768 902
10769 902
10770 902
10771 902
10772 902
10773 902
10774 902
10775 902
10776 902
10777 902
10778 903
10779 903
10780 903
10781 903
10782 903
10783 903
10784 903
10785 903
10786 903
10787 903
10788 903
10789 903
10790 903
10791 904
10792 904
10793 904
10794 904
10795 904
10796 904
10797 904
10798 904
10799 904
10800 904
10801 891
10802 891
10803 892
10804 892
10805 892
10806 892
10807 892
10808 892
10809 892
10810 892
10811 892
10812 892
10813 892
10814 891
10815 891
10816 892
10817 892
10818 892
10819 892
10820 892
10821 892
10822 892
10823 892
10824 892
10825 892
10826 892
10827 892
10828 892
10829 893
10830 893
10831 893
10832 893
10833 893
10834 893
10835 893
10836 893
10837 893
10838 893
10839 893
10840 893
10841 893
10842 894
10843 894
10844 894
10845 894
10846 894
10847 894
10848 894
10849 894
10850 894
10851 894
10852 895
10853 895
10854 894
10855 894
10856 894
10857 894
10858 894
10859 894
10860 894
10861 894
10862 894
10863 894
10864 894
10865 895
10866 895
10867 895
10868 895
10869 895
10870 895
10871 895
10872 895
10873 895
10874 895
10875 891
10876 891
10877 892
10878 892
10879 892
10880 892
10881 892
10882 892
10883 892
10884 892
10885 892
10886 892
10887 892
10888 892
10889 893
10890 893
10891 893
10892 893
10893 893
10894 893
10895 893
10896 893
10897 893
10898 893
10899 893
10900 893
10901 880
10902 881
10903 881
10904 881
10905 881
10906 881
10907 881
10908 881
10909 881
10910 881
10911 881
10912 881
10913 881
10914 881
10915 882
10916 882
10917 882
10918 882
10919 882
10920 882
10921 882
10922 882
10923 882
10924 882
10925 882
10926 882
10927 883
10928 883
10929 883
10930 882
10931 882
10932 882
10933 882
10934 882
10935 882
10936 882
10937 882
10938 882
10939 883
10940 883
10941 883
10942 883
10943 883
10944 883
10945 883
10946 883
10947 883
10948 883
10949 883
10950 883
10951 883
10952 884
10953 884
10954 884
10955 884
10956 884
10957 884
10958 884
10959 884
10960 884
10961 884
10962 884
10963 884
10964 884
10965 885
10966 885
10967 885
10968 885
10969 885
10970 885
10971 885
10972 885
10973 884
10974 884
10975 884
10976 884
10977 885
10978 885
10979 885
10980 885
10981 885
10982 885
10983 885
10984 885
10985 885
10986 885
10987 885
10988 885
10989 886
10990 886
10991 886
10992 886
10993 886
10994 886
10995 886
10996 886
10997 886
10998 886
10999 886
11000 886
